db connected
[0mPOST /login/getKey?email=sambatharjunan%40gmail.com [32m200 [0m788.342 ms - 133[0m
[0mPOST /login?email=sambatharjunan%40gmail.com&password=9790979908 [32m200 [0m36.855 ms - 168[0m
output generated
[0mGET /eightbasics/getInfoList [32m200 [0m406.724 ms - 25868[0m
output generated
[0mGET /profile/profileid?name=Khannn+Sir [32m200 [0m199.512 ms - 26[0m
[0mGET /details/detailList?name=Khannn+Sir [32m200 [0m309.090 ms - 26[0m
output generated
output generated
[0mGET /profile/profileid?name=Khannn+Sir [32m200 [0m3.129 ms - 26[0m
output generated
[0mGET /profile/profileid?name=Khannn+Sir [32m200 [0m4.271 ms - 26[0m
output generated
[0mPOST /details/insertdetails [32m200 [0m143.280 ms - 8[0m
[0mGET /profile/profileid?name=Khannn+Sir [32m200 [0m92.554 ms - 26[0m
output generated
[0mGET /profile/profileid?name=Khannn+Sir [32m200 [0m3.137 ms - 26[0m
output generated
[0mGET /details/detailList?name=Khannn+Sir [32m200 [0m3.286 ms - 142[0m
output generated
[0mPOST /relationship [32m200 [0m2.042 ms - -[0m
[0mGET /eightbasics/getInfoList [32m200 [0m37.891 ms - 25868[0m
output generated
600428
[0mDELETE /eightbasics/600428/delete [32m200 [0m1.488 ms - -[0m
[0mPOST /relationship [32m200 [0m5.908 ms - -[0m
[0mGET /eightbasics/getInfoList [32m200 [0m126.628 ms - 25458[0m
output generated
[0mGET /details/detailList?name=Krithika+Pidips+Hostel+Gunduu [32m200 [0m3.752 ms - 26[0m
output generated
[0mGET /profile/profileid?name=Krithika+Pidips+Hostel+Gunduu [32m200 [0m55.876 ms - 26[0m
output generated
[0mGET /relationship [32m200 [0m2229.473 ms - 26[0m
output generated
[0mGET /profile/profileid?name=Krithika+Pidips+Hostel+Gunduu [32m200 [0m3.127 ms - 26[0m
output generated
[0mGET /profile/profileid?name=Krithika+Pidips+Hostel+Gunduu [32m200 [0m2.803 ms - 26[0m
output generated
[0mGET /profile/profileid?name=Krithika+Pidips+Hostel+Gunduu [32m200 [0m2.784 ms - 26[0m
output generated
[0mPOST /details/insertdetails [32m200 [0m1.302 ms - 8[0m
[0mGET /profile/profileid?name=Krithika+Pidips+Hostel+Gunduu [32m200 [0m2.922 ms - 26[0m
output generated
[0mGET / [32m200 [0m35.665 ms - 1087[0m
[0mGET / [32m200 [0m24.544 ms - 1087[0m
[0mGET / [32m200 [0m6.062 ms - 1087[0m
[0mGET /profile/profileid?name=Kula+Vicky+Scl+Kings [32m200 [0m104.676 ms - 26[0m
[0mGET /details/detailList?name=Kula+Vicky+Scl+Kings [32m200 [0m117.641 ms - 26[0m
[0mGET /profile/profileid?name=Kula+Vicky+Scl+Kings [32m200 [0m119.394 ms - 26[0m
output generated
output generated
output generated
[0mGET /profile/profileid?name=Kula+Vicky+Scl+Kings [32m200 [0m27.270 ms - 26[0m
output generated
[0mGET /profile/profileid?name=Kula+Vicky+Scl+Kings [32m200 [0m2.943 ms - 26[0m
output generated
[0mPOST /details/insertdetails [32m200 [0m47.703 ms - 8[0m
[0mGET /profile/profileid?name=Kula+Vicky+Scl+Kings [32m200 [0m3.177 ms - 26[0m
output generated
[0mPOST /relationship [32m200 [0m56.760 ms - -[0m
[0mGET /eightbasics/getInfoList [32m200 [0m123.133 ms - 25458[0m
output generated
[0mGET /relationship [32m200 [0m2023.034 ms - 26[0m
output generated
[0mGET /profile/profileid?name=Avinashh+Eee [32m200 [0m61.300 ms - 26[0m
output generated
[0mGET /details/detailList?name=Avinashh+Eee [32m200 [0m3.675 ms - 203[0m
output generated
[0mGET /details/detailList?name=Avinashh+Eee [32m200 [0m3.865 ms - 203[0m
[0mGET /profile/profileid?name=Avinashh+Eee [32m200 [0m4.225 ms - 26[0m
output generated
output generated
[0mGET /profile/profileid?name=Avinashh+Eee [32m200 [0m10.359 ms - 26[0m
output generated
[0mGET /profile/profileid?name=Avinashh+Eee [32m200 [0m3.085 ms - 26[0m
output generated
[0mGET /profile/profileid?name=Avinashh+Eee [32m200 [0m2.871 ms - 26[0m
output generated
[0mPOST /details/insertdetails [32m200 [0m1.685 ms - 8[0m
[0mGET /profile/profileid?name=Avinashh+Eee [32m200 [0m3.978 ms - 26[0m
output generated
[0mGET /details/detailList?name=Jagadesh%3F+sit+eee [32m200 [0m62.876 ms - 26[0m
[0mGET /profile/profileid?name=Jagadesh%3F+sit+eee [32m200 [0m65.466 ms - 26[0m
output generated
output generated
[0mGET / [32m200 [0m30.011 ms - 1087[0m
[0mGET /details/detailList?name=Jagadesh%3F+sit+eee [32m200 [0m4.981 ms - 26[0m
[0mGET /profile/profileid?name=Jagadesh%3F+sit+eee [32m200 [0m5.299 ms - 26[0m
output generated
output generated
[0mGET /profile/profileid?name=Jagadesh%3F+sit+eee [32m200 [0m3.179 ms - 26[0m
output generated
[0mGET /profile/profileid?name=Jagadesh%3F+sit+eee [32m200 [0m2.960 ms - 26[0m
output generated
[0mGET /profile/profileid?name=Jagadesh%3F+sit+eee [32m200 [0m2.863 ms - 26[0m
output generated
[0mPOST /details/insertdetails [32m200 [0m1.368 ms - 8[0m
[0mGET /profile/profileid?name=Jagadesh%3F+sit+eee [32m200 [0m2.765 ms - 26[0m
output generated
[0mPOST /relationship [32m200 [0m1.607 ms - -[0m
[0mGET /eightbasics/getInfoList [32m200 [0m15.521 ms - 25458[0m
output generated
[0mGET /relationship [32m200 [0m1887.807 ms - 26[0m
output generated
[0mGET /details/detailList?name=Jayaprakash+Kct+Coambator [32m200 [0m3.430 ms - 26[0m
output generated
[0mGET /profile/profileid?name=Jayaprakash+Kct+Coambator [32m200 [0m80.338 ms - 26[0m
output generated
[0mGET /goal?goaltype=1 [32m200 [0m1460.169 ms - 271[0m
output generated
[0mPOST /relationship [32m200 [0m2.243 ms - -[0m
[0mGET /relationship [32m200 [0m2646.738 ms - 26[0m
output generated
[0mGET /eightbasics/getInfoList [32m200 [0m12.041 ms - 25237[0m
output generated
[0mGET /goal?goaltype=1 [32m200 [0m98.055 ms - 271[0m
output generated
[0mGET /goal?goaltype=0 [32m200 [0m95.766 ms - 26[0m
output generated
62020-09-272020-09-29
[0mGET /getTimingDetails?category=6&from=2020-09-27&to=2020-09-29 [32m200 [0m141.405 ms - 447[0m
output generated
[0mGET /goal?goaltype=1 [32m200 [0m95.640 ms - 271[0m
output generated
{
  id: null,
  feeling: 'new feeling',
  knowledge: ' be active and grow . hold the hands of my uplines',
  activity: '2 info.',
  nextdayplan: 'kyc thanigai . upline call . activity meeting thanigai . plan lineup',
  goal: '15 uv books complete pananum',
  nextdream: 'KTM BIKE 14/12/2020',
  time: null
}
[0mPOST /one108 [32m200 [0m81.091 ms - -[0m
[0mGET /goal?goaltype=1 [32m200 [0m100.093 ms - 271[0m
output generated
[0mGET /goal?goaltype=0 [32m200 [0m98.525 ms - 26[0m
output generated
enter
