db connected
[0mPOST /relationship [32m200 [0m108.639 ms - -[0m
[0mGET /eightbasics/getInfoList [32m200 [0m13.224 ms - 1053[0m
output generated
[0mGET /goal?goaltype=1 [32m200 [0m185.438 ms - 283[0m
output generated
[0mGET /goal?goaltype=0 [32m200 [0m96.752 ms - 26[0m
output generated
[0mGET /eightbasics/getInfoList [32m200 [0m4.323 ms - 1053[0m
output generated
[0mGET /eightbasics/getInwaitList [32m200 [0m8.441 ms - 4255[0m
output generated
[0mGET /eightbasics/getPlanList [32m200 [0m5.596 ms - 829[0m
output generated
[0mGET /eightbasics/getInwaitList [32m200 [0m7.784 ms - 4255[0m
output generated
[0mPUT /eightbasics?type=4&percentage=80 [32m200 [0m2.192 ms - -[0m
[0mPUT /eightbasics?type=4&percentage=80 [32m200 [0m1.337 ms - -[0m
[0mGET /eightbasics/getCloserList [32m200 [0m6.720 ms - 837[0m
output generated
[0mPUT /eightbasics?type=6&percentage=100 [32m200 [0m1.899 ms - -[0m
[0mPUT /eightbasics?type=6&percentage=100 [32m200 [0m1.470 ms - -[0m
[0mPOST /relationship [32m200 [0m2.331 ms - -[0m
[0mGET /goal?goaltype=1 [32m200 [0m168.458 ms - 283[0m
output generated
[0mGET /goal?goaltype=0 [32m200 [0m98.345 ms - 26[0m
output generated
[0mGET /eightbasics/getInfoList [32m200 [0m3.831 ms - 1053[0m
output generated
[0mGET /eightbasics/getCloserList [32m200 [0m4.191 ms - 634[0m
[0mGET /eightbasics/getDrList [32m200 [0m6.400 ms - 236[0m
output generated
output generated
[0mGET /eightbasics/getCloserList [32m200 [0m3.183 ms - 634[0m
output generated
[0mGET /eightbasics/getDrList [0m- [0m- ms - -[0m
[0mGET /eightbasics/getCloserList [32m200 [0m3.913 ms - 634[0m
output generated
[0mPUT /eightbasics?type=6&percentage=100 [32m200 [0m1.227 ms - -[0m
[0mPOST /relationship [32m200 [0m1.330 ms - -[0m
[0mGET /relationship [32m200 [0m7.425 ms - 26[0m
output generated
[0mGET /eightbasics/getInfoList [32m200 [0m3.754 ms - 1257[0m
output generated
[0mGET /eightbasics/getCloserList [32m200 [0m3.840 ms - 431[0m
output generated
[0mGET /eightbasics/getDrList [32m200 [0m6.134 ms - 236[0m
output generated
[0mGET /eightbasics/getCloserList [32m200 [0m3.093 ms - 431[0m
output generated
[0mGET /eightbasics/getPlanList [32m200 [0m3.589 ms - 626[0m
output generated
[0mGET /eightbasics/getCloserList [32m200 [0m3.113 ms - 431[0m
output generated
[0mGET /eightbasics/getCloserList [32m200 [0m3.080 ms - 431[0m
output generated
[0mGET /eightbasics/getInwaitList [32m200 [0m8.169 ms - 4255[0m
output generated
[0mPOST /login/getKey?email=sambatharjunan%40gmail.com [32m200 [0m1414.985 ms - 133[0m
[0mPOST /login/getKey?email=sambatharjunan%40gmail.com [32m200 [0m685.473 ms - 133[0m
[0mPOST /login?email=sambatharjunan%40gmail.com&password=9790979908 [32m200 [0m145.269 ms - 168[0m
output generated
[0mGET /eightbasics/getInfoList [32m200 [0m203.184 ms - 1257[0m
output generated
[0mPUT /eightbasics?type=2&percentage=40 [32m200 [0m36.285 ms - -[0m
[0mPOST /relationship [32m200 [0m2.184 ms - -[0m
[0mGET /relationship [32m200 [0m959.428 ms - 26[0m
output generated
[0mGET /eightbasics/getInfoList [32m200 [0m36.977 ms - 1053[0m
output generated
[0mGET /eightbasics/getInwaitList [32m200 [0m4.928 ms - 4458[0m
output generated
[0mPUT /eightbasics?type=3&percentage=60 [32m200 [0m43.787 ms - -[0m
[0mGET /eightbasics/getPlanList [32m200 [0m7.072 ms - 829[0m
output generated
[0mPUT /eightbasics?type=4&percentage=80 [32m200 [0m11.951 ms - -[0m
[0mGET /eightbasics/getCloserList [32m200 [0m4.330 ms - 634[0m
output generated
[0mGET /goal?goaltype=1 [32m200 [0m1860.318 ms - 283[0m
output generated
[0mGET /goal?goaltype=0 [32m200 [0m97.350 ms - 26[0m
output generated
12020-02-012020-10-10
[0mGET /getTimingDetails?category=1&from=2020-02-01&to=2020-10-10 [32m200 [0m253.989 ms - 6636[0m
output generated
[0mGET /goal?goaltype=1 [32m200 [0m125.773 ms - 283[0m
output generated
[0mPOST /login/getKey?email=sambatharjunan%40gmail.com [32m200 [0m27.634 ms - 133[0m
[0mPOST /login?email=sambatharjunan%40gmail.com&password=9790979908 [32m200 [0m2.609 ms - 168[0m
output generated
[0mGET /eightbasics/getInfoList [32m200 [0m14.465 ms - 1256[0m
output generated
[0mGET /profile/profileid?name=Abishek+Scl+10th [32m200 [0m277.341 ms - 26[0m
output generated
[0mGET /details/detailList?name=Abishek+Scl+10th [32m200 [0m339.546 ms - 143[0m
output generated
[0mGET /eightbasics/getInwaitList [32m200 [0m61.640 ms - 4255[0m
output generated
[0mGET /eightbasics/getPlanList [32m200 [0m3.104 ms - 626[0m
output generated
[0mGET /eightbasics/getCloserList [32m200 [0m2.982 ms - 431[0m
output generated
[0mGET /eightbasics/getDrList [32m200 [0m3.559 ms - 236[0m
output generated
[0mGET /goal?goaltype=1 [32m200 [0m130.573 ms - 283[0m
output generated
[0mGET /goal?goaltype=0 [32m200 [0m111.635 ms - 26[0m
output generated
12020-05-012020-10-10
[0mGET /getTimingDetails?category=1&from=2020-05-01&to=2020-10-10 [32m200 [0m57.520 ms - 6636[0m
output generated
[0mGET /goal?goaltype=1 [32m200 [0m152.680 ms - 283[0m
output generated
22020-05-012020-10-10
[0mGET /getTimingDetails?category=2&from=2020-05-01&to=2020-10-10 [32m200 [0m42.510 ms - 4053[0m
output generated
32020-05-012020-10-10
[0mGET /getTimingDetails?category=3&from=2020-05-01&to=2020-10-10 [32m200 [0m4.051 ms - 828[0m
output generated
42020-05-012020-10-10
[0mGET /getTimingDetails?category=4&from=2020-05-01&to=2020-10-10 [32m200 [0m4.132 ms - 1845[0m
output generated
[0mGET /profile/profileid?name=Thanigai [32m200 [0m3.322 ms - 208[0m
output generated
[0mGET /details/detailList?name=Thanigai [32m200 [0m3.328 ms - 26[0m
output generated
[0mGET /profile/profileid?name=Thanigai [32m200 [0m21.971 ms - 208[0m
output generated
