db connected
[0mPOST /login/getKey?email=sambatharjunan%40gmail.com [32m200 [0m84.885 ms - 133[0m
[0mPOST /login?email=sambatharjunan%40gmail.com&password=9790979908 [32m200 [0m6.071 ms - 168[0m
output generated
[0mGET /eightbasics/getInfoList [32m200 [0m22.804 ms - 25237[0m
output generated
[0mPOST /login?email=sambatharjunan%40gmail.com&password=9790979908 [32m200 [0m2.890 ms - 168[0m
output generated
[0mPOST /login/getKey?email=sambatharjunan%40gmail.com [32m200 [0m1404.967 ms - 133[0m
[0mPOST /login/getKey?email=sambatharjunan%40gmail.com [32m200 [0m824.795 ms - 133[0m
[0mPOST /login?email=sambatharjunan%40gmail.com&password=9790979908 [32m200 [0m416.770 ms - 168[0m
output generated
[0mGET /eightbasics/getInfoList [32m200 [0m332.699 ms - 25237[0m
output generated
[0mGET /profile/profileid?name=Jafer+Amazon+Ass+Frnd [32m200 [0m1012.639 ms - 26[0m
output generated
[0mGET /profile/profileid?name=Jafer+Amazon+Ass+Frnd [32m200 [0m44.128 ms - 26[0m
output generated
[0mGET /profile/profileid?name=Jafer+Amazon+Ass+Frnd [32m200 [0m48.624 ms - 26[0m
output generated
[0mGET /details/detailList?name=Jafer+Amazon+Ass+Frnd [32m200 [0m157.349 ms - 26[0m
output generated
[0mGET /profile/profileid?name=Jafer+Amazon+Ass+Frnd [32m200 [0m3.806 ms - 26[0m
output generated
[0mPOST /details/insertdetails [32m200 [0m1508.488 ms - 8[0m
[0mGET /profile/profileid?name=Jafer+Amazon+Ass+Frnd [32m200 [0m2.828 ms - 26[0m
output generated
[0mPOST /relationship [32m200 [0m30.852 ms - -[0m
[0mGET /eightbasics/getInfoList [32m200 [0m22.073 ms - 25237[0m
output generated
[0mGET /relationship [32m200 [0m2883.059 ms - 26[0m
output generated
[0mPOST /relationship [32m200 [0m3.876 ms - -[0m
[0mGET /relationship [32m200 [0m3158.794 ms - 26[0m
output generated
[0mGET /eightbasics/getInfoList [32m200 [0m14.434 ms - 24818[0m
output generated
