db connected
[0mPOST /login/getKey [32m200 [0m130.837 ms - 26[0m
[0mPOST /login [32m200 [0m40.589 ms - 26[0m
output generated
[0mPOST /login/getKey?email=sambatharjunan%40gmail.com [32m200 [0m2.893 ms - 133[0m
[0mPOST /login/getKey?email=sambatharjunan%40gmail.com [32m200 [0m2.269 ms - 133[0m
[0mPOST /login?email=sambatharjunan%40gmail.com&password=9790979908 [32m200 [0m10.425 ms - 168[0m
output generated
[0mGET /eightbasics/getInfoList [32m200 [0m14.549 ms - 6595[0m
output generated
[0mGET /eightbasics/getInwaitList [32m200 [0m868.592 ms - 2481[0m
output generated
[0mGET /eightbasics/getPlanList [32m200 [0m10.564 ms - 432[0m
output generated
[0mGET /eightbasics/getCloserList [32m200 [0m4.111 ms - 26[0m
output generated
[0mGET /eightbasics/getDrList [32m200 [0m6.671 ms - 231[0m
output generated
[0mPOST /relationship [32m200 [0m51.805 ms - -[0m
[0mGET /relationship [32m200 [0m73.843 ms - 26[0m
output generated
[0mGET /eightbasics/getRejectedList [32m200 [0m9.351 ms - 3871[0m
output generated
[0mGET /calllog [32m200 [0m27.620 ms - 23112[0m
output generated
[0mGET /getTrackingList [32m200 [0m300.088 ms - 8820[0m
output generated
[0mGET /eightbasics/getInfoList [32m200 [0m13.639 ms - 6595[0m
output generated
[0mGET /details/detailList?name=Asswanth [32m200 [0m93.757 ms - 26[0m
output generated
[0mGET /profile/profileid?name=Asswanth [32m200 [0m147.100 ms - 26[0m
output generated
[0mGET /profile/profileid?name=Ashiqe [32m200 [0m3.789 ms - 197[0m
[0mGET /details/detailList?name=Ashiqe [32m200 [0m5.440 ms - 499[0m
output generated
output generated
[0mGET /profile/profileid?name=Ashiqe [32m200 [0m4.761 ms - 197[0m
output generated
[0mGET /profile/profileid?name=Ashiqe [32m200 [0m6.187 ms - 197[0m
output generated
[0mGET /profile/profileid?name=Ashiqe [32m200 [0m3.745 ms - 197[0m
output generated
[0mGET /profile/profileid?name=Ashiqe [32m200 [0m3.771 ms - 197[0m
output generated
[0mGET /profile/profileid?name=Ashiqe [32m200 [0m6.391 ms - 197[0m
output generated
[0mGET /profile/profileid?name=Ashiqe [32m200 [0m8.753 ms - 197[0m
output generated
[0mGET /profile/profileid?name=Ashiqe [32m200 [0m6.207 ms - 197[0m
output generated
[0mGET /profile/profileid?name=Ashiqe [32m200 [0m3.879 ms - 197[0m
output generated
[0mGET /profile/profileid?name=Ashiqe [32m200 [0m6.461 ms - 197[0m
output generated
