db connected
[0mPOST /login/getKey?email=sambatharjunan%40gmail.com [32m200 [0m2783.848 ms - 133[0m
[0mPOST /login/getKey?email=sambatharjunan%40gmail.com [32m200 [0m24.182 ms - 133[0m
[0mPOST /login?email=sambatharjunan%40gmail.com&password=9790979908 [32m200 [0m512.998 ms - 168[0m
output generated
[0mGET /eightbasics/getInfoList [32m200 [0m909.506 ms - 6595[0m
output generated
[0mGET /details/detailList?name=Avinashh+Eee [32m200 [0m404.416 ms - 324[0m
output generated
[0mGET /profile/profileid?name=Avinashh+Eee [32m200 [0m570.717 ms - 26[0m
output generated
[0mGET /allcontacts [32m200 [0m457.804 ms - 77816[0m
output generated
{
  id: null,
  idUser: '14673',
  name: 'Balameena',
  initial: 'B',
  phone: '+919940446361',
  email: 'sam@gmail.com',
  info: 1,
  inwait: 0,
  plan: 0,
  closer: 0,
  rejected: 0,
  dr: null,
  time: null,
  percentage: '30'
}
[0mPOST /eightbasics [32m200 [0m647.270 ms - -[0m
{
  id: null,
  idUser: '14169',
  name: 'Bharathi It Secretory',
  initial: 'B',
  phone: '+917016806410',
  email: 'sam@gmail.com',
  info: 1,
  inwait: 0,
  plan: 0,
  closer: 0,
  rejected: 0,
  dr: null,
  time: null,
  percentage: '30'
}
[0mPOST /eightbasics [32m200 [0m10.385 ms - -[0m
{
  id: null,
  idUser: '14397',
  name: 'Bhoopathi Civil Sit Raja',
  initial: 'B',
  phone: '+918098615248',
  email: 'sam@gmail.com',
  info: 1,
  inwait: 0,
  plan: 0,
  closer: 0,
  rejected: 0,
  dr: null,
  time: null,
  percentage: '30'
}
[0mPOST /eightbasics [32m200 [0m13.727 ms - -[0m
{
  id: null,
  idUser: '14423',
  name: 'Bk',
  initial: 'B',
  phone: '+919940076169',
  email: 'sam@gmail.com',
  info: 1,
  inwait: 0,
  plan: 0,
  closer: 0,
  rejected: 0,
  dr: null,
  time: null,
  percentage: '30'
}
[0mPOST /eightbasics [32m200 [0m2.533 ms - -[0m
{
  id: null,
  idUser: '14586',
  name: 'Commerce Gopal 12th Senior',
  initial: 'C',
  phone: '+918610768951',
  email: 'sam@gmail.com',
  info: 1,
  inwait: 0,
  plan: 0,
  closer: 0,
  rejected: 0,
  dr: null,
  time: null,
  percentage: '30'
}
[0mPOST /eightbasics [32m200 [0m80.422 ms - -[0m
{
  id: null,
  idUser: '14600',
  name: 'Deva (Bojan) Client',
  initial: 'D',
  phone: '+919629014806',
  email: 'sam@gmail.com',
  info: 1,
  inwait: 0,
  plan: 0,
  closer: 0,
  rejected: 0,
  dr: null,
  time: null,
  percentage: '30'
}
[0mPOST /eightbasics [32m200 [0m10.248 ms - -[0m
{
  id: null,
  idUser: '14219',
  name: 'Dhana Koushik Scl Com New',
  initial: 'D',
  phone: '+917871280348',
  email: 'sam@gmail.com',
  info: 1,
  inwait: 0,
  plan: 0,
  closer: 0,
  rejected: 0,
  dr: null,
  time: null,
  percentage: '30'
}
[0mPOST /eightbasics [32m200 [0m9.791 ms - -[0m
{
  id: null,
  idUser: '14044',
  name: 'Dhanakaran',
  initial: 'D',
  phone: '956-629-9640',
  email: 'sam@gmail.com',
  info: 1,
  inwait: 0,
  plan: 0,
  closer: 0,
  rejected: 0,
  dr: null,
  time: null,
  percentage: '30'
}
[0mPOST /eightbasics [32m200 [0m38.102 ms - -[0m
{
  id: null,
  idUser: '14184',
  name: 'DHANASEKAR DMK',
  initial: 'D',
  phone: '842-882-8277',
  email: 'sam@gmail.com',
  info: 1,
  inwait: 0,
  plan: 0,
  closer: 0,
  rejected: 0,
  dr: null,
  time: null,
  percentage: '30'
}
[0mPOST /eightbasics [32m200 [0m15.337 ms - -[0m
{
  id: null,
  idUser: '14570',
  name: 'Dhinesh Dirive Campus',
  initial: 'D',
  phone: '+918637468627',
  email: 'sam@gmail.com',
  info: 1,
  inwait: 0,
  plan: 0,
  closer: 0,
  rejected: 0,
  dr: null,
  time: null,
  percentage: '30'
}
[0mPOST /eightbasics [32m200 [0m4.733 ms - -[0m
{
  id: null,
  idUser: '14788',
  name: 'Eee Dilip 2',
  initial: 'E',
  phone: '638-093-3165',
  email: 'sam@gmail.com',
  info: 1,
  inwait: 0,
  plan: 0,
  closer: 0,
  rejected: 0,
  dr: null,
  time: null,
  percentage: '30'
}
[0mPOST /eightbasics [32m200 [0m1.548 ms - -[0m
{
  id: null,
  idUser: '14706',
  name: 'Gymboy harish',
  initial: 'G',
  phone: '812-207-2049',
  email: 'sam@gmail.com',
  info: 1,
  inwait: 0,
  plan: 0,
  closer: 0,
  rejected: 0,
  dr: null,
  time: null,
  percentage: '30'
}
[0mPOST /eightbasics [32m200 [0m27.358 ms - -[0m
{
  id: null,
  idUser: '14390',
  name: 'Jayaprakash Mech Bathri Frnd Sit',
  initial: 'J',
  phone: '+919385725269',
  email: 'sam@gmail.com',
  info: 1,
  inwait: 0,
  plan: 0,
  closer: 0,
  rejected: 0,
  dr: null,
  time: null,
  percentage: '30'
}
[0mPOST /eightbasics [32m200 [0m25.053 ms - -[0m
{
  id: null,
  idUser: '14427',
  name: 'Jayaram Ice Clg',
  initial: 'J',
  phone: '+917299296331',
  email: 'sam@gmail.com',
  info: 1,
  inwait: 0,
  plan: 0,
  closer: 0,
  rejected: 0,
  dr: null,
  time: null,
  percentage: '30'
}
[0mPOST /eightbasics [32m200 [0m1.782 ms - -[0m
{
  id: null,
  idUser: '14301',
  name: 'Jayasurya Ece2',
  initial: 'J',
  phone: '+918610097689',
  email: 'sam@gmail.com',
  info: 1,
  inwait: 0,
  plan: 0,
  closer: 0,
  rejected: 0,
  dr: null,
  time: null,
  percentage: '30'
}
[0mPOST /eightbasics [32m200 [0m1.399 ms - -[0m
[0mPOST /relationship [32m200 [0m10.426 ms - -[0m
[0mGET /eightbasics/getInfoList [32m200 [0m115.413 ms - 9697[0m
output generated
[0mPOST /login/getKey?email=sambatharjunan%40gmail.com [32m200 [0m1.946 ms - 133[0m
[0mPOST /login?email=sambatharjunan%40gmail.com&password=9790979908 [32m200 [0m2.691 ms - 168[0m
output generated
[0mGET /eightbasics/getInfoList [32m200 [0m8.495 ms - 9697[0m
output generated
[0mGET /profile/profileid?name=Dhana+Koushik+Scl+Com+New [32m200 [0m33.037 ms - 26[0m
output generated
[0mGET /details/detailList?name=Dhana+Koushik+Scl+Com+New [32m200 [0m3.474 ms - 658[0m
output generated
[0mGET /profile/profileid?name=Dhana+Koushik+Scl+Com+New [32m200 [0m2.899 ms - 26[0m
output generated
[0mGET /profile/profileid?name=Dhana+Koushik+Scl+Com+New [32m200 [0m2.833 ms - 26[0m
output generated
[0mPOST /details/insertdetails [32m200 [0m1.738 ms - 8[0m
[0mGET /profile/profileid?name=Dhana+Koushik+Scl+Com+New [32m200 [0m5.935 ms - 26[0m
output generated
[0mGET /profile/profileid?name=Dhana+Koushik+Scl+Com+New [32m200 [0m3.047 ms - 26[0m
output generated
[0mGET / [32m200 [0m53.846 ms - 1087[0m
[0mGET / [32m200 [0m38.330 ms - 1087[0m
[0mGET /favicon.ico [33m404 [0m3998.056 ms - 1921[0m
