db connected
[0mGET /goal?goaltype=1 [32m200 [0m960.075 ms - 271[0m
output generated
[0mGET /goal?goaltype=0 [32m200 [0m98.648 ms - 26[0m
output generated
{
  id: null,
  feeling: 'more excited and more wories ',
  knowledge: 'talk the truth , negative up positive down.',
  activity: '0 info ,1 plan ',
  nextdayplan: 'follow the prospect.',
  goal: '15 uv , 3 book , learn how to Handel DR ',
  nextdream: 'KTM bike',
  time: null
}
[0mPOST /one108 [32m200 [0m190.804 ms - -[0m
[0mGET /goal?goaltype=1 [32m200 [0m104.659 ms - 271[0m
output generated
[0mGET /goal?goaltype=0 [32m200 [0m94.344 ms - 26[0m
enter
[0mGET /goal?goaltype=1 [32m200 [0m95.957 ms - 271[0m
output generated
output generated
