db connected
[0mGET /eightbasics/getInfoList [32m200 [0m63.641 ms - 1053[0m
output generated
[0mPOST /relationship [32m200 [0m83.472 ms - -[0m
[0mGET /eightbasics/getInwaitList [32m200 [0m6.268 ms - 4458[0m
output generated
[0mPUT /eightbasics?type=3&percentage=60 [32m200 [0m2.564 ms - -[0m
[0mGET /eightbasics/getPlanList [32m200 [0m4.886 ms - 626[0m
output generated
[0mPOST /relationship [32m200 [0m1.391 ms - -[0m
[0mGET /relationship [32m200 [0m272.827 ms - 26[0m
output generated
[0mGET /eightbasics/getInfoList [32m200 [0m3.676 ms - 1053[0m
output generated
[0mGET /eightbasics/getInwaitList [32m200 [0m6.478 ms - 4458[0m
[0mGET /eightbasics/getPlanList [32m200 [0m9.424 ms - 626[0m
output generated
output generated
[0mGET /eightbasics/getInwaitList [32m200 [0m5.158 ms - 4458[0m
output generated
[0mGET /eightbasics/getInwaitList [32m200 [0m6.134 ms - 4458[0m
output generated
