db connected
Server is ready to take our messages
Email successfully sent!
[0mPOST /login/getKey?email=sambatharjunan%40gmail.com [32m200 [0m697.150 ms - 133[0m
[0mPOST /login?email=sambatharjunan%40gmail.com&password=9790979908 [32m200 [0m72.569 ms - 168[0m
output generated
[0mGET /eightbasics/getInfoList [32m200 [0m286.144 ms - 26903[0m
output generated
[0mGET /allcontacts [32m200 [0m683.135 ms - 66500[0m
output generated
[0mGET /allcontacts [32m200 [0m85.463 ms - 66500[0m
output generated
[0mGET /allcontacts [32m200 [0m48.167 ms - 66500[0m
output generated
[0mGET /allcontacts [32m200 [0m60.693 ms - 66500[0m
output generated
[0mGET /eightbasics/getInfoList [32m200 [0m10.100 ms - 26903[0m
output generated
[0mPOST /relationship [32m200 [0m188.441 ms - -[0m
[0mGET /details/detailList?name=Kattapa [32m200 [0m50.974 ms - 26[0m
output generated
[0mGET /profile/profileid?name=Kattapa [32m200 [0m148.629 ms - 26[0m
output generated
[0mGET /allcontacts [32m200 [0m45.470 ms - 66500[0m
output generated
[0mGET /allcontacts [32m200 [0m63.194 ms - 66500[0m
output generated
[0mGET /allcontacts [32m200 [0m95.427 ms - 66500[0m
output generated
[0mGET /allcontacts [32m200 [0m59.638 ms - 66500[0m
output generated
[0mPOST /relationship [32m200 [0m1.365 ms - -[0m
[0mGET /relationship [32m200 [0m426.272 ms - 1260[0m
output generated
[0mGET /eightbasics/getInfoList [32m200 [0m68.433 ms - 26903[0m
output generated
[0mGET /allcontacts [32m200 [0m111.914 ms - 66500[0m
output generated
[0mGET /allcontacts [32m200 [0m45.888 ms - 66500[0m
output generated
[0mGET /allcontacts [32m200 [0m71.502 ms - 66500[0m
output generated
[0mPOST /allcontacts [33m413 [0m12157.453 ms - 2019[0m
[0mGET /allcontacts [32m200 [0m48.305 ms - 66500[0m
output generated
[0mGET /allcontacts [32m200 [0m43.135 ms - 66500[0m
output generated
[0mGET /allcontacts [32m200 [0m47.449 ms - 66500[0m
output generated
[0mGET /allcontacts [32m200 [0m54.793 ms - 66500[0m
output generated
[0mGET /allcontacts [32m200 [0m46.536 ms - 66500[0m
output generated
[0mGET /allcontacts [32m200 [0m46.069 ms - 66500[0m
output generated
[0mGET /allcontacts [32m200 [0m47.183 ms - 66500[0m
output generated
[0mPOST /relationship [32m200 [0m1.571 ms - -[0m
[0mGET /eightbasics/getInfoList [32m200 [0m33.806 ms - 26903[0m
output generated
[0mGET /relationship [32m200 [0m678.371 ms - 1260[0m
output generated
[0mGET /details/detailList?name=G.+vijay+Baby+%3F%3F%3F+S+Com+New [32m200 [0m3.438 ms - 26[0m
output generated
[0mGET /profile/profileid?name=G.+vijay+Baby+%3F%3F%3F+S+Com+New [32m200 [0m23.521 ms - 26[0m
output generated
[0mGET /profile/profileid?name=G.+vijay+Baby+%3F%3F%3F+S+Com+New [32m200 [0m2.741 ms - 26[0m
output generated
[0mGET /profile/profileid?name=G.+vijay+Baby+%3F%3F%3F+S+Com+New [32m200 [0m2.968 ms - 26[0m
output generated
[0mGET /profile/profileid?name=G.+vijay+Baby+%3F%3F%3F+S+Com+New [32m200 [0m2.952 ms - 26[0m
output generated
[0mPOST /details/insertdetails [32m200 [0m1.869 ms - 8[0m
[0mGET /profile/profileid?name=G.+vijay+Baby+%3F%3F%3F+S+Com+New [32m200 [0m2.661 ms - 26[0m
output generated
[0mGET /details/detailList?name=G.+vijay+Baby+%3F%3F%3F+S+Com+New [32m200 [0m3.809 ms - 185[0m
[0mGET /profile/profileid?name=G.+vijay+Baby+%3F%3F%3F+S+Com+New [32m200 [0m4.694 ms - 26[0m
output generated
output generated
[0mPOST /relationship [32m200 [0m1.375 ms - -[0m
[0mGET /eightbasics/getInfoList [32m200 [0m10.749 ms - 26903[0m
output generated
[0mGET /relationship [32m200 [0m354.130 ms - 1260[0m
output generated
[0mGET /profile/profileid?name=divya [32m200 [0m2.713 ms - 26[0m
output generated
[0mGET /details/detailList?name=divya [32m200 [0m2.847 ms - 26[0m
output generated
[0mGET /profile/profileid?name=divya [32m200 [0m2.645 ms - 26[0m
output generated
[0mGET /profile/profileid?name=divya [32m200 [0m2.575 ms - 26[0m
output generated
[0mPOST /details/insertdetails [32m200 [0m10.508 ms - 8[0m
[0mGET /profile/profileid?name=divya [32m200 [0m2.884 ms - 26[0m
output generated
[0mGET /profile/profileid?name=divya [32m200 [0m2.582 ms - 26[0m
output generated
[0mGET /profile/profileid?name=Kamachi+Current [32m200 [0m2.866 ms - 26[0m
output generated
[0mGET /profile/profileid?name=Kamachi+Current [32m200 [0m2.746 ms - 26[0m
output generated
[0mGET /profile/profileid?name=Kamachi+Current [32m200 [0m2.757 ms - 26[0m
output generated
[0mGET /details/detailList?name=Kamachi+Current [32m200 [0m3.783 ms - 26[0m
output generated
[0mGET /profile/profileid?name=Kamachi+Current [32m200 [0m2.419 ms - 26[0m
output generated
[0mPOST /details/insertdetails [32m200 [0m1.224 ms - 8[0m
[0mGET /profile/profileid?name=Kamachi+Current [32m200 [0m2.810 ms - 26[0m
output generated
[0mGET /details/detailList?name=Kamachi+Current [32m200 [0m38.870 ms - 159[0m
output generated
[0mGET /profile/profileid?name=Kamachi+Current [32m200 [0m39.117 ms - 26[0m
output generated
[0mPOST /relationship [32m200 [0m1.154 ms - -[0m
[0mGET /eightbasics/getInfoList [32m200 [0m63.161 ms - 26903[0m
output generated
[0mGET /profile/profileid?name=Bharathi+It+Secretory [32m200 [0m2.645 ms - 26[0m
output generated
[0mGET /details/detailList?name=Bharathi+It+Secretory [32m200 [0m30.277 ms - 26[0m
output generated
[0mGET /profile/profileid?name=Bharathi+It+Secretory [32m200 [0m2.784 ms - 26[0m
output generated
[0mGET /details/detailList?name=Bharathi+It+Secretory [32m200 [0m3.029 ms - 26[0m
output generated
[0mGET /profile/profileid?name=Bharathi+It+Secretory [32m200 [0m2.585 ms - 26[0m
output generated
[0mGET /profile/profileid?name=Bharathi+It+Secretory [32m200 [0m4.147 ms - 26[0m
output generated
[0mGET /profile/profileid?name=Bharathi+It+Secretory [32m200 [0m2.617 ms - 26[0m
output generated
[0mPOST /details/insertdetails [32m200 [0m1.236 ms - 8[0m
[0mGET /profile/profileid?name=Bharathi+It+Secretory [32m200 [0m2.574 ms - 26[0m
output generated
[0mGET /details/detailList?name=Bharathi+It+Secretory [32m200 [0m18.195 ms - 159[0m
output generated
[0mGET /profile/profileid?name=Bharathi+It+Secretory [32m200 [0m17.268 ms - 26[0m
output generated
[0mPOST /relationship [32m200 [0m1.306 ms - -[0m
[0mGET /eightbasics/getInfoList [32m200 [0m15.301 ms - 26903[0m
output generated
[0mGET /relationship [32m200 [0m247.129 ms - 1260[0m
output generated
[0mGET /profile/profileid?name=Hariharen2 [32m200 [0m3.059 ms - 26[0m
[0mGET /details/detailList?name=Hariharen2 [32m200 [0m3.806 ms - 26[0m
output generated
output generated
[0mGET /profile/profileid?name=Hariharen2 [32m200 [0m2.784 ms - 26[0m
output generated
[0mGET /profile/profileid?name=Hariharen2 [32m200 [0m2.626 ms - 26[0m
output generated
[0mGET /profile/profileid?name=Hariharen2 [32m200 [0m3.740 ms - 26[0m
output generated
[0mGET /profile/profileid?name=Hariharen2 [32m200 [0m2.692 ms - 26[0m
output generated
[0mGET /profile/profileid?name=Hariharen2 [32m200 [0m2.690 ms - 26[0m
output generated
[0mGET /profile/profileid?name=Hariharen2 [32m200 [0m2.552 ms - 26[0m
output generated
[0mGET /profile/profileid?name=Hariharen2 [32m200 [0m2.702 ms - 26[0m
output generated
[0mPOST /details/insertdetails [32m200 [0m1.311 ms - 8[0m
[0mGET /profile/profileid?name=Hariharen2 [32m200 [0m3.556 ms - 26[0m
output generated
[0mPOST /relationship [32m200 [0m1.224 ms - -[0m
[0mGET /eightbasics/getInfoList [32m200 [0m10.633 ms - 26903[0m
output generated
[0mGET /relationship [32m200 [0m720.736 ms - 1260[0m
output generated
[0mGET /profile/profileid?name=Karthi+Sairam+Maha+Scl+Frnd [32m200 [0m4.314 ms - 26[0m
output generated
[0mGET /details/detailList?name=Karthi+Sairam+Maha+Scl+Frnd [32m200 [0m4.237 ms - 26[0m
output generated
[0mGET /profile/profileid?name=Karthi+Sairam+Maha+Scl+Frnd [32m200 [0m4.175 ms - 26[0m
output generated
[0mGET /details/detailList?name=Karthi+Sairam+Maha+Scl+Frnd [32m200 [0m4.171 ms - 26[0m
output generated
[0mGET /profile/profileid?name=Karthick+Shcl+Maha+New+Nubr [32m200 [0m3.367 ms - 26[0m
[0mGET /details/detailList?name=Karthick+Shcl+Maha+New+Nubr [32m200 [0m4.688 ms - 26[0m
output generated
output generated
[0mGET /details/detailList?name=Kattapa [32m200 [0m3.153 ms - 26[0m
output generated
[0mGET /profile/profileid?name=Kattapa [32m200 [0m2.802 ms - 26[0m
output generated
[0mGET /profile/profileid?name=Kattapa [32m200 [0m3.916 ms - 26[0m
output generated
[0mGET /profile/profileid?name=Kattapa [32m200 [0m3.737 ms - 26[0m
output generated
[0mGET /profile/profileid?name=Kattapa [32m200 [0m2.673 ms - 26[0m
output generated
[0mGET /profile/profileid?name=Kattapa [32m200 [0m2.678 ms - 26[0m
output generated
[0mGET /profile/profileid?name=Kattapa [32m200 [0m2.782 ms - 26[0m
output generated
[0mPOST /details/insertdetails [32m200 [0m1.224 ms - 8[0m
[0mGET /profile/profileid?name=Kattapa [32m200 [0m2.705 ms - 26[0m
output generated
[0mPOST /relationship [32m200 [0m1.217 ms - -[0m
[0mGET /eightbasics/getInfoList [32m200 [0m12.055 ms - 26903[0m
output generated
[0mGET /relationship [32m200 [0m273.228 ms - 1260[0m
output generated
[0mGET /details/detailList?name=Keethivasan+It+Sit [32m200 [0m2.799 ms - 26[0m
output generated
[0mGET /profile/profileid?name=Keethivasan+It+Sit [32m200 [0m42.534 ms - 26[0m
output generated
[0mGET /profile/profileid?name=Keethivasan+It+Sit [32m200 [0m2.638 ms - 26[0m
output generated
[0mGET /profile/profileid?name=Keethivasan+It+Sit [32m200 [0m3.956 ms - 26[0m
output generated
[0mPOST /details/insertdetails [32m200 [0m1.303 ms - 8[0m
[0mGET /profile/profileid?name=Keethivasan+It+Sit [32m200 [0m4.486 ms - 26[0m
output generated
[0mGET /profile/profileid?name=Keethivasan+It+Sit [32m200 [0m2.599 ms - 26[0m
output generated
[0mGET /details/detailList?name=Keethivasan+It+Sit [32m200 [0m76.288 ms - 408[0m
output generated
[0mGET /profile/profileid?name=Sorya+Clg+iT+Gopi [32m200 [0m3.320 ms - 201[0m
[0mGET /details/detailList?name=Sorya+Clg+iT+Gopi [32m200 [0m4.491 ms - 495[0m
output generated
output generated
[0mGET /profile/profileid?name=Sorya+Clg+iT+Gopi [32m200 [0m3.331 ms - 201[0m
output generated
[0mGET /profile/profileid?name=Dhenna+Viji [32m200 [0m3.276 ms - 194[0m
[0mGET /details/detailList?name=Dhenna+Viji [32m200 [0m4.672 ms - 517[0m
output generated
output generated
[0mGET /profile/profileid?name=Dhenna+Viji [32m200 [0m2.882 ms - 194[0m
output generated
[0mPOST /relationship [32m200 [0m1.291 ms - -[0m
[0mGET /eightbasics/getInfoList [32m200 [0m11.310 ms - 26903[0m
output generated
[0mGET /relationship [32m200 [0m1318.740 ms - 1260[0m
output generated
[0mGET /details/detailList?name=Kerthivasan [32m200 [0m4.304 ms - 26[0m
[0mGET /profile/profileid?name=Kerthivasan [32m200 [0m4.503 ms - 26[0m
output generated
output generated
600424
[0mDELETE /eightbasics/600424/delete [32m200 [0m1.692 ms - -[0m
600418
[0mDELETE /eightbasics/600418/delete [32m200 [0m0.963 ms - -[0m
[0mPOST /relationship [32m200 [0m1.208 ms - -[0m
[0mGET /eightbasics/getInfoList [32m200 [0m13.476 ms - 26300[0m
output generated
[0mGET /relationship [32m200 [0m510.191 ms - 1260[0m
output generated
[0mGET /profile/profileid?name=Karthi+Csc+Saii+Srinin+Room [32m200 [0m2.643 ms - 26[0m
output generated
[0mGET /details/detailList?name=Karthi+Csc+Saii+Srinin+Room [32m200 [0m2.637 ms - 26[0m
output generated
[0mGET /profile/profileid?name=Karthi+Csc+Saii+Srinin+Room [32m200 [0m2.596 ms - 26[0m
output generated
[0mGET /profile/profileid?name=Karthi+Csc+Saii+Srinin+Room [32m200 [0m2.664 ms - 26[0m
output generated
[0mGET /profile/profileid?name=Karthi+Csc+Saii+Srinin+Room [32m200 [0m2.790 ms - 26[0m
output generated
[0mGET /profile/profileid?name=Karthi+Csc+Saii+Srinin+Room [32m200 [0m2.587 ms - 26[0m
output generated
[0mGET /profile/profileid?name=Karthi+Csc+Saii+Srinin+Room [32m200 [0m2.773 ms - 26[0m
output generated
[0mPOST /details/insertdetails [32m200 [0m4.433 ms - 8[0m
[0mGET /profile/profileid?name=Karthi+Csc+Saii+Srinin+Room [32m200 [0m4.211 ms - 26[0m
output generated
[0mPOST /relationship [32m200 [0m1.604 ms - -[0m
[0mGET /eightbasics/getInfoList [32m200 [0m45.886 ms - 26300[0m
output generated
[0mGET /details/detailList?name=Kavitha [32m200 [0m2.897 ms - 26[0m
[0mGET /profile/profileid?name=Kavitha [32m200 [0m14.964 ms - 26[0m
output generated
output generated
[0mGET /profile/profileid?name=Kavitha [32m200 [0m5.597 ms - 26[0m
output generated
[0mGET /profile/profileid?name=Kavitha [32m200 [0m2.829 ms - 26[0m
output generated
[0mGET /profile/profileid?name=Kavitha [32m200 [0m3.862 ms - 26[0m
output generated
[0mPOST /details/insertdetails [32m200 [0m1.497 ms - 8[0m
[0mGET /profile/profileid?name=Kavitha [32m200 [0m3.214 ms - 26[0m
output generated
[0mPOST /relationship [32m200 [0m1.704 ms - -[0m
[0mGET /eightbasics/getInfoList [32m200 [0m16.419 ms - 26300[0m
output generated
[0mGET /relationship [32m200 [0m845.816 ms - 1260[0m
output generated
[0mGET /profile/profileid?name=Kaviya+It+B [32m200 [0m3.135 ms - 26[0m
[0mGET /details/detailList?name=Kaviya+It+B [32m200 [0m4.224 ms - 26[0m
output generated
output generated
[0mGET /profile/profileid?name=Kaviya+It+B [32m200 [0m4.255 ms - 26[0m
output generated
[0mGET /details/detailList?name=Kaviya+It+B [32m200 [0m4.026 ms - 26[0m
output generated
[0mGET /profile/profileid?name=Kaviya+It+B [32m200 [0m2.667 ms - 26[0m
output generated
[0mGET /profile/profileid?name=Kaviya+It+B [32m200 [0m2.751 ms - 26[0m
output generated
[0mGET /profile/profileid?name=Kaviya+It+B [32m200 [0m3.577 ms - 26[0m
output generated
[0mPOST /details/insertdetails [32m200 [0m1.461 ms - 8[0m
[0mGET /profile/profileid?name=Kaviya+It+B [32m200 [0m2.673 ms - 26[0m
output generated
[0mGET /details/detailList?name=Khannn+Sir [32m200 [0m36.787 ms - 26[0m
output generated
[0mGET /profile/profileid?name=Khannn+Sir [32m200 [0m36.527 ms - 26[0m
output generated
[0mPOST /relationship [32m200 [0m1.189 ms - -[0m
[0mGET /eightbasics/getInfoList [32m200 [0m57.775 ms - 26300[0m
output generated
[0mGET /relationship [32m200 [0m597.626 ms - 1260[0m
output generated
[0mPOST /login/getKey?email=sambatharjunan%40gmail.com [32m200 [0m2.188 ms - 133[0m
[0mPOST /login?email=sambatharjunan%40gmail.com&password=9790979908 [32m200 [0m3.025 ms - 168[0m
output generated
[0mGET /eightbasics/getInfoList [32m200 [0m9.413 ms - 26300[0m
output generated
600415
[0mDELETE /eightbasics/600415/delete [32m200 [0m1.250 ms - -[0m
[0mPOST /relationship [32m200 [0m1.250 ms - -[0m
[0mGET /eightbasics/getInfoList [32m200 [0m9.568 ms - 26084[0m
output generated
[0mGET /profile/profileid?name=Karthick+Shcl+Maha+New+Nubr [32m200 [0m33.648 ms - 26[0m
output generated
[0mGET /details/detailList?name=Karthick+Shcl+Maha+New+Nubr [32m200 [0m2.788 ms - 26[0m
output generated
[0mGET /profile/profileid?name=Karthick+Shcl+Maha+New+Nubr [32m200 [0m2.532 ms - 26[0m
output generated
[0mGET /profile/profileid?name=Karthick+Shcl+Maha+New+Nubr [32m200 [0m2.621 ms - 26[0m
output generated
[0mGET /profile/profileid?name=Karthick+Shcl+Maha+New+Nubr [32m200 [0m2.580 ms - 26[0m
output generated
[0mPOST /details/insertdetails [32m200 [0m1.159 ms - 8[0m
[0mGET /profile/profileid?name=Karthick+Shcl+Maha+New+Nubr [32m200 [0m3.409 ms - 26[0m
output generated
[0mGET /profile/profileid?name=Karthick+Shcl+Maha+New+Nubr [32m200 [0m3.035 ms - 26[0m
[0mGET /details/detailList?name=Karthick+Shcl+Maha+New+Nubr [32m200 [0m4.082 ms - 161[0m
output generated
output generated
[0mGET /profile/profileid?name=Karthick+Shcl+Maha+New+Nubr [32m200 [0m2.544 ms - 26[0m
output generated
[0mGET /profile/profileid?name=Karthick+Shcl+Maha+New+Nubr [32m200 [0m2.944 ms - 26[0m
output generated
[0mGET /profile/profileid?name=Karthick+Shcl+Maha+New+Nubr [32m200 [0m2.547 ms - 26[0m
output generated
[0mPUT /details/updetails/209 [32m200 [0m1.459 ms - -[0m
[0mGET /profile/profileid?name=Karthick+Shcl+Maha+New+Nubr [32m200 [0m2.604 ms - 26[0m
output generated
[0mGET /details/detailList?name=Karthick+Shcl+Maha+New+Nubr [32m200 [0m3.068 ms - 183[0m
[0mGET /profile/profileid?name=Karthick+Shcl+Maha+New+Nubr [32m200 [0m4.199 ms - 26[0m
output generated
output generated
[0mGET /profile/profileid?name=Karthick+Shcl+Maha+New+Nubr [32m200 [0m3.926 ms - 26[0m
[0mGET /details/detailList?name=Karthick+Shcl+Maha+New+Nubr [32m200 [0m4.451 ms - 183[0m
output generated
output generated
[0mGET /profile/profileid?name=Karthick+Shcl+Maha+New+Nubr [32m200 [0m5.319 ms - 26[0m
[0mGET /details/detailList?name=Karthick+Shcl+Maha+New+Nubr [32m200 [0m5.801 ms - 183[0m
output generated
output generated
[0mGET /profile/profileid?name=Karthick+Shcl+Maha+New+Nubr [32m200 [0m2.696 ms - 26[0m
output generated
[0mGET /profile/profileid?name=Karthick+Shcl+Maha+New+Nubr [32m200 [0m2.842 ms - 26[0m
output generated
[0mGET /profile/profileid?name=Karthick+Shcl+Maha+New+Nubr [32m200 [0m2.937 ms - 26[0m
output generated
[0mPOST /details/insertdetails [32m200 [0m1.253 ms - 8[0m
[0mGET /profile/profileid?name=Karthick+Shcl+Maha+New+Nubr [32m200 [0m2.714 ms - 26[0m
output generated
[0mGET /details/detailList?name=Karthick+Shcl+Maha+New+Nubr [32m200 [0m36.438 ms - 415[0m
output generated
[0mGET /profile/profileid?name=Karthick+Shcl+Maha+New+Nubr [32m200 [0m45.724 ms - 26[0m
output generated
[0mGET /profile/profileid?name=Karthick+Shcl+Maha+New+Nubr [32m200 [0m2.833 ms - 26[0m
output generated
[0mGET /profile/profileid?name=Karthick+Shcl+Maha+New+Nubr [32m200 [0m2.747 ms - 26[0m
output generated
[0mGET /profile/profileid?name=Karthick+Shcl+Maha+New+Nubr [32m200 [0m2.710 ms - 26[0m
output generated
[0mPUT /details/updetails/209 [32m200 [0m2.095 ms - -[0m
[0mGET /profile/profileid?name=Karthick+Shcl+Maha+New+Nubr [32m200 [0m2.554 ms - 26[0m
output generated
