db connected
22020-06-072020-10-07
[0mGET /getTimingDetails?category=2&from=2020-06-07&to=2020-10-07 [32m200 [0m112.744 ms - 2435[0m
output generated
[0mPOST /login?email=sambatharjunan%40gmail.com&password=9790979908 [32m200 [0m57.597 ms - 168[0m
output generated
[0mGET /eightbasics/getInfoList [32m200 [0m52.571 ms - 429[0m
output generated
600527
[0mDELETE /eightbasics/600527/delete [32m200 [0m1.501 ms - -[0m
[0mPOST /relationship [32m200 [0m275.164 ms - -[0m
[0mGET /eightbasics/getInfoList [32m200 [0m4.037 ms - 224[0m
output generated
[0mGET /allcontacts [32m200 [0m54.587 ms - 78854[0m
output generated
{
  id: null,
  idUser: '14037',
  name: 'Abishek Scl 10th',
  initial: 'A',
  phone: '944-586-1445',
  email: 'sam@gmail.com',
  info: 1,
  inwait: 0,
  plan: 0,
  closer: 0,
  rejected: 0,
  time: null,
  percentage: '30'
}
[0mPOST /eightbasics [32m200 [0m4.074 ms - -[0m
{
  id: null,
  idUser: '14037',
  name: 'Abishek Scl 10th',
  initial: 'A',
  phone: '944-586-1445',
  email: 'sam@gmail.com',
  info: 1,
  inwait: 0,
  plan: 0,
  closer: 0,
  rejected: 0,
  time: null,
  percentage: '30'
}
[0mPOST /eightbasics [32m200 [0m2.797 ms - -[0m
[0mPOST /relationship [32m200 [0m1.602 ms - -[0m
[0mGET /eightbasics/getInfoList [32m200 [0m3.351 ms - 429[0m
output generated
[0mGET /relationship [32m200 [0m1663.221 ms - 26[0m
output generated
[0mGET /details/detailList?name=Abishek+Scl+10th [32m200 [0m40.378 ms - 26[0m
output generated
[0mGET /profile/profileid?name=Abishek+Scl+10th [32m200 [0m49.875 ms - 26[0m
output generated
[0mGET /profile/profileid?name=Abishek+Scl+10th [32m200 [0m4.077 ms - 26[0m
output generated
[0mGET /details/detailList?name=Abishek+Scl+10th [32m200 [0m4.838 ms - 26[0m
output generated
[0mGET /profile/profileid?name=Abishek+Scl+10th [32m200 [0m3.080 ms - 26[0m
output generated
[0mGET /profile/profileid?name=Abishek+Scl+10th [32m200 [0m2.935 ms - 26[0m
output generated
[0mGET /profile/profileid?name=Abishek+Scl+10th [32m200 [0m2.953 ms - 26[0m
output generated
[0mPOST /details/insertdetails [32m200 [0m1.889 ms - 8[0m
[0mGET /profile/profileid?name=Abishek+Scl+10th [32m200 [0m3.012 ms - 26[0m
output generated
[0mGET /details/detailList?name=Abishek+Scl+10th [32m200 [0m3.088 ms - 140[0m
output generated
[0mGET /profile/profileid?name=Abishek+Scl+10th [32m200 [0m3.365 ms - 26[0m
output generated
[0mPOST /login?email=sambatharjunan%40gmail.com&password=9790979908 [32m200 [0m2.513 ms - 168[0m
output generated
[0mGET /eightbasics/getInfoList [32m200 [0m4.093 ms - 429[0m
output generated
[0mGET /goal?goaltype=1 [32m200 [0m263.397 ms - 283[0m
output generated
[0mGET /goal?goaltype=0 [32m200 [0m100.636 ms - 26[0m
output generated
22020-04-022020-10-08
[0mGET /getTimingDetails?category=2&from=2020-04-02&to=2020-10-08 [32m200 [0m49.005 ms - 4053[0m
output generated
[0mGET /goal?goaltype=1 [32m200 [0m100.804 ms - 283[0m
output generated
[0mGET /profile/profileid?name=Abishek+Scl+10th [32m200 [0m6.162 ms - 26[0m
[0mGET /details/detailList?name=Abishek+Scl+10th [32m200 [0m9.199 ms - 140[0m
output generated
output generated
[0mGET /profile/profileid?name=Abishek+Scl+10th [32m200 [0m2.814 ms - 26[0m
output generated
[0mGET /profile/profileid?name=Abishek+Scl+10th [32m200 [0m2.941 ms - 26[0m
output generated
[0mGET /profile/profileid?name=Abishek+Scl+10th [32m200 [0m2.749 ms - 26[0m
output generated
[0mPUT /details/updetails/219 [32m200 [0m1.538 ms - -[0m
[0mGET /profile/profileid?name=Abishek+Scl+10th [32m200 [0m2.810 ms - 26[0m
output generated
[0mGET /profile/profileid?name=Abishek+Scl+10th [32m200 [0m2.890 ms - 26[0m
output generated
[0mGET /details/detailList?name=Abishek+Scl+10th [32m200 [0m4.640 ms - 143[0m
output generated
[0mGET /eightbasics/getInfoList [32m200 [0m3.089 ms - 429[0m
output generated
[0mGET /details/detailList?name=Abishek+Scl+10th [32m200 [0m3.526 ms - 143[0m
output generated
[0mGET /profile/profileid?name=Abishek+Scl+10th [32m200 [0m6.176 ms - 26[0m
output generated
[0mGET /eightbasics/getInwaitList [32m200 [0m4.875 ms - 4249[0m
output generated
[0mPOST /login/getKey?email=sambatharjunan%40gmail.com [32m200 [0m210.387 ms - 133[0m
[0mPOST /login/getKey?email=sambatharjunan%40gmail.com [32m200 [0m1.534 ms - 133[0m
[0mPOST /login?email=sambatharjunan%40gmail.com&password=9790979908 [32m200 [0m4.082 ms - 168[0m
output generated
[0mGET /eightbasics/getInfoList [32m200 [0m52.274 ms - 429[0m
output generated
