db connected
42020-05-012020-10-10
[0mGET /getTimingDetails?category=4&from=2020-05-01&to=2020-10-10 [32m200 [0m113.453 ms - 1845[0m
output generated
12020-05-012020-10-10
[0mGET /getTimingDetails?category=1&from=2020-05-01&to=2020-10-10 [32m200 [0m67.405 ms - 6636[0m
output generated
entering into list
[0mPUT /eightbasics/list?type=2&percentage=40 [32m200 [0m93.102 ms - -[0m
22020-05-012020-10-10
[0mGET /getTimingDetails?category=2&from=2020-05-01&to=2020-10-10 [32m200 [0m7.018 ms - 4259[0m
output generated
entering into list
[0mPUT /eightbasics/list?type=3&percentage=60 [32m200 [0m1.345 ms - -[0m
32020-05-012020-10-10
[0mGET /getTimingDetails?category=3&from=2020-05-01&to=2020-10-10 [32m200 [0m4.523 ms - 1034[0m
output generated
entering into list
[0mPUT /eightbasics/list?type=4&percentage=80 [32m200 [0m1.462 ms - -[0m
42020-05-012020-10-10
[0mGET /getTimingDetails?category=4&from=2020-05-01&to=2020-10-10 [32m200 [0m5.011 ms - 2051[0m
output generated
[0mGET /eightbasics/getInfoList [32m200 [0m99.734 ms - 1256[0m
output generated
[0mGET /eightbasics/getInwaitList [32m200 [0m49.698 ms - 4255[0m
output generated
[0mGET /eightbasics/getPlanList [32m200 [0m21.227 ms - 626[0m
output generated
[0mGET /eightbasics/getCloserList [32m200 [0m4.044 ms - 431[0m
output generated
[0mGET /eightbasics/getDrList [32m200 [0m5.271 ms - 236[0m
output generated
[0mPOST /login/getKey?email=sambatharjunan%40gmail.com [32m200 [0m3872.680 ms - 133[0m
[0mPOST /login?email=sambatharjunan%40gmail.com&password=9790979908 [32m200 [0m382.460 ms - 168[0m
output generated
[0mGET /eightbasics/getInfoList [32m200 [0m729.420 ms - 1256[0m
output generated
