db connected
[0mPOST /login/getKey?email=sambatharjunan%40gmail.com [32m200 [0m699.838 ms - 133[0m
[0mPOST /login?email=sambatharjunan%40gmail.com&password=9790979908 [32m200 [0m68.307 ms - 168[0m
output generated
[0mGET /eightbasics/getInfoList [32m200 [0m493.589 ms - 2158[0m
output generated
50
[0mDELETE /eightbasics/50/delete [32m200 [0m1.625 ms - -[0m
[0mPOST /relationship [32m200 [0m81.982 ms - -[0m
[0mGET /eightbasics/getInfoList [32m200 [0m16.916 ms - 1963[0m
output generated
[0mPOST /login/getKey?email=sambatharjunan%40gmail.com [32m200 [0m8.559 ms - 133[0m
[0mPOST /login?email=sambatharjunan%40gmail.com&password=9790979908 [32m200 [0m4.415 ms - 168[0m
output generated
[0mGET /eightbasics/getInfoList [32m200 [0m33.685 ms - 1770[0m
output generated
[0mPOST /relationship [32m200 [0m3.796 ms - -[0m
[0mGET /relationship [32m200 [0m2862.688 ms - 26[0m
output generated
[0mGET /eightbasics/getInfoList [32m200 [0m4.064 ms - 1388[0m
output generated
[0mPOST /relationship [32m200 [0m2.336 ms - -[0m
[0mGET /relationship [32m200 [0m1373.773 ms - 26[0m
output generated
[0mGET /eightbasics/getInfoList [32m200 [0m5.474 ms - 1388[0m
output generated
[0mGET /allcontacts [32m200 [0m501.025 ms - 80419[0m
output generated
{
  id: null,
  idUser: '14666',
  name: 'Arun School',
  initial: 'A',
  phone: '+919840779194',
  email: 'sam@gmail.com',
  info: 1,
  inwait: 0,
  plan: 0,
  closer: 0,
  rejected: 0,
  dr: null,
  time: null,
  percentage: '30'
}
[0mPOST /eightbasics [32m200 [0m5.200 ms - -[0m
{
  id: null,
  idUser: '14666',
  name: 'Arun School',
  initial: 'A',
  phone: '+919840779194',
  email: 'sam@gmail.com',
  info: 1,
  inwait: 0,
  plan: 0,
  closer: 0,
  rejected: 0,
  dr: null,
  time: null,
  percentage: '30'
}
[0mPOST /eightbasics [32m200 [0m1.572 ms - -[0m
{
  id: null,
  idUser: '14810',
  name: 'Cheraaa Civill',
  initial: 'C',
  phone: '+919677606766',
  email: 'sam@gmail.com',
  info: 1,
  inwait: 0,
  plan: 0,
  closer: 0,
  rejected: 0,
  dr: null,
  time: null,
  percentage: '30'
}
[0mPOST /eightbasics [32m200 [0m1.728 ms - -[0m
