db connected
[0mGET /goal?goaltype=1 [32m200 [0m367.549 ms - 283[0m
output generated
[0mGET /goal?goaltype=0 [32m200 [0m99.842 ms - 26[0m
output generated
[0mGET /eightbasics/getInfoList [32m200 [0m16.440 ms - 1053[0m
output generated
[0mGET /eightbasics/getInwaitList [32m200 [0m6.267 ms - 4255[0m
output generated
[0mGET /eightbasics/getPlanList [32m200 [0m4.518 ms - 829[0m
output generated
[0mGET /eightbasics/getInwaitList [32m200 [0m5.241 ms - 4255[0m
output generated
[0mPOST /relationship [32m200 [0m119.967 ms - -[0m
[0mPUT /eightbasics?type=4&percentage=80 [32m200 [0m1.791 ms - -[0m
[0mPUT /eightbasics?type=4&percentage=80 [32m200 [0m1.330 ms - -[0m
[0mGET /eightbasics/getCloserList [32m200 [0m6.282 ms - 634[0m
output generated
[0mPOST /relationship [32m200 [0m1.876 ms - -[0m
[0mGET /relationship [32m200 [0m7.658 ms - 26[0m
output generated
[0mGET /eightbasics/getInfoList [32m200 [0m3.691 ms - 1053[0m
output generated
[0mGET /eightbasics/getInwaitList [32m200 [0m5.119 ms - 4255[0m
output generated
[0mGET /eightbasics/getInwaitList [32m200 [0m6.044 ms - 4255[0m
output generated
[0mGET /eightbasics/getPlanList [32m200 [0m3.668 ms - 829[0m
output generated
[0mPUT /eightbasics?type=4&percentage=80 [32m200 [0m1.317 ms - -[0m
[0mPUT /eightbasics?type=4&percentage=80 [32m200 [0m1.321 ms - -[0m
[0mGET /eightbasics/getCloserList [32m200 [0m3.537 ms - 634[0m
output generated
[0mPOST /relationship [32m200 [0m1.236 ms - -[0m
[0mGET /relationship [32m200 [0m6.051 ms - 26[0m
output generated
[0mGET /eightbasics/getInfoList [32m200 [0m3.293 ms - 1053[0m
output generated
[0mGET /eightbasics/getPlanList [32m200 [0m3.492 ms - 829[0m
output generated
[0mGET /eightbasics/getCloserList [32m200 [0m3.341 ms - 634[0m
output generated
[0mGET /eightbasics/getPlanList [32m200 [0m4.103 ms - 829[0m
output generated
[0mGET /eightbasics/getPlanList [32m200 [0m4.139 ms - 829[0m
output generated
