db connected
[0mPOST /login/getKey?email=sambatharjunan%40gmail.com [32m200 [0m1113.094 ms - 133[0m
[0mPOST /login?email=sambatharjunan%40gmail.com&password=9790979908 [32m200 [0m491.406 ms - 168[0m
output generated
[0mGET /eightbasics/getInfoList [32m200 [0m352.494 ms - 26[0m
output generated
[0mGET /eightbasics/getInwaitList [32m200 [0m56.646 ms - 26[0m
output generated
[0mGET /eightbasics/getPlanList [32m200 [0m3.760 ms - 26[0m
output generated
[0mGET /eightbasics/getCloserList [32m200 [0m3.735 ms - 26[0m
output generated
[0mGET /eightbasics/getDrList [32m200 [0m3.662 ms - 26[0m
output generated
[0mPOST /relationship [32m200 [0m595.457 ms - -[0m
[0mGET /relationship [32m200 [0m392.670 ms - 26[0m
output generated
[0mGET /eightbasics/getRejectedList [32m200 [0m3.543 ms - 26[0m
output generated
[0mGET /getTrackingList [32m200 [0m282.252 ms - 26[0m
output generated
[0mGET /calllog [32m200 [0m5.587 ms - 26[0m
output generated
[0mGET /goal?goaltype=1 [32m200 [0m2162.446 ms - 26[0m
output generated
[0mGET /goal?goaltype=1 [32m200 [0m96.138 ms - 26[0m
output generated
[0mGET /goal?goaltype=1 [32m200 [0m187.299 ms - 26[0m
output generated
[0mGET /goal?goaltype=1 [32m200 [0m92.228 ms - 26[0m
output generated
[0mPOST /relationship [32m200 [0m5.125 ms - -[0m
[0mGET /relationship [32m200 [0m3.025 ms - 26[0m
output generated
[0mGET /eightbasics/getRejectedList [32m200 [0m2.717 ms - 26[0m
output generated
[0mGET /getTrackingList [32m200 [0m35.881 ms - 26[0m
output generated
[0mGET /calllog [32m200 [0m3.386 ms - 26[0m
output generated
[0mGET /eightbasics/getInfoList [32m200 [0m3.026 ms - 26[0m
output generated
[0mGET /goal?goaltype=1 [32m200 [0m94.152 ms - 26[0m
output generated
[0mGET /goal?goaltype=1 [32m200 [0m93.103 ms - 26[0m
output generated
[0mGET /goal?goaltype=1 [32m200 [0m92.950 ms - 26[0m
output generated
[0mGET /eightbasics/getInfoList [32m200 [0m1969.511 ms - 26[0m
output generated
[0mGET /eightbasics/getInwaitList [32m200 [0m338.570 ms - 220[0m
output generated
[0mPOST /relationship [32m200 [0m93.581 ms - -[0m
[0mGET /eightbasics/getInfoList [32m200 [0m3.438 ms - 220[0m
output generated
[0mGET /eightbasics/getInwaitList [32m200 [0m59.902 ms - 26[0m
output generated
[0mGET /eightbasics/getPlanList [32m200 [0m43.700 ms - 26[0m
[0mGET /eightbasics/getCloserList [32m200 [0m45.385 ms - 26[0m
output generated
output generated
[0mGET /eightbasics/getDrList [32m200 [0m3.013 ms - 26[0m
output generated
[0mPOST /relationship [32m200 [0m1.310 ms - -[0m
[0mGET /relationship [32m200 [0m166.416 ms - 26[0m
output generated
[0mGET /eightbasics/getInfoList [32m200 [0m3.215 ms - 220[0m
output generated
[0mGET /profile/profileid?name=Kannan [32m200 [0m608.625 ms - 26[0m
output generated
[0mGET /details/detailList?name=Kannan [32m200 [0m884.314 ms - 26[0m
output generated
[0mGET /profile/profileid?name=Kannan [32m200 [0m2.766 ms - 26[0m
output generated
[0mGET /profile/profileid?name=Kannan [32m200 [0m20.486 ms - 26[0m
output generated
[0mGET /profile/profileid?name=Kannan [32m200 [0m2.817 ms - 26[0m
output generated
[0mPOST /profile/profiledetails [32m200 [0m5.915 ms - -[0m
[0mGET /profile/profileid?name=Kannan [32m200 [0m4.155 ms - 225[0m
output generated
[0mGET /profile/profileid?name=Kannan [32m200 [0m3.249 ms - 225[0m
output generated
[0mGET /profile/profileid?name=Kannan [32m200 [0m2.711 ms - 225[0m
output generated
[0mGET /profile/profileid?name=Kannan [32m200 [0m3.093 ms - 225[0m
output generated
[0mGET /profile/profileid?name=Kannan [32m200 [0m2.903 ms - 225[0m
output generated
[0mPOST /details/insertdetails [32m200 [0m65.955 ms - 8[0m
[0mGET /profile/profileid?name=Kannan [32m200 [0m2.834 ms - 225[0m
output generated
[0mGET /profile/profileid?name=Kannan [32m200 [0m2.861 ms - 225[0m
output generated
[0mGET /profile/profileid?name=Kannan [32m200 [0m3.243 ms - 225[0m
[0mGET /details/detailList?name=Kannan [32m200 [0m4.702 ms - 174[0m
output generated
output generated
[0mGET /profile/profileid?name=Kannan [32m200 [0m31.828 ms - 225[0m
output generated
[0mGET /eightbasics/getRejectedList [32m200 [0m2.850 ms - 26[0m
output generated
[0mGET /getTrackingList [32m200 [0m144.513 ms - 220[0m
[0mGET /eightbasics/getRejectedList [32m200 [0m207.812 ms - 26[0m
output generated
output generated
[0mGET /calllog [32m200 [0m18.488 ms - 26[0m
output generated
[0mPOST /relationship [32m200 [0m2.277 ms - -[0m
[0mGET /relationship [32m200 [0m4.074 ms - 26[0m
output generated
[0mGET /allcontacts [32m200 [0m39.537 ms - 26[0m
output generated
[0mGET /eightbasics/get8basicLists [32m200 [0m25.945 ms - 220[0m
output generated
[0mPOST /relationship [32m200 [0m1.185 ms - -[0m
[0mGET /relationship [32m200 [0m42.068 ms - 26[0m
output generated
[0mGET /eightbasics/getInfoList [32m200 [0m3.042 ms - 220[0m
output generated
[0mPOST /login/getKey?email=sambatharjunan%40gmail.com [32m200 [0m653.581 ms - 133[0m
[0mPOST /login?email=sambatharjunan%40gmail.com&password=9790979908 [32m200 [0m334.888 ms - 168[0m
output generated
[0mGET /eightbasics/getInfoList [32m200 [0m80.703 ms - 220[0m
output generated
[0mPOST /relationship [32m200 [0m85.989 ms - -[0m
[0mGET /relationship [32m200 [0m23.025 ms - 26[0m
output generated
[0mPOST /login/getKey [32m200 [0m620.655 ms - 26[0m
[0mPOST /login [32m200 [0m123.232 ms - 26[0m
output generated
[0mPOST /login/getKey?email=sambatharjunan%40gmail.com [32m200 [0m24.661 ms - 133[0m
[0mPOST /login?email=sambatharjunan%40gmail.com&password=9790979908 [32m200 [0m286.085 ms - 168[0m
output generated
[0mGET /eightbasics/getInfoList [32m200 [0m279.977 ms - 1188[0m
output generated
[0mGET /eightbasics/getInwaitList [32m200 [0m55.565 ms - 26[0m
output generated
[0mGET /eightbasics/getPlanList [32m200 [0m3.001 ms - 26[0m
output generated
[0mGET /eightbasics/getCloserList [32m200 [0m2.900 ms - 26[0m
[0mGET /eightbasics/getDrList [32m200 [0m55.256 ms - 26[0m
output generated
output generated
[0mGET /eightbasics/getCloserList [32m200 [0m16.449 ms - 26[0m
output generated
[0mPOST /relationship [32m200 [0m73.742 ms - -[0m
[0mGET /relationship [32m200 [0m69.316 ms - 26[0m
output generated
[0mGET /eightbasics/getRejectedList [32m200 [0m2.942 ms - 26[0m
output generated
[0mGET /getTrackingList [32m200 [0m182.275 ms - 220[0m
output generated
[0mGET /eightbasics/getRejectedList [32m200 [0m27.591 ms - 26[0m
output generated
[0mGET /eightbasics/getInfoList [32m200 [0m3.650 ms - 1188[0m
output generated
[0mGET /profile/profileid?name=sobin [32m200 [0m57.893 ms - 26[0m
[0mGET /details/detailList?name=sobin [32m200 [0m75.944 ms - 26[0m
output generated
output generated
[0mGET /details/detailList?name=Kannan [32m200 [0m2.896 ms - 174[0m
output generated
[0mGET /profile/profileid?name=Kannan [32m200 [0m63.280 ms - 225[0m
output generated
[0mGET /profile/profileid?name=Kannan [32m200 [0m11.617 ms - 225[0m
output generated
