db connected
[0mPOST /login/getKey?email=sambatharjunan%40gmail.com [32m200 [0m268.065 ms - 133[0m
[0mPOST /login?email=sambatharjunan%40gmail.com&password=9790979908 [32m200 [0m107.762 ms - 168[0m
output generated
[0mGET /eightbasics/getInfoList [32m200 [0m128.569 ms - 6233[0m
output generated
600048
[0mDELETE /eightbasics/600048/delete [32m200 [0m1.528 ms - -[0m
600049
[0mDELETE /eightbasics/600049/delete [32m200 [0m1.178 ms - -[0m
600059
[0mDELETE /eightbasics/600059/delete [32m200 [0m1.165 ms - -[0m
600073
[0mDELETE /eightbasics/600073/delete [32m200 [0m18.711 ms - -[0m
600074
[0mDELETE /eightbasics/600074/delete [32m200 [0m1.063 ms - -[0m
600076
[0mDELETE /eightbasics/600076/delete [32m200 [0m1.491 ms - -[0m
600077
[0mDELETE /eightbasics/600077/delete [32m200 [0m1.109 ms - -[0m
600078
[0mDELETE /eightbasics/600078/delete [32m200 [0m1.120 ms - -[0m
600081
[0mDELETE /eightbasics/600081/delete [32m200 [0m1.124 ms - -[0m
600082
[0mDELETE /eightbasics/600082/delete [32m200 [0m1.195 ms - -[0m
600083
[0mDELETE /eightbasics/600083/delete [32m200 [0m1.198 ms - -[0m
600086
[0mDELETE /eightbasics/600086/delete [32m200 [0m1.111 ms - -[0m
600088
[0mDELETE /eightbasics/600088/delete [32m200 [0m1.056 ms - -[0m
600090
[0mDELETE /eightbasics/600090/delete [32m200 [0m1.072 ms - -[0m
600094
[0mDELETE /eightbasics/600094/delete [32m200 [0m1.092 ms - -[0m
600087
[0mDELETE /eightbasics/600087/delete [32m200 [0m1.335 ms - -[0m
600097
[0mDELETE /eightbasics/600097/delete [32m200 [0m1.066 ms - -[0m
600103
[0mDELETE /eightbasics/600103/delete [32m200 [0m1.007 ms - -[0m
600107
[0mDELETE /eightbasics/600107/delete [32m200 [0m1.002 ms - -[0m
600106
[0mDELETE /eightbasics/600106/delete [32m200 [0m1.034 ms - -[0m
[0mGET /goal?goaltype=1 [32m200 [0m577.510 ms - 270[0m
output generated
[0mGET /goal?goaltype=0 [32m200 [0m106.387 ms - 26[0m
output generated
[0mGET /eightbasics/getInfoList [32m200 [0m5.218 ms - 2139[0m
output generated
600068
[0mDELETE /eightbasics/600068/delete [32m200 [0m1.184 ms - -[0m
600072
[0mDELETE /eightbasics/600072/delete [32m200 [0m0.979 ms - -[0m
[0mGET /goal?goaltype=1 [32m200 [0m97.902 ms - 270[0m
output generated
[0mGET /goal?goaltype=0 [32m200 [0m96.076 ms - 26[0m
output generated
[0mGET /eightbasics/getInfoList [32m200 [0m4.760 ms - 1702[0m
output generated
600105
[0mDELETE /eightbasics/600105/delete [32m200 [0m1.098 ms - -[0m
600104
[0mDELETE /eightbasics/600104/delete [32m200 [0m0.954 ms - -[0m
[0mGET /goal?goaltype=1 [32m200 [0m155.515 ms - 270[0m
output generated
[0mGET /goal?goaltype=0 [32m200 [0m225.562 ms - 26[0m
output generated
[0mGET /eightbasics/getInfoList [32m200 [0m5.993 ms - 1269[0m
output generated
[0mGET /allcontacts [32m200 [0m133.191 ms - 78095[0m
output generated
[0mGET /eightbasics/get8basicLists [32m200 [0m5.926 ms - 5957[0m
output generated
[0mGET /profile/profileid?name=Harith+Ready+Clg [32m200 [0m89.257 ms - 208[0m
output generated
[0mGET /details/detailList?name=Harith+Ready+Clg [32m200 [0m259.067 ms - 565[0m
output generated
[0mGET /profile/profileid?name=Harith+Ready+Clg [32m200 [0m3.262 ms - 208[0m
output generated
[0mPOST /relationship [32m200 [0m114.697 ms - -[0m
[0mPOST /relationship [32m200 [0m1.159 ms - -[0m
[0mGET /goal?goaltype=1 [32m200 [0m147.407 ms - 270[0m
output generated
[0mGET /goal?goaltype=0 [32m200 [0m99.126 ms - 26[0m
output generated
[0mGET /eightbasics/getInfoList [32m200 [0m3.662 ms - 859[0m
output generated
[0mGET /eightbasics/getInwaitList [32m200 [0m4.547 ms - 2285[0m
output generated
[0mGET /eightbasics/getPlanList [32m200 [0m3.883 ms - 223[0m
output generated
[0mGET /eightbasics/getCloserList [32m200 [0m3.554 ms - 26[0m
output generated
[0mGET /eightbasics/getDrList [32m200 [0m3.608 ms - 26[0m
output generated
[0mPOST /login/getKey?email=sambatharjunan%40gmail.com [32m200 [0m1.814 ms - 133[0m
[0mPOST /login?email=sambatharjunan%40gmail.com&password=9790979908 [32m200 [0m3.277 ms - 168[0m
output generated
[0mGET /eightbasics/getInfoList [32m200 [0m3.354 ms - 859[0m
output generated
[0mGET /allcontacts [32m200 [0m90.090 ms - 78095[0m
output generated
{
  id: null,
  idUser: '14347',
  name: 'Abinav',
  initial: 'A',
  phone: '720-083-3795',
  email: 'sam@gmail.com',
  info: 1,
  inwait: 0,
  plan: 0,
  closer: 0,
  rejected: 0,
  dr: null,
  time: null,
  percentage: '30'
}
[0mPOST /eightbasics [32m200 [0m3.920 ms - -[0m
{
  id: null,
  idUser: '14037',
  name: 'Abishek Scl 10th',
  initial: 'A',
  phone: '944-586-1445',
  email: 'sam@gmail.com',
  info: 1,
  inwait: 0,
  plan: 0,
  closer: 0,
  rejected: 0,
  dr: null,
  time: null,
  percentage: '30'
}
[0mPOST /eightbasics [32m200 [0m1.448 ms - -[0m
{
  id: null,
  idUser: '14416',
  name: 'Aishu',
  initial: 'A',
  phone: '+917358525667',
  email: 'sam@gmail.com',
  info: 1,
  inwait: 0,
  plan: 0,
  closer: 0,
  rejected: 0,
  dr: null,
  time: null,
  percentage: '30'
}
[0mPOST /eightbasics [32m200 [0m1.460 ms - -[0m
{
  id: null,
  idUser: '14785',
  name: 'Ajith Meshack Scl Comerce',
  initial: 'A',
  phone: '967-710-5928',
  email: 'sam@gmail.com',
  info: 1,
  inwait: 0,
  plan: 0,
  closer: 0,
  rejected: 0,
  dr: null,
  time: null,
  percentage: '30'
}
[0mPOST /eightbasics [32m200 [0m1.288 ms - -[0m
{
  id: null,
  idUser: '13871',
  name: 'Ajith Urr Current',
  initial: 'A',
  phone: '+918667561543',
  email: 'sam@gmail.com',
  info: 1,
  inwait: 0,
  plan: 0,
  closer: 0,
  rejected: 0,
  dr: null,
  time: null,
  percentage: '30'
}
[0mPOST /eightbasics [32m200 [0m1.367 ms - -[0m
{
  id: null,
  idUser: '14797',
  name: 'Ajith Vembuli Cricket',
  initial: 'A',
  phone: '+919962610307',
  email: 'sam@gmail.com',
  info: 1,
  inwait: 0,
  plan: 0,
  closer: 0,
  rejected: 0,
  dr: null,
  time: null,
  percentage: '30'
}
[0mPOST /eightbasics [32m200 [0m5.256 ms - -[0m
[0mGET /allcontacts [32m200 [0m67.303 ms - 77559[0m
output generated
[0mGET /allcontacts [32m200 [0m31.763 ms - 77559[0m
output generated
{
  id: null,
  idUser: '14509',
  name: 'Manibarathii Mech',
  initial: 'M',
  phone: '+918248006256',
  email: 'sam@gmail.com',
  info: 1,
  inwait: 0,
  plan: 0,
  closer: 0,
  rejected: 0,
  dr: null,
  time: null,
  percentage: '30'
}
[0mPOST /eightbasics [32m200 [0m1.338 ms - -[0m
{
  id: null,
  idUser: '18913',
  name: 'Mari Hari Gundan',
  initial: 'M',
  phone: '+917904940560',
  email: 'sam@gmail.com',
  info: 1,
  inwait: 0,
  plan: 0,
  closer: 0,
  rejected: 0,
  dr: null,
  time: null,
  percentage: '30'
}
[0mPOST /eightbasics [32m200 [0m1.324 ms - -[0m
[0mGET /goal?goaltype=1 [32m200 [0m147.159 ms - 270[0m
output generated
[0mGET /goal?goaltype=0 [32m200 [0m98.844 ms - 26[0m
output generated
[0mGET /eightbasics/getInfoList [32m200 [0m3.467 ms - 2499[0m
output generated
[0mGET /details/detailList?name=Abinav [32m200 [0m3.715 ms - 26[0m
output generated
[0mGET /profile/profileid?name=Abinav [32m200 [0m2.876 ms - 26[0m
output generated
[0mGET /profile/profileid?name=Abinav [32m200 [0m2.712 ms - 26[0m
output generated
[0mGET /profile/profileid?name=Abinav [32m200 [0m2.699 ms - 26[0m
output generated
[0mPOST /details/insertdetails [32m200 [0m1.751 ms - 8[0m
[0mGET /profile/profileid?name=Abinav [32m200 [0m2.662 ms - 26[0m
output generated
[0mGET /profile/profileid?name=Abinav [32m200 [0m3.607 ms - 26[0m
output generated
[0mPOST /login/getKey?email=sambatharjunan%40gmail.com [32m200 [0m1.637 ms - 133[0m
[0mPOST /login?email=sambatharjunan%40gmail.com&password=9790979908 [32m200 [0m3.149 ms - 168[0m
output generated
[0mGET /eightbasics/getInfoList [32m200 [0m3.588 ms - 2499[0m
output generated
600111
[0mDELETE /eightbasics/600111/delete [32m200 [0m0.938 ms - -[0m
[0mGET /goal?goaltype=1 [32m200 [0m150.223 ms - 270[0m
output generated
[0mGET /goal?goaltype=0 [32m200 [0m97.469 ms - 26[0m
output generated
[0mPOST /relationship [32m200 [0m1.634 ms - -[0m
[0mGET /relationship [32m200 [0m1509.218 ms - 815[0m
output generated
[0mGET /eightbasics/getInfoList [32m200 [0m4.175 ms - 2304[0m
output generated
[0mGET / [32m200 [0m42.919 ms - 1087[0m
[0mGET /HNAP1/ [33m404 [0m3055.914 ms - 1921[0m
