db connected
[0mPOST /login/getKey?email=sambatharjunan%40gmail.com [32m200 [0m607.371 ms - 133[0m
[0mPOST /login/getKey?email=sambatharjunan%40gmail.com [32m200 [0m2.129 ms - 133[0m
[0mPOST /login?email=sambatharjunan%40gmail.com&password=9790979908 [32m200 [0m145.803 ms - 168[0m
output generated
[0mGET /eightbasics/getInfoList [32m200 [0m420.885 ms - 6351[0m
output generated
[0mGET /eightbasics/getInwaitList [32m200 [0m6.002 ms - 3853[0m
output generated
[0mGET /eightbasics/getPlanList [32m200 [0m5.192 ms - 626[0m
output generated
[0mGET /eightbasics/getCloserList [32m200 [0m4.536 ms - 431[0m
output generated
[0mGET /eightbasics/getDrList [32m200 [0m4.276 ms - 236[0m
output generated
[0mGET /getTrackingList [32m200 [0m612.424 ms - 9008[0m
output generated
[0mGET /details/detailList?name=Dhenna+Viji [32m200 [0m45.671 ms - 517[0m
output generated
[0mGET /eightbasics/getInfoList [32m200 [0m8.878 ms - 6351[0m
output generated
