db connected
[0mPOST /login/getKey?email=9790979909 [32m200 [0m97.502 ms - 26[0m
[0mPOST /login?email=9790979909&password=ghj [32m200 [0m42.788 ms - 26[0m
output generated
[0mPOST /login?email=9790979909&password=ghj [32m200 [0m2.655 ms - 26[0m
output generated
[0mPOST /login?email=9790979909&password=9790979908 [32m200 [0m4.368 ms - 26[0m
output generated
[0mPOST /login/getKey?email=donsam1997%40gmail.com [32m200 [0m1.533 ms - 26[0m
[0mPOST /login?email=donsam1997%40gmail.com&password=46g [32m200 [0m2.561 ms - 26[0m
output generated
[0mPOST /login?email=donsam1997%40gmail.com&password=46g [32m200 [0m2.501 ms - 26[0m
output generated
[0mPOST /login?email=donsam1997%40gmail.com&password=46g [32m200 [0m2.524 ms - 26[0m
output generated
[0mPOST /login?email=donsam1997%40gmail.com&password=46g [32m200 [0m2.538 ms - 26[0m
output generated
[0mPOST /login?email=donsam1997%40gmail.com&password=46g [32m200 [0m3.333 ms - 26[0m
output generated
[0mPOST /login?email=donsam1997%40gmail.com&password=46g [32m200 [0m2.489 ms - 26[0m
output generated
[0mPOST /login?email=donsam1997%40gmail.com&password=46g [32m200 [0m2.503 ms - 26[0m
output generated
[0mPOST /login?email=donsam1997%40gmail.com&password=9790979908 [32m200 [0m2.260 ms - 26[0m
output generated
[0mPOST /login?email=donsam1997%40gmail.com&password=9790979908 [32m200 [0m2.424 ms - 26[0m
output generated
[0mPOST /login?email=donsam1997%40gmail.com&password=9790979908 [32m200 [0m2.542 ms - 26[0m
output generated
[0mPOST /login?email=donsam1997%40gmail.com&password=9790979908 [32m200 [0m2.429 ms - 26[0m
output generated
[0mPOST /login?email=donsam1997%40gmail.com&password=9790979908 [32m200 [0m2.401 ms - 26[0m
output generated
[0mPOST /login/getKey?email=donsam1997%40gmail.com [32m200 [0m1.390 ms - 26[0m
[0mPOST /login?email=donsam1997%40gmail.com&password=9790979908 [32m200 [0m2.401 ms - 26[0m
output generated
[0mPOST /login?email=donsam1997%40gmail.com&password=9790979908 [32m200 [0m3.404 ms - 26[0m
output generated
[0mPOST /login?email=donsam1997%40gmail.com&password=9790979908 [32m200 [0m2.370 ms - 26[0m
output generated
[0mPOST /login?email=donsam1997%40gmail.com&password=9790979908 [32m200 [0m2.271 ms - 26[0m
output generated
[0mPOST /login?email=donsam1997%40gmail.com&password=9790979908 [32m200 [0m2.335 ms - 26[0m
output generated
[0mPOST /login?email=donsam1997%40gmail.com&password=9790979908 [32m200 [0m2.412 ms - 26[0m
output generated
[0mPOST /login?email=donsam1997%40gmail.com&password=9790979908 [32m200 [0m2.291 ms - 26[0m
output generated
[0mPOST /login?email=donsam1997%40gmail.com&password=9790979908 [32m200 [0m2.351 ms - 26[0m
output generated
[0mPOST /login?email=donsam1997%40gmail.com&password=9790979908 [32m200 [0m2.412 ms - 26[0m
output generated
[0mPOST /login?email=donsam1997%40gmail.com&password=9790979908 [32m200 [0m2.393 ms - 26[0m
output generated
[0mPOST /login?email=donsam1997%40gmail.com&password=9790979908 [32m200 [0m2.268 ms - 26[0m
output generated
[0mPOST /login?email=donsam1997%40gmail.com&password=9790979908 [32m200 [0m2.283 ms - 26[0m
output generated
[0mPOST /login?email=donsam1997%40gmail.com&password=9790979908 [32m200 [0m2.618 ms - 26[0m
output generated
[0mPOST /login?email=donsam1997%40gmail.com&password=9790979908 [32m200 [0m2.398 ms - 26[0m
output generated
[0mPOST /login?email=donsam1997%40gmail.com&password=9790979908 [32m200 [0m2.413 ms - 26[0m
output generated
[0mPOST /login?email=donsam1997%40gmail.com&password=9790979908 [32m200 [0m3.650 ms - 26[0m
output generated
[0mPOST /login?email=donsam1997%40gmail.com&password=9790979908 [32m200 [0m2.260 ms - 26[0m
output generated
[0mPOST /login?email=donsam1997%40gmail.com&password=9790979908 [32m200 [0m2.327 ms - 26[0m
output generated
[0mGET / [32m200 [0m42.646 ms - 1087[0m
[0mGET / [32m200 [0m1.635 ms - 1087[0m
[0mGET /favicon.ico [33m404 [0m2715.430 ms - 1921[0m
[0mGET / [32m200 [0m2.070 ms - 1087[0m
