db connected
[0mPOST /login/getKey?email=sambatharjunan%40gmail.com [32m200 [0m131.910 ms - 133[0m
[0mPOST /login?email=sambatharjunan%40gmail.com&password=9790979908 [32m200 [0m43.440 ms - 168[0m
output generated
[0mGET /eightbasics/getInfoList [32m200 [0m170.260 ms - 27337[0m
output generated
[0mPOST /relationship [32m200 [0m171.767 ms - -[0m
[0mGET /relationship [32m200 [0m1754.893 ms - 816[0m
output generated
[0mGET /calllog [32m200 [0m23.087 ms - 18114[0m
output generated
[0mGET /getTrackingList [32m200 [0m158.966 ms - 19098[0m
output generated
[0mGET /getTrackingList [32m200 [0m224.427 ms - 19098[0m
output generated
[0mGET /eightbasics/getInfoList [32m200 [0m14.728 ms - 27744[0m
output generated
[0mGET /details/detailList?name=BhaiiEEE+Sayad+Sai [32m200 [0m14.564 ms - 26[0m
output generated
[0mGET /profile/profileid?name=BhaiiEEE+Sayad+Sai [32m200 [0m65.281 ms - 26[0m
output generated
[0mGET / [32m200 [0m367.506 ms - 1087[0m
[0mGET /HNAP1/ [33m404 [0m4125.419 ms - 1921[0m
[0mPOST /login/getKey?email=sambatharjunan%40gmail.com [32m200 [0m67.311 ms - 133[0m
[0mPOST /login?email=sambatharjunan%40gmail.com&password=9790979908 [32m200 [0m2.999 ms - 168[0m
output generated
[0mGET /eightbasics/getInfoList [32m200 [0m37.659 ms - 27744[0m
output generated
