db connected
[0mPOST /relationship [32m200 [0m2521.138 ms - -[0m
[0mGET /eightbasics/getInfoList [32m200 [0m4723.696 ms - 27534[0m
output generated
[0mGET /relationship [32m200 [0m14906.201 ms - 1223[0m
output generated
[0mPOST /relationship [32m200 [0m2.995 ms - -[0m
[0mGET /eightbasics/getRejectedList [32m200 [0m7.150 ms - 1643[0m
output generated
[0mGET /relationship [32m200 [0m4227.543 ms - 1223[0m
output generated
[0mGET /eightbasics/getInfoList [32m200 [0m28.917 ms - 27534[0m
output generated
[0mGET /eightbasics/getInwaitList [32m200 [0m6.665 ms - 4255[0m
output generated
[0mGET /eightbasics/getPlanList [32m200 [0m4.358 ms - 626[0m
output generated
[0mGET /eightbasics/getCloserList [32m200 [0m5.303 ms - 634[0m
output generated
[0mGET /goal?goaltype=1 [32m200 [0m921.216 ms - 271[0m
output generated
[0mGET /goal?goaltype=0 [32m200 [0m121.389 ms - 264[0m
output generated
[0mGET /goal?goaltype=0 [32m200 [0m105.951 ms - 264[0m
output generated
[0mGET /goal?goaltype=0 [32m200 [0m98.414 ms - 264[0m
output generated
[0mGET /goal?goaltype=0 [32m200 [0m158.358 ms - 264[0m
output generated
[0mGET /goal?goaltype=0 [32m200 [0m99.556 ms - 264[0m
output generated
[0mGET / [32m200 [0m57.679 ms - 1087[0m
[0mPOST /login/getKey?email=sambatharjunan%40gmail.com [32m200 [0m161.837 ms - 133[0m
[0mPOST /login?email=sambatharjunan%40gmail.com&password=9790979908 [32m200 [0m4.283 ms - 168[0m
output generated
[0mGET /eightbasics/getInfoList [32m200 [0m13.715 ms - 27534[0m
output generated
600396
[0mDELETE /eightbasics/600396/delete [32m200 [0m3.306 ms - -[0m
[0mGET /details/detailList?name=Badrinath+Mech+Sit+Balasidhart [32m200 [0m157.362 ms - 26[0m
output generated
[0mGET /profile/profileid?name=Badrinath+Mech+Sit+Balasidhart [32m200 [0m371.582 ms - 204[0m
output generated
[0mGET /profile/profileid?name=Badrinath+Mech+Sit+Balasidhart [32m200 [0m3.259 ms - 204[0m
output generated
[0mGET /profile/profileid?name=Bharathi+It+Secretory [32m200 [0m2.815 ms - 26[0m
output generated
[0mGET /details/detailList?name=Bharathi+It+Secretory [32m200 [0m2.911 ms - 26[0m
output generated
[0mGET /profile/profileid?name=Badrinath+Mech+Sit+Balasidhart [32m200 [0m3.221 ms - 204[0m
output generated
[0mGET /profile/profileid?name=Badrinath+Mech+Sit+Balasidhart [32m200 [0m3.663 ms - 204[0m
[0mGET /details/detailList?name=Badrinath+Mech+Sit+Balasidhart [32m200 [0m5.997 ms - 26[0m
output generated
output generated
[0mGET /profile/profileid?name=Badrinath+Mech+Sit+Balasidhart [32m200 [0m3.700 ms - 204[0m
output generated
[0mGET /profile/profileid?name=Badrinath+Mech+Sit+Balasidhart [32m200 [0m2.930 ms - 204[0m
output generated
[0mGET /profile/profileid?name=Badrinath+Mech+Sit+Balasidhart [32m200 [0m3.105 ms - 204[0m
output generated
[0mGET /profile/profileid?name=Badrinath+Mech+Sit+Balasidhart [32m200 [0m3.016 ms - 204[0m
output generated
[0mGET /profile/profileid?name=Badrinath+Mech+Sit+Balasidhart [32m200 [0m2.979 ms - 204[0m
output generated
[0mGET /profile/profileid?name=Badrinath+Mech+Sit+Balasidhart [32m200 [0m12.033 ms - 204[0m
output generated
{
  id: null,
  name: 'Badrinath Mech Sit Balasidhart',
  address: '',
  job: '',
  sallery: '',
  family: '',
  country: '',
  state: '',
  place: '',
  dtime: ''
}
[0mPUT /profile/upprofiledetails/37 [32m200 [0m16.972 ms - -[0m
[0mGET /profile/profileid?name=Badrinath+Mech+Sit+Balasidhart [32m200 [0m41.376 ms - 197[0m
output generated
[0mGET /profile/profileid?name=Badrinath+Mech+Sit+Balasidhart [32m200 [0m42.009 ms - 197[0m
output generated
[0mGET /profile/profileid?name=Badrinath+Mech+Sit+Balasidhart [32m200 [0m3.816 ms - 197[0m
output generated
[0mGET /profile/profileid?name=Badrinath+Mech+Sit+Balasidhart [32m200 [0m4.044 ms - 197[0m
output generated
[0mPOST /details/insertdetails [32m200 [0m3.105 ms - 8[0m
[0mGET /profile/profileid?name=Badrinath+Mech+Sit+Balasidhart [32m200 [0m4.172 ms - 197[0m
output generated
[0mGET /details/detailList?name=Badrinath+Mech+Sit+Balasidhart [32m200 [0m42.612 ms - 205[0m
output generated
[0mGET /profile/profileid?name=Badrinath+Mech+Sit+Balasidhart [32m200 [0m3.679 ms - 197[0m
output generated
[0mGET /profile/profileid?name=Badrinath+Mech+Sit+Balasidhart [32m200 [0m52.519 ms - 197[0m
output generated
[0mGET /details/detailList?name=Badrinath+Mech+Sit+Balasidhart [32m200 [0m3.906 ms - 205[0m
[0mGET /profile/profileid?name=Badrinath+Mech+Sit+Balasidhart [32m200 [0m4.941 ms - 197[0m
output generated
output generated
[0mGET /profile/profileid?name=Badrinath+Mech+Sit+Balasidhart [32m200 [0m2.834 ms - 197[0m
output generated
[0mGET /profile/profileid?name=Bharathi+It+Secretory [32m200 [0m2.776 ms - 26[0m
output generated
[0mGET /details/detailList?name=Bharathi+It+Secretory [32m200 [0m2.721 ms - 26[0m
output generated
[0mGET /profile/profileid?name=Badrinath+Mech+Sit+Balasidhart [32m200 [0m2.607 ms - 197[0m
output generated
[0mGET /details/detailList?name=Badrinath+Mech+Sit+Balasidhart [32m200 [0m2.852 ms - 205[0m
output generated
[0mGET /profile/profileid?name=Badrinath+Mech+Sit+Balasidhart [32m200 [0m2.726 ms - 197[0m
output generated
Error: connect ETIMEDOUT 2404:6800:4003:c00::6d:465
    at TCPConnectWrap.afterConnect [as oncomplete] (net.js:1141:16) {
  errno: 'ETIMEDOUT',
  code: 'ESOCKET',
  syscall: 'connect',
  address: '2404:6800:4003:c00::6d',
  port: 465,
  command: 'CONN'
}
