db connected
[0mPOST /login/getKey?email=sambatharjunan%40gmail.com [32m200 [0m357.036 ms - 133[0m
[0mPOST /login?email=sambatharjunan%40gmail.com&password=9790979908 [32m200 [0m84.423 ms - 168[0m
output generated
[0mGET /eightbasics/getInfoList [32m200 [0m132.964 ms - 26[0m
output generated
[0mGET /eightbasics/getInwaitList [32m200 [0m73.959 ms - 3989[0m
output generated
[0mGET /profile/profileid?name=Ajith+Gurunak+Swiggy [32m200 [0m220.923 ms - 26[0m
output generated
[0mGET /details/detailList?name=Ajith+Gurunak+Swiggy [32m200 [0m180.320 ms - 26[0m
output generated
[0mGET /details/detailList?name=Akansha+Scl+New+2 [32m200 [0m4.008 ms - 26[0m
output generated
[0mGET /profile/profileid?name=Akansha+Scl+New+2 [32m200 [0m3.301 ms - 26[0m
output generated
[0mGET /profile/profileid?name=Akansha+Scl+New+2 [32m200 [0m3.209 ms - 26[0m
output generated
[0mGET /profile/profileid?name=Akansha+Scl+New+2 [32m200 [0m30.768 ms - 26[0m
output generated
[0mGET /profile/profileid?name=Akansha+Scl+New+2 [32m200 [0m3.517 ms - 26[0m
output generated
[0mPOST /details/insertdetails [32m200 [0m115.570 ms - 8[0m
[0mGET /profile/profileid?name=Akansha+Scl+New+2 [32m200 [0m24.328 ms - 26[0m
output generated
[0mGET /allcontacts [32m200 [0m224.599 ms - 81254[0m
output generated
{
  id: null,
  idUser: '14543',
  name: 'Siva Sai',
  initial: 'S',
  phone: '893-924-7794',
  email: 'sam@gmail.com',
  info: 1,
  inwait: 0,
  plan: 0,
  closer: 0,
  rejected: 0,
  dr: null,
  time: null,
  percentage: '30'
}
[0mPOST /eightbasics [32m200 [0m4.695 ms - -[0m
{
  id: null,
  idUser: '14543',
  name: 'Siva Sai',
  initial: 'S',
  phone: '893-924-7794',
  email: 'sam@gmail.com',
  info: 1,
  inwait: 0,
  plan: 0,
  closer: 0,
  rejected: 0,
  dr: null,
  time: null,
  percentage: '30'
}
[0mPOST /eightbasics [32m200 [0m1.390 ms - -[0m
[0mPOST /relationship [32m200 [0m7.428 ms - -[0m
[0mGET /eightbasics/getInfoList [32m200 [0m4.435 ms - 218[0m
output generated
[0mGET /profile/profileid?name=Siva+Sai [32m200 [0m3.741 ms - 197[0m
output generated
[0mGET /profile/profileid?name=Siva+Sai [32m200 [0m4.007 ms - 197[0m
output generated
[0mGET /details/detailList?name=Siva+Sai [32m200 [0m220.618 ms - 773[0m
output generated
[0mGET /relationship [32m200 [0m2858.306 ms - 26[0m
output generated
[0mGET /allcontacts [32m200 [0m173.408 ms - 81171[0m
output generated
{
  id: null,
  idUser: '13901',
  name: 'Ashiqe',
  initial: 'A',
  phone: '+919790520212',
  email: 'sam@gmail.com',
  info: 1,
  inwait: 0,
  plan: 0,
  closer: 0,
  rejected: 0,
  dr: null,
  time: null,
  percentage: '30'
}
[0mPOST /eightbasics [32m200 [0m5.947 ms - -[0m
{
  id: null,
  idUser: '14040',
  name: 'Asswanth',
  initial: 'A',
  phone: '+918056510504',
  email: 'sam@gmail.com',
  info: 1,
  inwait: 0,
  plan: 0,
  closer: 0,
  rejected: 0,
  dr: null,
  time: null,
  percentage: '30'
}
[0mPOST /eightbasics [32m200 [0m5.621 ms - -[0m
{
  id: null,
  idUser: '14346',
  name: 'Aswin',
  initial: 'A',
  phone: '+918428456064',
  email: 'sam@gmail.com',
  info: 1,
  inwait: 0,
  plan: 0,
  closer: 0,
  rejected: 0,
  dr: null,
  time: null,
  percentage: '30'
}
[0mPOST /eightbasics [32m200 [0m2.236 ms - -[0m
{
  id: null,
  idUser: '13912',
  name: 'Dhina Pall',
  initial: 'D',
  phone: '+919750517566',
  email: 'sam@gmail.com',
  info: 1,
  inwait: 0,
  plan: 0,
  closer: 0,
  rejected: 0,
  dr: null,
  time: null,
  percentage: '30'
}
[0mPOST /eightbasics [32m200 [0m15.754 ms - -[0m
[0mPOST /relationship [32m200 [0m5.019 ms - -[0m
[0mGET /eightbasics/getInfoList [32m200 [0m4.993 ms - 991[0m
output generated
[0mGET /relationship [32m200 [0m1663.636 ms - 26[0m
output generated
[0mPUT /eightbasics?type=2&percentage=40 [32m200 [0m1.451 ms - -[0m
[0mGET /eightbasics/getInwaitList [32m200 [0m4.356 ms - 4181[0m
output generated
[0mGET /eightbasics/getPlanList [32m200 [0m4.694 ms - 2606[0m
output generated
[0mPUT /eightbasics?type=5&percentage=40 [32m200 [0m1.217 ms - -[0m
[0mPOST /relationship [32m200 [0m1.696 ms - -[0m
[0mGET /eightbasics/getRejectedList [32m200 [0m36.574 ms - 217[0m
output generated
[0mGET /eightbasics/getRejectedList [32m200 [0m29.867 ms - 217[0m
output generated
[0mGET /eightbasics/getRejectedList [32m200 [0m6.061 ms - 217[0m
output generated
[0mGET /getTrackingList [32m200 [0m554.732 ms - 3216[0m
output generated
[0mGET /relationship [32m200 [0m1777.718 ms - 26[0m
output generated
[0mPUT /eightbasics?type=2&percentage=40 [32m200 [0m1.100 ms - -[0m
[0mGET /eightbasics/getInfoList [32m200 [0m3.005 ms - 799[0m
output generated
[0mGET /eightbasics/getInwaitList [32m200 [0m5.835 ms - 4181[0m
output generated
[0mPUT /eightbasics?type=5&percentage=40 [32m200 [0m5.589 ms - -[0m
[0mPOST /relationship [32m200 [0m1.397 ms - -[0m
[0mGET /eightbasics/getRejectedList [32m200 [0m2.939 ms - 217[0m
output generated
[0mGET /relationship [32m200 [0m1796.354 ms - 26[0m
output generated
40
[0mDELETE /eightbasics/40/delete [32m200 [0m1.262 ms - -[0m
[0mGET /eightbasics/getInfoList [32m200 [0m3.261 ms - 799[0m
output generated
[0mGET /allcontacts [32m200 [0m98.383 ms - 80922[0m
output generated
{
  id: null,
  idUser: '13901',
  name: 'Ashiqe',
  initial: 'A',
  phone: '+919790520212',
  email: 'sam@gmail.com',
  info: 1,
  inwait: 0,
  plan: 0,
  closer: 0,
  rejected: 0,
  dr: null,
  time: null,
  percentage: '30'
}
[0mPOST /eightbasics [32m200 [0m1.329 ms - -[0m
[0mPOST /relationship [32m200 [0m1.375 ms - -[0m
[0mGET /eightbasics/getInfoList [32m200 [0m3.238 ms - 991[0m
output generated
[0mGET /relationship [32m200 [0m1449.983 ms - 26[0m
output generated
[0mGET /allcontacts [32m200 [0m67.670 ms - 80841[0m
output generated
{
  id: null,
  idUser: '14714',
  name: 'Dhenna Viji',
  initial: 'D',
  phone: '+919962860747',
  email: 'sam@gmail.com',
  info: 1,
  inwait: 0,
  plan: 0,
  closer: 0,
  rejected: 0,
  dr: null,
  time: null,
  percentage: '30'
}
[0mPOST /eightbasics [32m200 [0m1.463 ms - -[0m
{
  id: null,
  idUser: '14611',
  name: 'Dhinesh',
  initial: 'D',
  phone: '+918056198731',
  email: 'sam@gmail.com',
  info: 1,
  inwait: 0,
  plan: 0,
  closer: 0,
  rejected: 0,
  dr: null,
  time: null,
  percentage: '30'
}
[0mPOST /eightbasics [32m200 [0m11.502 ms - -[0m
{
  id: null,
  idUser: '14215',
  name: 'Jai',
  initial: 'J',
  phone: '+919003240382',
  email: 'sam@gmail.com',
  info: 1,
  inwait: 0,
  plan: 0,
  closer: 0,
  rejected: 0,
  dr: null,
  time: null,
  percentage: '30'
}
[0mPOST /eightbasics [32m200 [0m1.545 ms - -[0m
{
  id: null,
  idUser: '14016',
  name: 'Janani Karasuu',
  initial: 'J',
  phone: '+919790048502',
  email: 'sam@gmail.com',
  info: 1,
  inwait: 0,
  plan: 0,
  closer: 0,
  rejected: 0,
  dr: null,
  time: null,
  percentage: '30'
}
[0mPOST /eightbasics [32m200 [0m1.506 ms - -[0m
{
  id: null,
  idUser: '14708',
  name: 'Joyshna',
  initial: 'J',
  phone: '+919940310274',
  email: 'sam@gmail.com',
  info: 1,
  inwait: 0,
  plan: 0,
  closer: 0,
  rejected: 0,
  dr: null,
  time: null,
  percentage: '30'
}
[0mPOST /eightbasics [32m200 [0m1.303 ms - -[0m
{
  id: null,
  idUser: '14845',
  name: 'Kamesh RL',
  initial: 'K',
  phone: '+917401795523',
  email: 'sam@gmail.com',
  info: 1,
  inwait: 0,
  plan: 0,
  closer: 0,
  rejected: 0,
  dr: null,
  time: null,
  percentage: '30'
}
[0mPOST /eightbasics [32m200 [0m1.209 ms - -[0m
