db connected
[0mPOST /login/getKey?email=sambatharjunan%40gmail.com [32m200 [0m1318.688 ms - 133[0m
[0mPOST /login/getKey?email=sambatharjunan%40gmail.com [32m200 [0m626.356 ms - 133[0m
[0mPOST /login?email=sambatharjunan%40gmail.com&password=9790979908 [32m200 [0m396.288 ms - 168[0m
output generated
[0mGET /eightbasics/getInfoList [32m200 [0m218.431 ms - 25868[0m
output generated
[0mGET /goal?goaltype=1 [32m200 [0m2528.499 ms - 271[0m
output generated
[0mGET /goal?goaltype=0 [32m200 [0m137.558 ms - 26[0m
output generated
[0mGET /goal?goaltype=1 [32m200 [0m98.769 ms - 271[0m
output generated
[0mGET /goal?goaltype=0 [32m200 [0m97.049 ms - 26[0m
output generated
[0mGET /goal?goaltype=1 [32m200 [0m126.177 ms - 271[0m
output generated
[0mGET /goal?goaltype=0 [32m200 [0m98.862 ms - 26[0m
output generated
[0mGET /goal?goaltype=1 [32m200 [0m98.473 ms - 271[0m
output generated
[0mGET /goal?goaltype=0 [32m200 [0m95.256 ms - 26[0m
output generated
[0mPOST /goal [32m200 [0m843.431 ms - -[0m
[0mGET /goal?goaltype=1 [32m200 [0m153.036 ms - 272[0m
output generated
[0mGET /goal?goaltype=0 [32m200 [0m97.798 ms - 268[0m
output generated
[0mGET /goal?goaltype=1 [32m200 [0m98.344 ms - 272[0m
output generated
[0mGET /goal?goaltype=0 [32m200 [0m97.476 ms - 268[0m
output generated
[0mPOST /goal [32m200 [0m366.586 ms - -[0m
[0mGET /goal?goaltype=1 [32m200 [0m101.690 ms - 271[0m
output generated
[0mGET /goal?goaltype=0 [32m200 [0m99.442 ms - 26[0m
output generated
[0mGET /goal?goaltype=1 [32m200 [0m96.242 ms - 271[0m
output generated
[0mGET /goal?goaltype=0 [32m200 [0m95.206 ms - 26[0m
output generated
{
  id: null,
  feeling: 'woried',
  knowledge: 'humans mindset always changes . be focused and do activity consitantly.',
  activity: '0 info ',
  nextdayplan: 'prepare list for inwait . thanigai and rubica zoom meeting . reading 3 book 4 book . going to buy new mobile',
  goal: 'follow activity  . 5 plans ',
  nextdream: 'KTM BIKE , MOBILE',
  time: null
}
[0mPOST /one108 [32m200 [0m36.650 ms - -[0m
[0mGET /goal?goaltype=1 [32m200 [0m103.002 ms - 271[0m
enter
output generated
[0mGET /goal?goaltype=0 [32m200 [0m98.273 ms - 26[0m
output generated
[0mGET /goal?goaltype=1 [32m200 [0m98.744 ms - 271[0m
output generated
