db connected
entering into list
[0mPUT /eightbasics/list?type=3&percentage=60 [32m200 [0m8.130 ms - -[0m
entering into list
[0mPUT /eightbasics/list?type=2&percentage=20 [32m200 [0m198.406 ms - -[0m
entering into list
[0mPUT /eightbasics/list?type=3&percentage=20 [32m200 [0m2.475 ms - -[0m
entering into list
[0mPUT /eightbasics/list?type=3&percentage=20 [32m200 [0m1.457 ms - -[0m
entering into list
[0mPUT /eightbasics/list?type=2&percentage=40 [32m200 [0m1.156 ms - -[0m
entering into list
[0mPUT /eightbasics/list?type=2&percentage=40 [32m200 [0m1.189 ms - -[0m
[0mGET /details/detailList?name=Civil+Rangith [32m200 [0m392.233 ms - 26[0m
[0mGET /profile/profileid?name=Civil+Rangith [32m200 [0m421.691 ms - 26[0m
output generated
output generated
[0mPOST /login/getKey?email=sambatharjunan%40gmail.com [32m200 [0m1672.736 ms - 133[0m
[0mPOST /login?email=sambatharjunan%40gmail.com&password=9790979908 [32m200 [0m495.677 ms - 168[0m
output generated
[0mGET /eightbasics/getInfoList [32m200 [0m250.143 ms - 26[0m
output generated
[0mGET /goal?goaltype=1 [32m200 [0m5837.986 ms - 283[0m
output generated
[0mGET /goal?goaltype=0 [32m200 [0m195.155 ms - 26[0m
output generated
22020-08-012020-10-06
[0mGET /goal?goaltype=1 [32m200 [0m147.804 ms - 283[0m
[0mGET /getTimingDetails?category=2&from=2020-08-01&to=2020-10-06 [32m200 [0m376.331 ms - 1027[0m
output generated
output generated
62020-08-012020-10-06
[0mGET /getTimingDetails?category=6&from=2020-08-01&to=2020-10-06 [32m200 [0m6.845 ms - 5584[0m
output generated
22020-04-012020-10-06
[0mGET /getTimingDetails?category=2&from=2020-04-01&to=2020-10-06 [32m200 [0m6.945 ms - 5056[0m
output generated
[0mGET /details/detailList?name=Abishek+Scl+10th [32m200 [0m3.923 ms - 26[0m
[0mGET /profile/profileid?name=Abishek+Scl+10th [32m200 [0m4.891 ms - 26[0m
output generated
output generated
22020-04-012020-10-06
[0mGET /getTimingDetails?category=2&from=2020-04-01&to=2020-10-06 [32m200 [0m64.308 ms - 5056[0m
output generated
32020-04-012020-10-06
[0mGET /getTimingDetails?category=3&from=2020-04-01&to=2020-10-06 [32m200 [0m11.006 ms - 626[0m
output generated
32020-04-012020-10-06
[0mGET /getTimingDetails?category=3&from=2020-04-01&to=2020-10-06 [32m200 [0m94.577 ms - 626[0m
output generated
22020-04-012020-10-06
[0mGET /getTimingDetails?category=2&from=2020-04-01&to=2020-10-06 [32m200 [0m15.590 ms - 5056[0m
output generated
entering into list
[0mPUT /eightbasics/list?type=4&percentage=80 [32m200 [0m90.813 ms - -[0m
entering into list
[0mPUT /eightbasics/list?type=4&percentage=80 [32m200 [0m41.646 ms - -[0m
entering into list
[0mPUT /eightbasics/list?type=3&percentage=60 [32m200 [0m52.410 ms - -[0m
[0mGET /eightbasics/getInfoList [32m200 [0m6.153 ms - 4981[0m
output generated
[0mGET /eightbasics/getCloserList [32m200 [0m36.537 ms - 634[0m
output generated
[0mGET /eightbasics/getPlanList [32m200 [0m39.895 ms - 626[0m
output generated
[0mGET /details/detailList?name=Anandh+Mama [32m200 [0m26.737 ms - 284[0m
output generated
[0mGET /profile/profileid?name=Anandh+Mama [32m200 [0m48.215 ms - 226[0m
output generated
[0mGET /profile/profileid?name=Anandh+Mama [32m200 [0m4.732 ms - 226[0m
[0mGET /eightbasics/getPlanList [32m200 [0m8.731 ms - 626[0m
output generated
output generated
[0mGET /profile/profileid?name=Anandh+Mama [32m200 [0m3.185 ms - 226[0m
output generated
[0mGET /profile/profileid?name=Anandh+Mama [32m200 [0m2.714 ms - 226[0m
output generated
[0mGET /profile/profileid?name=Anandh+Mama [32m200 [0m2.999 ms - 226[0m
output generated
[0mGET /profile/profileid?name=Anandh+Mama [32m200 [0m53.747 ms - 226[0m
output generated
[0mGET /goal?goaltype=1 [32m200 [0m323.754 ms - 283[0m
output generated
[0mGET /goal?goaltype=0 [32m200 [0m101.274 ms - 26[0m
output generated
2undefinedundefined
[0mGET /getTimingDetails?category=2 [32m200 [0m20.032 ms - 26[0m
output generated
[0mGET /goal?goaltype=1 [32m200 [0m319.855 ms - 283[0m
output generated
2undefinedundefined
[0mGET /getTimingDetails?category=2 [32m200 [0m3.418 ms - 26[0m
output generated
[0mGET /eightbasics/getInfoList [32m200 [0m78.294 ms - 4981[0m
output generated
[0mGET /goal?goaltype=1 [32m200 [0m108.413 ms - 283[0m
output generated
[0mGET /goal?goaltype=0 [32m200 [0m100.605 ms - 26[0m
output generated
12020-08-052020-10-07
[0mGET /getTimingDetails?category=1&from=2020-08-05&to=2020-10-07 [32m200 [0m42.123 ms - 9937[0m
output generated
[0mGET /goal?goaltype=1 [32m200 [0m127.688 ms - 283[0m
output generated
22020-08-052020-10-07
[0mGET /getTimingDetails?category=2&from=2020-08-05&to=2020-10-07 [32m200 [0m5.129 ms - 5659[0m
output generated
32020-08-052020-10-07
[0mGET /getTimingDetails?category=3&from=2020-08-05&to=2020-10-07 [32m200 [0m3.625 ms - 626[0m
output generated
42020-08-052020-10-07
[0mGET /getTimingDetails?category=4&from=2020-08-05&to=2020-10-07 [32m200 [0m3.545 ms - 634[0m
output generated
22020-08-052020-10-07
[0mGET /getTimingDetails?category=2&from=2020-08-05&to=2020-10-07 [32m200 [0m40.753 ms - 5659[0m
output generated
[0mGET /profile/profileid?name=Thanigai [32m200 [0m3.697 ms - 208[0m
output generated
[0mGET /profile/profileid?name=Thanigai [32m200 [0m2.944 ms - 208[0m
output generated
[0mGET /details/detailList?name=Thanigai [32m200 [0m209.916 ms - 26[0m
output generated
entering into list
[0mPUT /eightbasics/list?type=4&percentage=80 [32m200 [0m28.906 ms - -[0m
42020-08-052020-10-07
[0mGET /getTimingDetails?category=4&from=2020-08-05&to=2020-10-07 [32m200 [0m3.537 ms - 634[0m
output generated
22020-08-052020-10-07
[0mGET /getTimingDetails?category=2&from=2020-08-05&to=2020-10-07 [32m200 [0m41.015 ms - 5659[0m
output generated
entering into list
[0mPUT /eightbasics/list?type=3&percentage=60 [32m200 [0m0.891 ms - -[0m
