db connected
[0mPOST /login/getKey?email=sambatharjunan%40gmail.com [32m200 [0m229.992 ms - 133[0m
[0mPOST /login?email=sambatharjunan%40gmail.com&password=9790979908 [32m200 [0m90.622 ms - 168[0m
output generated
[0mGET /eightbasics/getInfoList [32m200 [0m300.078 ms - 2304[0m
output generated
[0mPOST /login?email=sambatharjunan%40gmail.com&password=9790979908 [32m200 [0m2.730 ms - 168[0m
output generated
[0mGET /eightbasics/getInfoList [32m200 [0m5.427 ms - 2304[0m
output generated
[0mGET /allcontacts [32m200 [0m306.618 ms - 77454[0m
output generated
{
  id: null,
  idUser: '14752',
  name: 'Dinesh Navalur Swiggy',
  initial: 'D',
  phone: '638-111-0397',
  email: 'sam@gmail.com',
  info: 1,
  inwait: 0,
  plan: 0,
  closer: 0,
  rejected: 0,
  dr: null,
  time: null,
  percentage: '30'
}
[0mPOST /eightbasics [32m200 [0m132.044 ms - -[0m
{
  id: null,
  idUser: '14129',
  name: 'Gowtham Q Kali',
  initial: 'G',
  phone: '+918526464863',
  email: 'sam@gmail.com',
  info: 1,
  inwait: 0,
  plan: 0,
  closer: 0,
  rejected: 0,
  dr: null,
  time: null,
  percentage: '30'
}
[0mPOST /eightbasics [32m200 [0m1.573 ms - -[0m
{
  id: null,
  idUser: '14383',
  name: 'Gowtham Revolite RL',
  initial: 'G',
  phone: '+919840892105',
  email: 'sam@gmail.com',
  info: 1,
  inwait: 0,
  plan: 0,
  closer: 0,
  rejected: 0,
  dr: null,
  time: null,
  percentage: '30'
}
[0mPOST /eightbasics [32m200 [0m2.424 ms - -[0m
{
  id: null,
  idUser: '14426',
  name: 'Isrel Amazon Job',
  initial: 'I',
  phone: '+919094814507',
  email: 'sam@gmail.com',
  info: 1,
  inwait: 0,
  plan: 0,
  closer: 0,
  rejected: 0,
  dr: null,
  time: null,
  percentage: '30'
}
[0mPOST /eightbasics [32m200 [0m1.723 ms - -[0m
{
  id: null,
  idUser: '14394',
  name: 'Jafer Amazon Ass Frnd',
  initial: 'J',
  phone: '+918883860555',
  email: 'sam@gmail.com',
  info: 1,
  inwait: 0,
  plan: 0,
  closer: 0,
  rejected: 0,
  dr: null,
  time: null,
  percentage: '30'
}
[0mPOST /eightbasics [32m200 [0m1.724 ms - -[0m
{
  id: null,
  idUser: '14679',
  name: 'Janarathanan Scl New',
  initial: 'J',
  phone: '+918248898239',
  email: 'sam@gmail.com',
  info: 1,
  inwait: 0,
  plan: 0,
  closer: 0,
  rejected: 0,
  dr: null,
  time: null,
  percentage: '30'
}
[0mPOST /eightbasics [32m200 [0m1.464 ms - -[0m
{
  id: null,
  idUser: '14131',
  name: 'Jayaprakash Kct Coambator',
  initial: 'J',
  phone: '888-342-2601',
  email: 'sam@gmail.com',
  info: 1,
  inwait: 0,
  plan: 0,
  closer: 0,
  rejected: 0,
  dr: null,
  time: null,
  percentage: '30'
}
[0mPOST /eightbasics [32m200 [0m1.655 ms - -[0m
{
  id: null,
  idUser: '14427',
  name: 'Jayaram Ice Clg',
  initial: 'J',
  phone: '+917299296331',
  email: 'sam@gmail.com',
  info: 1,
  inwait: 0,
  plan: 0,
  closer: 0,
  rejected: 0,
  dr: null,
  time: null,
  percentage: '30'
}
[0mPOST /eightbasics [32m200 [0m1.438 ms - -[0m
{
  id: null,
  idUser: '14670',
  name: 'Keshav Mobile Scl New',
  initial: 'K',
  phone: '+918248791369',
  email: 'sam@gmail.com',
  info: 1,
  inwait: 0,
  plan: 0,
  closer: 0,
  rejected: 0,
  dr: null,
  time: null,
  percentage: '30'
}
[0mPOST /eightbasics [32m200 [0m1.439 ms - -[0m
{
  id: null,
  idUser: '13951',
  name: 'Kerthivasan',
  initial: 'K',
  phone: '+919791664171',
  email: 'sam@gmail.com',
  info: 1,
  inwait: 0,
  plan: 0,
  closer: 0,
  rejected: 0,
  dr: null,
  time: null,
  percentage: '30'
}
[0mPOST /eightbasics [32m200 [0m1.374 ms - -[0m
{
  id: null,
  idUser: '13872',
  name: 'Kerthi Tuttion',
  initial: 'K',
  phone: '+919884726637',
  email: 'sam@gmail.com',
  info: 1,
  inwait: 0,
  plan: 0,
  closer: 0,
  rejected: 0,
  dr: null,
  time: null,
  percentage: '30'
}
[0mPOST /eightbasics [32m200 [0m1.383 ms - -[0m
{
  id: null,
  idUser: '14690',
  name: 'Maha❤️ Sam',
  initial: 'M',
  phone: '996-292-4850',
  email: 'sam@gmail.com',
  info: 1,
  inwait: 0,
  plan: 0,
  closer: 0,
  rejected: 0,
  dr: null,
  time: null,
  percentage: '30'
}
[0mPOST /eightbasics [32m200 [0m1.752 ms - -[0m
{
  id: null,
  idUser: '14652',
  name: 'Maila',
  initial: 'M',
  phone: '956-622-3534',
  email: 'sam@gmail.com',
  info: 1,
  inwait: 0,
  plan: 0,
  closer: 0,
  rejected: 0,
  dr: null,
  time: null,
  percentage: '30'
}
[0mPOST /eightbasics [32m200 [0m1.479 ms - -[0m
{
  id: null,
  idUser: '14060',
  name: 'Mayilla',
  initial: 'M',
  phone: '+919500096899',
  email: 'sam@gmail.com',
  info: 1,
  inwait: 0,
  plan: 0,
  closer: 0,
  rejected: 0,
  dr: null,
  time: null,
  percentage: '30'
}
[0mPOST /eightbasics [32m200 [0m1.331 ms - -[0m
{
  id: null,
  idUser: '14148',
  name: 'Mohan EEE',
  initial: 'M',
  phone: '+919677499195',
  email: 'sam@gmail.com',
  info: 1,
  inwait: 0,
  plan: 0,
  closer: 0,
  rejected: 0,
  dr: null,
  time: null,
  percentage: '30'
}
[0mPOST /eightbasics [32m200 [0m1.517 ms - -[0m
{
  id: null,
  idUser: '14668',
  name: 'Mukesh',
  initial: 'M',
  phone: '+917639544405',
  email: 'sam@gmail.com',
  info: 1,
  inwait: 0,
  plan: 0,
  closer: 0,
  rejected: 0,
  dr: null,
  time: null,
  percentage: '30'
}
[0mPOST /eightbasics [32m200 [0m2.123 ms - -[0m
{
  id: null,
  idUser: '14573',
  name: 'mukesh new2',
  initial: 'm',
  phone: '+60168666169',
  email: 'sam@gmail.com',
  info: 1,
  inwait: 0,
  plan: 0,
  closer: 0,
  rejected: 0,
  dr: null,
  time: null,
  percentage: '30'
}
[0mPOST /eightbasics [32m200 [0m1.344 ms - -[0m
{
  id: null,
  idUser: '14384',
  name: 'muna basha RL',
  initial: 'm',
  phone: '+918098702651',
  email: 'sam@gmail.com',
  info: 1,
  inwait: 0,
  plan: 0,
  closer: 0,
  rejected: 0,
  dr: null,
  time: null,
  percentage: '30'
}
[0mPOST /eightbasics [32m200 [0m1.416 ms - -[0m
[0mGET /goal?goaltype=1 [32m200 [0m357.178 ms - 270[0m
output generated
[0mGET /goal?goaltype=0 [32m200 [0m100.832 ms - 26[0m
output generated
[0mGET /eightbasics/getInfoList [32m200 [0m7.311 ms - 5981[0m
output generated
[0mGET /details/detailList?name=Dinesh+Navalur+Swiggy [32m200 [0m10.146 ms - 26[0m
output generated
[0mGET /profile/profileid?name=Dinesh+Navalur+Swiggy [32m200 [0m9.724 ms - 26[0m
output generated
[0mGET /profile/profileid?name=Gowtham+Revolite+RL [32m200 [0m4.246 ms - 199[0m
output generated
[0mGET /details/detailList?name=Gowtham+Revolite+RL [32m200 [0m3.339 ms - 1314[0m
output generated
[0mGET /profile/profileid?name=Gowtham+Revolite+RL [32m200 [0m3.008 ms - 199[0m
output generated
600118
[0mDELETE /eightbasics/600118/delete [32m200 [0m2.086 ms - -[0m
[0mPOST /login/getKey?email=sambatharjunan%40gmail.com [32m200 [0m2.116 ms - 133[0m
[0mPOST /login?email=sambatharjunan%40gmail.com&password=9790979908 [32m200 [0m5.412 ms - 168[0m
output generated
[0mGET /eightbasics/getInfoList [32m200 [0m36.587 ms - 5777[0m
output generated
Error: queryA ETIMEOUT smtp.gmail.com
    at QueryReqWrap.onresolve [as oncomplete] (dns.js:203:19) {
  errno: 'ETIMEOUT',
  code: 'EDNS',
  syscall: 'queryA',
  hostname: 'smtp.gmail.com',
  command: 'CONN'
}
