db connected
[0mPOST /login/getKey?email=sambatharjunan%40gmail.com [32m200 [0m1595.062 ms - 133[0m
[0mPOST /login/getKey?email=sambatharjunan%40gmail.com [32m200 [0m734.762 ms - 133[0m
[0mPOST /login/getKey?email=sambatharjunan%40gmail.com [32m200 [0m1.655 ms - 133[0m
[0mPOST /login?email=sambatharjunan%40gmail.com&password=9790979908 [32m200 [0m111.504 ms - 168[0m
output generated
[0mGET /eightbasics/getInfoList [32m200 [0m667.963 ms - 3672[0m
output generated
[0mGET /eightbasics/getInwaitList [32m200 [0m5.944 ms - 4049[0m
output generated
[0mGET /eightbasics/getPlanList [32m200 [0m4.377 ms - 626[0m
output generated
[0mGET /eightbasics/getCloserList [32m200 [0m4.218 ms - 431[0m
output generated
[0mGET /eightbasics/getDrList [32m200 [0m20.171 ms - 236[0m
output generated
[0mGET /goal?goaltype=1 [32m200 [0m494.204 ms - 283[0m
output generated
[0mGET /goal?goaltype=0 [32m200 [0m98.734 ms - 26[0m
output generated
52019-10-012020-10-14
[0mGET /getTimingDetails?category=5&from=2019-10-01&to=2020-10-14 [32m200 [0m79.544 ms - 833[0m
output generated
[0mGET /goal?goaltype=1 [32m200 [0m99.460 ms - 283[0m
output generated
[0mGET /goal?goaltype=1 [32m200 [0m99.802 ms - 283[0m
output generated
[0mGET /goal?goaltype=0 [32m200 [0m98.557 ms - 26[0m
output generated
[0mGET /goal?goaltype=1 [32m200 [0m97.073 ms - 283[0m
output generated
[0mGET /goal?goaltype=0 [32m200 [0m96.098 ms - 26[0m
output generated
[0mPOST /goal [32m200 [0m788.721 ms - -[0m
[0mGET /goal?goaltype=1 [32m200 [0m107.418 ms - 270[0m
output generated
[0mGET /goal?goaltype=0 [32m200 [0m108.067 ms - 26[0m
output generated
[0mPOST /login?email=sambatharjunan%40gmail.com&password=9790979908 [32m200 [0m2.749 ms - 168[0m
output generated
[0mGET /eightbasics/getInfoList [32m200 [0m4.766 ms - 3672[0m
output generated
[0mGET /eightbasics/getInwaitList [32m200 [0m9.318 ms - 4049[0m
output generated
[0mGET /eightbasics/getPlanList [32m200 [0m3.521 ms - 626[0m
output generated
[0mGET /eightbasics/getCloserList [32m200 [0m3.110 ms - 431[0m
output generated
[0mGET /eightbasics/getDrList [32m200 [0m4.597 ms - 236[0m
output generated
[0mPOST /login/getKey?email=sambatharjunan%40gmail.com [32m200 [0m114.014 ms - 133[0m
[0mPOST /login?email=sambatharjunan%40gmail.com&password=9790979908 [32m200 [0m23.171 ms - 168[0m
output generated
[0mGET /eightbasics/getInfoList [32m200 [0m71.497 ms - 3672[0m
output generated
[0mPOST /relationship [32m200 [0m22.453 ms - -[0m
[0mGET /relationship [32m200 [0m768.963 ms - 443[0m
output generated
[0mGET /goal?goaltype=1 [32m200 [0m157.798 ms - 270[0m
output generated
[0mGET /goal?goaltype=0 [32m200 [0m133.934 ms - 26[0m
output generated
[0mPOST /login/getKey?email=sambatharjunan%40gmail.com [32m200 [0m1.707 ms - 133[0m
[0mPOST /login?email=sambatharjunan%40gmail.com&password=9790979908 [32m200 [0m4.243 ms - 168[0m
output generated
[0mGET /eightbasics/getInfoList [32m200 [0m4.885 ms - 3672[0m
output generated
[0mGET /profile/profileid?name=Gopi+Scl+Arun [32m200 [0m97.763 ms - 26[0m
output generated
[0mGET /details/detailList?name=Gopi+Scl+Arun [32m200 [0m88.914 ms - 151[0m
output generated
[0mGET /profile/profileid?name=Aadhi [32m200 [0m2.940 ms - 26[0m
output generated
[0mGET /details/detailList?name=Aadhi [32m200 [0m2.769 ms - 139[0m
output generated
[0mGET /details/detailList?name=Aadhi [32m200 [0m2.995 ms - 139[0m
output generated
[0mGET /profile/profileid?name=Aadhi [32m200 [0m2.609 ms - 26[0m
output generated
[0mGET /profile/profileid?name=Aadhi [32m200 [0m3.217 ms - 26[0m
output generated
[0mGET /profile/profileid?name=Aadhi [32m200 [0m2.860 ms - 26[0m
output generated
[0mGET /profile/profileid?name=Aadhi [32m200 [0m3.075 ms - 26[0m
output generated
[0mPOST /details/insertdetails [32m200 [0m1.809 ms - 8[0m
[0mGET /profile/profileid?name=Aadhi [32m200 [0m2.769 ms - 26[0m
output generated
[0mGET /eightbasics/get8basicLists [32m200 [0m111.635 ms - 10727[0m
output generated
[0mPOST /relationship [32m200 [0m4.743 ms - -[0m
[0mPOST /relationship [32m200 [0m1.131 ms - -[0m
[0mGET /relationship [32m200 [0m6.986 ms - 443[0m
output generated
[0mGET /eightbasics/getInfoList [32m200 [0m4.525 ms - 3478[0m
output generated
[0mGET /goal?goaltype=1 [32m200 [0m154.030 ms - 270[0m
output generated
[0mGET /goal?goaltype=0 [32m200 [0m105.119 ms - 26[0m
output generated
12020-06-012020-10-14
[0mGET /getTimingDetails?category=1&from=2020-06-01&to=2020-10-14 [32m200 [0m7.804 ms - 9660[0m
output generated
[0mGET /goal?goaltype=1 [32m200 [0m109.018 ms - 270[0m
output generated
[0mGET /profile/profileid?name=Aadhi [32m200 [0m2.630 ms - 26[0m
output generated
[0mGET /details/detailList?name=Aadhi [32m200 [0m3.906 ms - 243[0m
output generated
[0mGET /profile/profileid?name=Aadhi [32m200 [0m2.519 ms - 26[0m
output generated
[0mGET /profile/profileid?name=Aadhi [32m200 [0m5.332 ms - 26[0m
output generated
[0mGET /profile/profileid?name=Aadhi [32m200 [0m2.851 ms - 26[0m
output generated
[0mPOST /details/insertdetails [32m200 [0m1.230 ms - 8[0m
[0mGET /profile/profileid?name=Aadhi [32m200 [0m4.051 ms - 26[0m
output generated
[0mGET /details/detailList?name=Aadhi [32m200 [0m3.712 ms - 347[0m
output generated
[0mGET /profile/profileid?name=Aadhi [32m200 [0m2.570 ms - 26[0m
output generated
[0mGET /profile/profileid?name=Aadhi [32m200 [0m3.953 ms - 26[0m
[0mGET /details/detailList?name=Aadhi [32m200 [0m5.921 ms - 347[0m
output generated
output generated
[0mGET /profile/profileid?name=Aadhi [32m200 [0m2.447 ms - 26[0m
output generated
[0mGET /details/detailList?name=Aadhi [32m200 [0m3.076 ms - 347[0m
output generated
[0mGET /profile/profileid?name=Aadhi [32m200 [0m2.537 ms - 26[0m
output generated
[0mPOST /relationship [32m200 [0m2.576 ms - -[0m
[0mGET /relationship [32m200 [0m11.971 ms - 443[0m
output generated
[0mGET /eightbasics/getRejectedList [32m200 [0m4.307 ms - 1643[0m
output generated
[0mGET /eightbasics/getRejectedList [32m200 [0m3.146 ms - 1643[0m
output generated
[0mGET /getTrackingList [32m200 [0m542.177 ms - 7598[0m
output generated
[0mGET /details/detailList?name=Aadhi [32m200 [0m3.931 ms - 347[0m
output generated
[0mGET /eightbasics/get8basicLists [32m200 [0m5.861 ms - 10533[0m
output generated
[0mPOST /relationship [32m200 [0m2.349 ms - -[0m
[0mPOST /relationship [32m200 [0m1.148 ms - -[0m
[0mPOST /relationship [32m200 [0m1.078 ms - -[0m
[0mPOST /relationship [32m200 [0m1.180 ms - -[0m
[0mGET /eightbasics/getInfoList [32m200 [0m3.501 ms - 2890[0m
output generated
[0mGET /eightbasics/get8basicLists [32m200 [0m6.630 ms - 9945[0m
output generated
[0mPOST /relationship [32m200 [0m1.327 ms - -[0m
[0mPOST /relationship [32m200 [0m3.584 ms - -[0m
[0mPOST /relationship [32m200 [0m1.134 ms - -[0m
[0mGET /relationship [32m200 [0m6.810 ms - 443[0m
output generated
[0mGET /eightbasics/getInfoList [32m200 [0m4.202 ms - 2890[0m
output generated
[0mGET /goal?goaltype=1 [32m200 [0m163.321 ms - 270[0m
output generated
[0mGET /goal?goaltype=0 [32m200 [0m103.452 ms - 26[0m
output generated
[0mGET /eightbasics/getInfoList [32m200 [0m5.552 ms - 2890[0m
output generated
[0mPOST /relationship [32m200 [0m37.383 ms - -[0m
[0mGET /relationship [32m200 [0m8.751 ms - 443[0m
output generated
[0mGET /eightbasics/getInfoList [32m200 [0m3.457 ms - 2890[0m
output generated
[0mPOST /relationship [32m200 [0m1.136 ms - -[0m
[0mGET /relationship [32m200 [0m8.339 ms - 443[0m
output generated
[0mGET /eightbasics/getInfoList [32m200 [0m3.399 ms - 2890[0m
output generated
[0mGET /eightbasics/get8basicLists [32m200 [0m10.668 ms - 9945[0m
output generated
[0mPOST /relationship [32m200 [0m2.373 ms - -[0m
[0mPOST /relationship [32m200 [0m1.166 ms - -[0m
[0mPOST /relationship [32m200 [0m1.387 ms - -[0m
[0mGET /relationship [32m200 [0m7.166 ms - 443[0m
output generated
[0mGET /eightbasics/getInfoList [32m200 [0m4.310 ms - 2890[0m
output generated
600526
[0mDELETE /eightbasics/600526/delete [32m200 [0m3.215 ms - -[0m
600530
[0mDELETE /eightbasics/600530/delete [32m200 [0m0.927 ms - -[0m
[0mGET /eightbasics/get8basicLists [32m200 [0m50.945 ms - 9541[0m
output generated
[0mPOST /relationship [32m200 [0m1.027 ms - -[0m
[0mPOST /relationship [32m200 [0m1.258 ms - -[0m
[0mPOST /relationship [32m200 [0m1.312 ms - -[0m
[0mGET /relationship [32m200 [0m54.586 ms - 443[0m
output generated
[0mGET /eightbasics/getInfoList [32m200 [0m4.527 ms - 2280[0m
output generated
600534
[0mDELETE /eightbasics/600534/delete [32m200 [0m0.940 ms - -[0m
[0mPOST /relationship [32m200 [0m1.178 ms - -[0m
[0mGET /relationship [32m200 [0m9.037 ms - 443[0m
output generated
[0mGET /eightbasics/getInfoList [32m200 [0m3.228 ms - 2066[0m
output generated
600535
[0mDELETE /eightbasics/600535/delete [32m200 [0m0.898 ms - -[0m
600536
[0mDELETE /eightbasics/600536/delete [32m200 [0m0.909 ms - -[0m
600539
[0mDELETE /eightbasics/600539/delete [32m200 [0m29.849 ms - -[0m
600540
[0mDELETE /eightbasics/600540/delete [32m200 [0m0.922 ms - -[0m
600548
[0mDELETE /eightbasics/600548/delete [32m200 [0m0.934 ms - -[0m
600551
[0mDELETE /eightbasics/600551/delete [32m200 [0m26.203 ms - -[0m
[0mPOST /relationship [32m200 [0m1.083 ms - -[0m
[0mGET /eightbasics/getInfoList [32m200 [0m64.807 ms - 841[0m
output generated
[0mGET /eightbasics/get8basicLists [32m200 [0m5.003 ms - 7896[0m
output generated
[0mGET /allcontacts [32m200 [0m287.053 ms - 77720[0m
output generated
{
  id: null,
  idUser: '14772',
  name: 'Aish Bus Senior Akka',
  initial: 'A',
  phone: '+918248720309',
  email: 'sam@gmail.com',
  info: 0,
  inwait: 1,
  plan: 0,
  closer: 0,
  rejected: 0,
  dr: null,
  time: null,
  percentage: '40'
}
[0mPOST /eightbasics [32m200 [0m50.223 ms - -[0m
{
  id: null,
  idUser: '14772',
  name: 'Aish Bus Senior Akka',
  initial: 'A',
  phone: '+918248720309',
  email: 'sam@gmail.com',
  info: 1,
  inwait: 0,
  plan: 0,
  closer: 0,
  rejected: 0,
  dr: null,
  time: null,
  percentage: '30'
}
[0mPOST /eightbasics [32m200 [0m1.332 ms - -[0m
{
  id: null,
  idUser: '14219',
  name: 'Dhana Koushik Scl Com New',
  initial: 'D',
  phone: '+917871280348',
  email: 'sam@gmail.com',
  info: 1,
  inwait: 0,
  plan: 0,
  closer: 0,
  rejected: 0,
  dr: null,
  time: null,
  percentage: '30'
}
[0mPOST /eightbasics [32m200 [0m2.136 ms - -[0m
{
  id: null,
  idUser: '14744',
  name: 'Dhavi Aka Thudupakam',
  initial: 'D',
  phone: '888-313-7843',
  email: 'sam@gmail.com',
  info: 1,
  inwait: 0,
  plan: 0,
  closer: 0,
  rejected: 0,
  dr: null,
  time: null,
  percentage: '30'
}
[0mPOST /eightbasics [32m200 [0m1.591 ms - -[0m
{
  id: null,
  idUser: '14714',
  name: 'Dhenna Viji',
  initial: 'D',
  phone: '+919962860747',
  email: 'sam@gmail.com',
  info: 1,
  inwait: 0,
  plan: 0,
  closer: 0,
  rejected: 0,
  dr: null,
  time: null,
  percentage: '30'
}
[0mPOST /eightbasics [32m200 [0m1.382 ms - -[0m
{
  id: null,
  idUser: '14822',
  name: 'ECE Siva',
  initial: 'E',
  phone: '+917810859731',
  email: 'sam@gmail.com',
  info: 1,
  inwait: 0,
  plan: 0,
  closer: 0,
  rejected: 0,
  dr: null,
  time: null,
  percentage: '30'
}
[0mPOST /eightbasics [32m200 [0m1.381 ms - -[0m
{
  id: null,
  idUser: '14492',
  name: 'Gayathrii It Sit Gundu',
  initial: 'G',
  phone: '+919444172670',
  email: 'sam@gmail.com',
  info: 1,
  inwait: 0,
  plan: 0,
  closer: 0,
  rejected: 0,
  dr: null,
  time: null,
  percentage: '30'
}
[0mPOST /eightbasics [32m200 [0m1.322 ms - -[0m
{
  id: null,
  idUser: '14654',
  name: 'Indira',
  initial: 'I',
  phone: '+919566293893',
  email: 'sam@gmail.com',
  info: 1,
  inwait: 0,
  plan: 0,
  closer: 0,
  rejected: 0,
  dr: null,
  time: null,
  percentage: '30'
}
[0mPOST /eightbasics [32m200 [0m1.537 ms - -[0m
{
  id: null,
  idUser: '14426',
  name: 'Isrel Amazon Job',
  initial: 'I',
  phone: '+919094814507',
  email: 'sam@gmail.com',
  info: 1,
  inwait: 0,
  plan: 0,
  closer: 0,
  rejected: 0,
  dr: null,
  time: null,
  percentage: '30'
}
[0mPOST /eightbasics [32m200 [0m1.198 ms - -[0m
{
  id: null,
  idUser: '14519',
  name: 'IT Vijay Sai',
  initial: 'I',
  phone: '+918754316826',
  email: 'sam@gmail.com',
  info: 1,
  inwait: 0,
  plan: 0,
  closer: 0,
  rejected: 0,
  dr: null,
  time: null,
  percentage: '30'
}
[0mPOST /eightbasics [32m200 [0m1.332 ms - -[0m
{
  id: null,
  idUser: '14179',
  name: 'Jahan Civil Ragava',
  initial: 'J',
  phone: '+918148590905',
  email: 'sam@gmail.com',
  info: 1,
  inwait: 0,
  plan: 0,
  closer: 0,
  rejected: 0,
  dr: null,
  time: null,
  percentage: '30'
}
[0mPOST /eightbasics [32m200 [0m1.532 ms - -[0m
{
  id: null,
  idUser: '14301',
  name: 'Jayasurya Ece2',
  initial: 'J',
  phone: '+918610097689',
  email: 'sam@gmail.com',
  info: 1,
  inwait: 0,
  plan: 0,
  closer: 0,
  rejected: 0,
  dr: null,
  time: null,
  percentage: '30'
}
[0mPOST /eightbasics [32m200 [0m1.717 ms - -[0m
{
  id: null,
  idUser: '14289',
  name: 'Kavitha',
  initial: 'K',
  phone: '+919176376761',
  email: 'sam@gmail.com',
  info: 1,
  inwait: 0,
  plan: 0,
  closer: 0,
  rejected: 0,
  dr: null,
  time: null,
  percentage: '30'
}
[0mPOST /eightbasics [32m200 [0m132.436 ms - -[0m
{
  id: null,
  idUser: '14163',
  name: 'Keerthana It A',
  initial: 'K',
  phone: '+919566058236',
  email: 'sam@gmail.com',
  info: 1,
  inwait: 0,
  plan: 0,
  closer: 0,
  rejected: 0,
  dr: null,
  time: null,
  percentage: '30'
}
[0mPOST /eightbasics [32m200 [0m1.558 ms - -[0m
{
  id: null,
  idUser: '14358',
  name: 'Kerthana asogan',
  initial: 'K',
  phone: '+919600196036',
  email: 'sam@gmail.com',
  info: 1,
  inwait: 0,
  plan: 0,
  closer: 0,
  rejected: 0,
  dr: null,
  time: null,
  percentage: '30'
}
[0mPOST /eightbasics [32m200 [0m1.500 ms - -[0m
{
  id: null,
  idUser: '13951',
  name: 'Kerthivasan',
  initial: 'K',
  phone: '+919791664171',
  email: 'sam@gmail.com',
  info: 1,
  inwait: 0,
  plan: 0,
  closer: 0,
  rejected: 0,
  dr: null,
  time: null,
  percentage: '30'
}
[0mPOST /eightbasics [32m200 [0m1.295 ms - -[0m
{
  id: null,
  idUser: '14751',
  name: 'Khannn Sir',
  initial: 'K',
  phone: '979-114-7999',
  email: 'sam@gmail.com',
  info: 1,
  inwait: 0,
  plan: 0,
  closer: 0,
  rejected: 0,
  dr: null,
  time: null,
  percentage: '30'
}
[0mPOST /eightbasics [32m200 [0m5.560 ms - -[0m
{
  id: null,
  idUser: '14652',
  name: 'Maila',
  initial: 'M',
  phone: '956-622-3534',
  email: 'sam@gmail.com',
  info: 1,
  inwait: 0,
  plan: 0,
  closer: 0,
  rejected: 0,
  dr: null,
  time: null,
  percentage: '30'
}
[0mPOST /eightbasics [32m200 [0m1.696 ms - -[0m
[0mPOST /relationship [32m200 [0m1.119 ms - -[0m
[0mGET /relationship [32m200 [0m9.201 ms - 443[0m
output generated
[0mGET /eightbasics/getInfoList [32m200 [0m4.787 ms - 4092[0m
output generated
[0mGET /profile/profileid?name=Dhana+Koushik+Scl+Com+New [32m200 [0m2.860 ms - 26[0m
[0mGET /details/detailList?name=Dhana+Koushik+Scl+Com+New [32m200 [0m4.750 ms - 524[0m
output generated
output generated
[0mGET /profile/profileid?name=Dhana+Koushik+Scl+Com+New [32m200 [0m38.868 ms - 26[0m
output generated
[0mGET /profile/profileid?name=Dhana+Koushik+Scl+Com+New [32m200 [0m3.797 ms - 26[0m
output generated
[0mGET /profile/profileid?name=Dhana+Koushik+Scl+Com+New [32m200 [0m2.946 ms - 26[0m
output generated
[0mPOST /details/insertdetails [32m200 [0m1.153 ms - 8[0m
[0mGET /profile/profileid?name=Dhana+Koushik+Scl+Com+New [32m200 [0m2.611 ms - 26[0m
output generated
[0mPOST /login/getKey?email=sambatharjunan%40gmail.com [32m200 [0m2.511 ms - 133[0m
[0mPOST /login?email=sambatharjunan%40gmail.com&password=9790979908 [32m200 [0m2.780 ms - 168[0m
output generated
[0mGET /eightbasics/getInfoList [32m200 [0m4.976 ms - 4092[0m
output generated
[0mPOST /login/getKey?email=sambatharjunan%40gmail.com [32m200 [0m2.316 ms - 133[0m
[0mPOST /login?email=sambatharjunan%40gmail.com&password=9790979908 [32m200 [0m2.550 ms - 168[0m
output generated
[0mGET /eightbasics/getInfoList [32m200 [0m6.059 ms - 4092[0m
output generated
[0mGET /eightbasics/getInwaitList [32m200 [0m3.936 ms - 4259[0m
output generated
[0mGET /profile/profileid?name=Ajith+Gurunak+Swiggy [32m200 [0m3.356 ms - 26[0m
output generated
[0mGET /details/detailList?name=Ajith+Gurunak+Swiggy [32m200 [0m4.172 ms - 26[0m
output generated
[0mGET /details/detailList?name=Akansha+Scl+New+2 [32m200 [0m3.038 ms - 26[0m
output generated
[0mGET /profile/profileid?name=Akansha+Scl+New+2 [32m200 [0m3.230 ms - 26[0m
output generated
