db connected
[0mPOST /login/getKey?email=sambatharjunan%40gmail.com [32m200 [0m1237.818 ms - 133[0m
[0mPOST /login?email=sambatharjunan%40gmail.com&password=9790979908 [32m200 [0m188.678 ms - 168[0m
output generated
[0mGET /eightbasics/getInfoList [32m200 [0m520.773 ms - 9697[0m
output generated
[0mPUT /eightbasics?type=2&percentage=40 [32m200 [0m113.734 ms - -[0m
[0mPOST /relationship [32m200 [0m2.643 ms - -[0m
[0mGET /eightbasics/getInfoList [32m200 [0m47.788 ms - 9497[0m
output generated
[0mGET /details/detailList?name=Jayaprakash+Mech+Bathri+Frnd+Sit [32m200 [0m392.235 ms - 26[0m
output generated
[0mGET /profile/profileid?name=Jayaprakash+Mech+Bathri+Frnd+Sit [32m200 [0m595.220 ms - 26[0m
output generated
[0mGET /profile/profileid?name=Jayaprakash+Mech+Bathri+Frnd+Sit [32m200 [0m28.830 ms - 26[0m
output generated
[0mGET /profile/profileid?name=Jayaprakash+Mech+Bathri+Frnd+Sit [32m200 [0m65.000 ms - 26[0m
output generated
[0mGET /profile/profileid?name=Jayaprakash+Mech+Bathri+Frnd+Sit [32m200 [0m2.934 ms - 26[0m
output generated
[0mGET /profile/profileid?name=Jayaprakash+Mech+Bathri+Frnd+Sit [32m200 [0m23.488 ms - 26[0m
output generated
[0mGET /profile/profileid?name=Jayaprakash+Mech+Bathri+Frnd+Sit [32m200 [0m3.232 ms - 26[0m
output generated
[0mPOST /profile/profiledetails [32m200 [0m1.697 ms - -[0m
[0mGET /profile/profileid?name=Jayaprakash+Mech+Bathri+Frnd+Sit [32m200 [0m788.719 ms - 223[0m
[0mGET /profile/profileid?name=Jayaprakash+Mech+Bathri+Frnd+Sit [32m200 [0m721.437 ms - 223[0m
output generated
output generated
[0mGET /profile/profileid?name=Jayaprakash+Mech+Bathri+Frnd+Sit [32m200 [0m15.786 ms - 223[0m
output generated
[0mGET /profile/profileid?name=Jayaprakash+Mech+Bathri+Frnd+Sit [32m200 [0m17.893 ms - 223[0m
output generated
[0mGET /profile/profileid?name=Jayaprakash+Mech+Bathri+Frnd+Sit [32m200 [0m3.085 ms - 223[0m
output generated
[0mGET /profile/profileid?name=Jayaprakash+Mech+Bathri+Frnd+Sit [32m200 [0m13.987 ms - 223[0m
output generated
[0mGET /profile/profileid?name=Jayaprakash+Mech+Bathri+Frnd+Sit [32m200 [0m2.996 ms - 223[0m
output generated
{
  id: null,
  name: 'Jayaprakash Mech Bathri Frnd Sit',
  address: 'vellore',
  job: 'tcs testing ',
  sallery: '23000',
  family: '',
  country: '',
  state: '',
  place: 'vellore',
  dtime: ''
}
[0mPUT /profile/upprofiledetails/51 [32m200 [0m22.531 ms - -[0m
[0mGET /profile/profileid?name=Jayaprakash+Mech+Bathri+Frnd+Sit [32m200 [0m365.080 ms - 230[0m
output generated
[0mGET /details/detailList?name=Jayaprakash+Mech+Bathri+Frnd+Sit [32m200 [0m3.697 ms - 26[0m
[0mGET /profile/profileid?name=Jayaprakash+Mech+Bathri+Frnd+Sit [32m200 [0m4.644 ms - 230[0m
output generated
output generated
[0mGET /profile/profileid?name=Jayaprakash+Mech+Bathri+Frnd+Sit [32m200 [0m2.991 ms - 230[0m
output generated
[0mGET /profile/profileid?name=Jayaprakash+Mech+Bathri+Frnd+Sit [32m200 [0m3.238 ms - 230[0m
output generated
[0mGET /profile/profileid?name=Jayaprakash+Mech+Bathri+Frnd+Sit [32m200 [0m14.317 ms - 230[0m
output generated
[0mPOST /details/insertdetails [32m200 [0m41.808 ms - 8[0m
[0mGET /profile/profileid?name=Jayaprakash+Mech+Bathri+Frnd+Sit [32m200 [0m51.453 ms - 230[0m
output generated
[0mGET /profile/profileid?name=Jayaprakash+Mech+Bathri+Frnd+Sit [32m200 [0m3.278 ms - 230[0m
output generated
[0mGET /details/detailList?name=Jayaprakash+Mech+Bathri+Frnd+Sit [32m200 [0m584.758 ms - 475[0m
output generated
[0mGET /profile/profileid?name=Jayaprakash+Mech+Bathri+Frnd+Sit [32m200 [0m616.964 ms - 230[0m
output generated
[0mGET /profile/profileid?name=Jayaprakash+Mech+Bathri+Frnd+Sit [32m200 [0m5.461 ms - 230[0m
output generated
[0mGET /profile/profileid?name=Jayaprakash+Mech+Bathri+Frnd+Sit [32m200 [0m186.534 ms - 230[0m
output generated
[0mGET /profile/profileid?name=Jayaprakash+Mech+Bathri+Frnd+Sit [32m200 [0m2.953 ms - 230[0m
output generated
[0mGET / [0m- [0m- ms - -[0m
[0mGET / [32m200 [0m54.215 ms - 1087[0m
