db connected
[0mGET / [32m200 [0m88.079 ms - 1087[0m
[0mGET /HNAP1/ [33m404 [0m6331.870 ms - 1921[0m
[0mGET / [32m200 [0m2.748 ms - 1087[0m
[0mGET /HNAP1/ [33m404 [0m13.096 ms - 1921[0m
[0mPOST /login/getKey?email=sambatharjunan%40gmail.com [32m200 [0m179.036 ms - 133[0m
[0mPOST /login?email=sambatharjunan%40gmail.com&password=9790079908 [32m200 [0m34.082 ms - 168[0m
output generated
[0mGET /eightbasics/getInfoList [32m200 [0m345.586 ms - 10289[0m
output generated
[0mGET /allcontacts [32m200 [0m119.714 ms - 75412[0m
output generated
[0mPOST /relationship [32m200 [0m92.107 ms - -[0m
[0mGET /relationship [32m200 [0m1535.375 ms - 26[0m
output generated
[0mGET /calllog [32m200 [0m14.859 ms - 23536[0m
output generated
[0mGET /getTrackingList [32m200 [0m271.871 ms - 12937[0m
output generated
[0mGET /getTrackingList [32m200 [0m81.837 ms - 12937[0m
output generated
[0mGET /eightbasics/getInfoList [32m200 [0m5.748 ms - 10289[0m
output generated
[0mGET /eightbasics/get8basicLists [32m200 [0m9.117 ms - 16784[0m
output generated
