db connected
[0mPOST /relationship [32m200 [0m44.889 ms - -[0m
[0mGET /eightbasics/getInfoList [32m200 [0m37.741 ms - 24608[0m
output generated
[0mGET /relationship [32m200 [0m2268.817 ms - 26[0m
output generated
[0mGET /allcontacts [32m200 [0m108.061 ms - 81128[0m
output generated
{
  id: null,
  idUser: '13889',
  name: 'Abdul Schl Frnd New',
  initial: 'A',
  phone: '+919176202909',
  email: 'sam@gmail.com',
  info: 1,
  inwait: 0,
  plan: 0,
  closer: 0,
  rejected: 0,
  time: null,
  percentage: '30'
}
[0mPOST /eightbasics [32m200 [0m4.569 ms - -[0m
{
  id: null,
  idUser: '13889',
  name: 'Abdul Schl Frnd New',
  initial: 'A',
  phone: '+919176202909',
  email: 'sam@gmail.com',
  info: 1,
  inwait: 0,
  plan: 0,
  closer: 0,
  rejected: 0,
  time: null,
  percentage: '30'
}
[0mPOST /eightbasics [32m200 [0m1.687 ms - -[0m
[0mGET /allcontacts [32m200 [0m74.223 ms - 81128[0m
output generated
[0mGET /goal?goaltype=1 [32m200 [0m157.809 ms - 271[0m
output generated
[0mGET /goal?goaltype=0 [32m200 [0m94.916 ms - 26[0m
output generated
[0mGET /eightbasics/getInfoList [32m200 [0m9.605 ms - 24608[0m
output generated
[0mGET /allcontacts [32m200 [0m117.265 ms - 81128[0m
output generated
{
  id: null,
  idUser: '13889',
  name: 'Abdul Schl Frnd New',
  initial: 'A',
  phone: '+919176202909',
  email: 'sam@gmail.com',
  info: 0,
  inwait: 1,
  plan: 0,
  closer: 0,
  rejected: 0,
  time: null,
  percentage: '40'
}
[0mPOST /eightbasics [32m200 [0m1.772 ms - -[0m
{
  id: null,
  idUser: '13889',
  name: 'Abdul Schl Frnd New',
  initial: 'A',
  phone: '+919176202909',
  email: 'sam@gmail.com',
  info: 0,
  inwait: 1,
  plan: 0,
  closer: 0,
  rejected: 0,
  time: null,
  percentage: '40'
}
[0mPOST /eightbasics [32m200 [0m1.532 ms - -[0m
[0mPOST /login/getKey?email=sambatharjunan%40gmail.com [32m200 [0m4.805 ms - 133[0m
[0mPOST /login?email=sambatharjunan%40gmail.com&password=979097998 [32m200 [0m4.704 ms - 168[0m
output generated
[0mGET /eightbasics/getInfoList [32m200 [0m23.486 ms - 24608[0m
output generated
600527
[0mDELETE /eightbasics/600527/delete [32m200 [0m1.391 ms - -[0m
600528
[0mDELETE /eightbasics/600528/delete [32m200 [0m1.133 ms - -[0m
600529
[0mDELETE /eightbasics/600529/delete [32m200 [0m1.051 ms - -[0m
[0mPOST /relationship [32m200 [0m1.518 ms - -[0m
[0mGET /eightbasics/getInfoList [32m200 [0m46.270 ms - 24001[0m
output generated
[0mGET /allcontacts [32m200 [0m68.315 ms - 81387[0m
output generated
[0mGET /relationship [32m200 [0m1991.460 ms - 26[0m
output generated
{
  id: null,
  idUser: '14074',
  name: '3year Dharani',
  initial: '3',
  phone: '+918220936213',
  email: 'sam@gmail.com',
  info: 1,
  inwait: 0,
  plan: 0,
  closer: 0,
  rejected: 0,
  time: null,
  percentage: '30'
}
[0mPOST /eightbasics [32m200 [0m1.425 ms - -[0m
{
  id: null,
  idUser: '14074',
  name: '3year Dharani',
  initial: '3',
  phone: '+918220936213',
  email: 'sam@gmail.com',
  info: 1,
  inwait: 0,
  plan: 0,
  closer: 0,
  rejected: 0,
  time: null,
  percentage: '30'
}
[0mPOST /eightbasics [32m200 [0m1.453 ms - -[0m
[0mGET /allcontacts [32m200 [0m64.918 ms - 81300[0m
output generated
[0mGET /eightbasics/getInfoList [32m200 [0m9.980 ms - 24204[0m
output generated
[0mPOST /relationship [32m200 [0m45.346 ms - -[0m
[0mGET /allcontacts [32m200 [0m121.379 ms - 81300[0m
output generated
{
  id: null,
  idUser: '14753',
  name: 'Aadhi',
  initial: 'A',
  phone: '709-209-7420',
  email: 'sam@gmail.com',
  info: 1,
  inwait: 0,
  plan: 0,
  closer: 0,
  rejected: 0,
  time: null,
  percentage: '30'
}
[0mPOST /eightbasics [32m200 [0m1.498 ms - -[0m
[0mPOST /relationship [32m200 [0m1.445 ms - -[0m
[0mGET /relationship [32m200 [0m2213.589 ms - 26[0m
output generated
[0mGET /eightbasics/getInfoList [32m200 [0m9.733 ms - 24398[0m
output generated
[0mGET /allcontacts [32m200 [0m65.552 ms - 81222[0m
output generated
[0mPOST /relationship [32m200 [0m2.207 ms - -[0m
[0mGET /eightbasics/getInfoList [32m200 [0m10.011 ms - 24398[0m
output generated
[0mGET /relationship [32m200 [0m1903.754 ms - 26[0m
output generated
600530
[0mDELETE /eightbasics/600530/delete [32m200 [0m1.312 ms - -[0m
600531
[0mDELETE /eightbasics/600531/delete [32m200 [0m1.648 ms - -[0m
[0mPOST /relationship [32m200 [0m2.194 ms - -[0m
[0mGET /eightbasics/getInfoList [32m200 [0m13.793 ms - 24001[0m
output generated
[0mGET /relationship [32m200 [0m2313.050 ms - 26[0m
output generated
[0mGET /allcontacts [32m200 [0m65.213 ms - 81387[0m
output generated
{
  id: null,
  idUser: '14074',
  name: '3year Dharani',
  initial: '3',
  phone: '+918220936213',
  email: 'sam@gmail.com',
  info: 1,
  inwait: 0,
  plan: 0,
  closer: 0,
  rejected: 0,
  time: null,
  percentage: '30'
}
[0mPOST /eightbasics [32m200 [0m2.444 ms - -[0m
{
  id: null,
  idUser: '14753',
  name: 'Aadhi',
  initial: 'A',
  phone: '709-209-7420',
  email: 'sam@gmail.com',
  info: 1,
  inwait: 0,
  plan: 0,
  closer: 0,
  rejected: 0,
  time: null,
  percentage: '30'
}
[0mPOST /eightbasics [32m200 [0m1.392 ms - -[0m
{
  id: null,
  idUser: '14562',
  name: 'Aaneii Mam Kings Scl',
  initial: 'A',
  phone: '+919952038158',
  email: 'sam@gmail.com',
  info: 1,
  inwait: 0,
  plan: 0,
  closer: 0,
  rejected: 0,
  time: null,
  percentage: '30'
}
[0mPOST /eightbasics [32m200 [0m1.468 ms - -[0m
[0mGET /allcontacts [32m200 [0m61.253 ms - 81128[0m
output generated
[0mPOST /relationship [32m200 [0m2.650 ms - -[0m
[0mGET /eightbasics/getInfoList [32m200 [0m9.417 ms - 24608[0m
output generated
[0mGET /relationship [32m200 [0m1900.075 ms - 26[0m
output generated
[0mPOST /relationship [32m200 [0m1.382 ms - -[0m
[0mGET /eightbasics/getInfoList [32m200 [0m8.717 ms - 24608[0m
output generated
[0mGET /relationship [32m200 [0m1895.140 ms - 26[0m
output generated
[0mPOST /relationship [32m200 [0m1.387 ms - -[0m
[0mGET /eightbasics/getInfoList [32m200 [0m10.327 ms - 24608[0m
output generated
[0mGET /relationship [32m200 [0m2079.343 ms - 26[0m
output generated
600534
[0mDELETE /eightbasics/600534/delete [32m200 [0m0.935 ms - -[0m
600533
[0mDELETE /eightbasics/600533/delete [32m200 [0m0.944 ms - -[0m
600532
[0mDELETE /eightbasics/600532/delete [32m200 [0m1.347 ms - -[0m
[0mPOST /relationship [32m200 [0m1.327 ms - -[0m
[0mGET /eightbasics/getInfoList [32m200 [0m26.801 ms - 24001[0m
output generated
[0mGET /relationship [32m200 [0m2254.213 ms - 26[0m
output generated
[0mGET /allcontacts [32m200 [0m67.252 ms - 81387[0m
output generated
{
  id: null,
  idUser: '14074',
  name: '3year Dharani',
  initial: '3',
  phone: '+918220936213',
  email: 'sam@gmail.com',
  info: 1,
  inwait: 0,
  plan: 0,
  closer: 0,
  rejected: 0,
  time: null,
  percentage: '30'
}
[0mPOST /eightbasics [32m200 [0m1.482 ms - -[0m
{
  id: null,
  idUser: '14074',
  name: '3year Dharani',
  initial: '3',
  phone: '+918220936213',
  email: 'sam@gmail.com',
  info: 1,
  inwait: 0,
  plan: 0,
  closer: 0,
  rejected: 0,
  time: null,
  percentage: '30'
}
[0mPOST /eightbasics [32m200 [0m1.543 ms - -[0m
[0mPOST /relationship [32m200 [0m1.326 ms - -[0m
[0mGET /eightbasics/getInfoList [32m200 [0m8.595 ms - 24204[0m
output generated
[0mGET /relationship [32m200 [0m2167.623 ms - 26[0m
output generated
[0mGET /allcontacts [32m200 [0m95.211 ms - 81300[0m
output generated
{
  id: null,
  idUser: '14753',
  name: 'Aadhi',
  initial: 'A',
  phone: '709-209-7420',
  email: 'sam@gmail.com',
  info: 1,
  inwait: 0,
  plan: 0,
  closer: 0,
  rejected: 0,
  time: null,
  percentage: '30'
}
[0mPOST /eightbasics [32m200 [0m1.443 ms - -[0m
{
  id: null,
  idUser: '14753',
  name: 'Aadhi',
  initial: 'A',
  phone: '709-209-7420',
  email: 'sam@gmail.com',
  info: 1,
  inwait: 0,
  plan: 0,
  closer: 0,
  rejected: 0,
  time: null,
  percentage: '30'
}
[0mPOST /eightbasics [32m200 [0m1.420 ms - -[0m
[0mPOST /relationship [32m200 [0m1.328 ms - -[0m
[0mGET /eightbasics/getInfoList [32m200 [0m7.923 ms - 24398[0m
output generated
[0mGET /relationship [32m200 [0m2468.751 ms - 26[0m
output generated
[0mGET /allcontacts [32m200 [0m69.631 ms - 81222[0m
output generated
{
  id: null,
  idUser: '14562',
  name: 'Aaneii Mam Kings Scl',
  initial: 'A',
  phone: '+919952038158',
  email: 'sam@gmail.com',
  info: 1,
  inwait: 0,
  plan: 0,
  closer: 0,
  rejected: 0,
  time: null,
  percentage: '30'
}
[0mPOST /eightbasics [32m200 [0m1.679 ms - -[0m
{
  id: null,
  idUser: '14562',
  name: 'Aaneii Mam Kings Scl',
  initial: 'A',
  phone: '+919952038158',
  email: 'sam@gmail.com',
  info: 1,
  inwait: 0,
  plan: 0,
  closer: 0,
  rejected: 0,
  time: null,
  percentage: '30'
}
[0mPOST /eightbasics [32m200 [0m2.343 ms - -[0m
[0mPOST /relationship [32m200 [0m1.244 ms - -[0m
[0mGET /relationship [32m200 [0m2447.473 ms - 26[0m
output generated
[0mGET /eightbasics/getInfoList [32m200 [0m9.017 ms - 24608[0m
output generated
[0mPOST /relationship [32m200 [0m1002.890 ms - -[0m
[0mGET /eightbasics/getInfoList [32m200 [0m892.271 ms - 24608[0m
output generated
600535
[0mDELETE /eightbasics/600535/delete [32m200 [0m62.683 ms - -[0m
600536
[0mDELETE /eightbasics/600536/delete [32m200 [0m1.515 ms - -[0m
600537
[0mDELETE /eightbasics/600537/delete [32m200 [0m18.464 ms - -[0m
[0mPOST /relationship [32m200 [0m1.830 ms - -[0m
[0mGET /relationship [32m200 [0m1801.344 ms - 26[0m
output generated
[0mGET /eightbasics/getInfoList [32m200 [0m9.926 ms - 24001[0m
output generated
600442
[0mDELETE /eightbasics/600442/delete [32m200 [0m1.700 ms - -[0m
600443
[0mDELETE /eightbasics/600443/delete [32m200 [0m1.648 ms - -[0m
[0mPOST /relationship [32m200 [0m1.445 ms - -[0m
[0mGET /eightbasics/getInfoList [32m200 [0m13.996 ms - 23586[0m
output generated
[0mGET /relationship [32m200 [0m2037.311 ms - 26[0m
output generated
[0mGET /profile/profileid?name=Lokesh+Mams+Mech [32m200 [0m440.668 ms - 26[0m
output generated
[0mGET /details/detailList?name=Lokesh+Mams+Mech [32m200 [0m58.924 ms - 26[0m
output generated
[0mGET /profile/profileid?name=Keshav+Mobile+Scl+New [32m200 [0m61.444 ms - 26[0m
[0mGET /details/detailList?name=Keshav+Mobile+Scl+New [32m200 [0m61.446 ms - 26[0m
output generated
output generated
[0mGET /profile/profileid?name=Keshav+Mobile+Scl+New [32m200 [0m6.393 ms - 26[0m
output generated
[0mGET /profile/profileid?name=Keshav+Mobile+Scl+New [32m200 [0m2.792 ms - 26[0m
output generated
[0mPOST /details/insertdetails [32m200 [0m35.969 ms - 8[0m
[0mGET /profile/profileid?name=Keshav+Mobile+Scl+New [32m200 [0m2.727 ms - 26[0m
output generated
[0mGET /details/detailList?name=Keshav+Mobile+Scl+New [32m200 [0m4.569 ms - 156[0m
output generated
[0mGET /profile/profileid?name=Keshav+Mobile+Scl+New [32m200 [0m5.053 ms - 26[0m
output generated
[0mPOST /login?email=sambatharjunan%40gmail.com&password=979097998 [32m200 [0m3.302 ms - 168[0m
output generated
[0mGET /eightbasics/getInfoList [32m200 [0m34.150 ms - 23586[0m
output generated
[0mPOST /login/getKey?email=sambatharjunan%40gmail.com [32m200 [0m6.695 ms - 133[0m
[0mPOST /login?email=sambatharjunan%40gmail.com&password=9790979908 [32m200 [0m3.586 ms - 168[0m
output generated
[0mGET /eightbasics/getInfoList [32m200 [0m10.176 ms - 23586[0m
output generated
[0mGET /details/detailList?name=Azar+Scl+5th [32m200 [0m3.575 ms - 408[0m
output generated
[0mGET /profile/profileid?name=Azar+Scl+5th [32m200 [0m3.451 ms - 204[0m
output generated
[0mGET /profile/profileid?name=Azar+Scl+5th [32m200 [0m2.826 ms - 204[0m
output generated
[0mGET /profile/profileid?name=Azar+Scl+5th [32m200 [0m2.869 ms - 204[0m
output generated
[0mGET /profile/profileid?name=Azar+Scl+5th [32m200 [0m2.741 ms - 204[0m
output generated
[0mGET /profile/profileid?name=Azar+Scl+5th [32m200 [0m2.872 ms - 204[0m
output generated
[0mPOST /details/insertdetails [32m200 [0m1.702 ms - 8[0m
[0mGET /profile/profileid?name=Azar+Scl+5th [32m200 [0m2.841 ms - 204[0m
output generated
