db connected
[0mPOST /login/getKey?email=sambatharjunan%40gmail.com [32m200 [0m263.160 ms - 133[0m
[0mPOST /login?email=sambatharjunan%40gmail.com&password=9790979908 [32m200 [0m134.829 ms - 168[0m
output generated
[0mGET /eightbasics/getInfoList [32m200 [0m69.306 ms - 1459[0m
output generated
[0mGET /profile/profileid?name=3year+Dharani [32m200 [0m63.851 ms - 26[0m
[0mGET /details/detailList?name=3year+Dharani [32m200 [0m124.504 ms - 161[0m
output generated
output generated
[0mGET /eightbasics/getInwaitList [32m200 [0m6.527 ms - 4249[0m
output generated
[0mGET /eightbasics/getPlanList [32m200 [0m5.108 ms - 626[0m
output generated
[0mGET /eightbasics/getCloserList [32m200 [0m4.190 ms - 634[0m
output generated
Server is ready to take our messages
Email successfully sent!
[0mGET / [32m200 [0m2057.241 ms - 1087[0m
[0mGET /favicon.ico [33m404 [0m9454.899 ms - 1921[0m
[0mGET / [32m200 [0m2.909 ms - 1087[0m
[0mPUT /eightbasics?type=2&percentage=40 [32m200 [0m3208.860 ms - -[0m
[0mPOST /relationship [32m200 [0m415.957 ms - -[0m
[0mGET /eightbasics/getInfoList [32m200 [0m392.731 ms - 1256[0m
[0mGET /eightbasics/getInwaitList [32m200 [0m782.519 ms - 4452[0m
output generated
output generated
[0mPOST /login/getKey?email=sambatharjunan%40gmail.com [32m200 [0m1113.394 ms - 133[0m
[0mPOST /login/getKey?email=sambatharjunan%40gmail.com [32m200 [0m469.795 ms - 133[0m
[0mPOST /login?email=sambatharjunan%40gmail.com&password=9790979908 [32m200 [0m331.275 ms - 168[0m
output generated
[0mGET /eightbasics/getInfoList [32m200 [0m212.394 ms - 1256[0m
output generated
[0mGET /eightbasics/getCloserList [32m200 [0m49.820 ms - 634[0m
output generated
[0mGET /eightbasics/getCloserList [32m200 [0m16.326 ms - 634[0m
output generated
[0mGET /eightbasics/getCloserList [32m200 [0m53.293 ms - 634[0m
output generated
[0mGET /eightbasics/getCloserList [32m200 [0m3.639 ms - 634[0m
output generated
[0mGET /eightbasics/getPlanList [32m200 [0m4.009 ms - 626[0m
output generated
[0mGET /eightbasics/getInwaitList [32m200 [0m159.133 ms - 4255[0m
output generated
