db connected
[0mPOST /login/getKey?email=sambatharjunan%40gmail.com [32m200 [0m270.679 ms - 133[0m
[0mPOST /login?email=sambatharjunan%40gmail.com&password=9790979908 [32m200 [0m104.075 ms - 168[0m
output generated
[0mGET /eightbasics/getInfoList [32m200 [0m58.278 ms - 27536[0m
output generated
[0mGET /profile/profileid?name=Chidambaram+%3F%3F%3F%3F%3F%3F+Com+New [32m200 [0m88.190 ms - 26[0m
[0mGET /details/detailList?name=Chidambaram+%3F%3F%3F%3F%3F%3F+Com+New [32m200 [0m136.631 ms - 26[0m
output generated
output generated
[0mGET /profile/profileid?name=Chidambaram+%3F%3F%3F%3F%3F%3F+Com+New [32m200 [0m3.300 ms - 26[0m
output generated
[0mGET /profile/profileid?name=Chidambaram+%3F%3F%3F%3F%3F%3F+Com+New [32m200 [0m3.240 ms - 26[0m
output generated
[0mGET /profile/profileid?name=Chidambaram+%3F%3F%3F%3F%3F%3F+Com+New [32m200 [0m3.147 ms - 26[0m
output generated
[0mPOST /details/insertdetails [32m200 [0m390.268 ms - 8[0m
[0mGET /profile/profileid?name=Chidambaram+%3F%3F%3F%3F%3F%3F+Com+New [32m200 [0m3.070 ms - 26[0m
output generated
[0mGET /profile/profileid?name=Chidambaram+%3F%3F%3F%3F%3F%3F+Com+New [32m200 [0m3.108 ms - 26[0m
output generated
[0mGET /details/detailList?name=Chidambaram+%3F%3F%3F%3F%3F%3F+Com+New [32m200 [0m3.274 ms - 184[0m
output generated
[0mGET /profile/profileid?name=Bharathi+It+Secretory [32m200 [0m3.600 ms - 26[0m
[0mGET /details/detailList?name=Bharathi+It+Secretory [32m200 [0m4.912 ms - 26[0m
output generated
output generated
[0mGET /profile/profileid?name=Arun+Prasath+Eee [32m200 [0m2.939 ms - 26[0m
output generated
[0mGET /details/detailList?name=Arun+Prasath+Eee [32m200 [0m4.134 ms - 26[0m
output generated
[0mGET /profile/profileid?name=Arun+Prasath+Eee [32m200 [0m2.850 ms - 26[0m
output generated
[0mGET /profile/profileid?name=Arun+Prasath+Eee [32m200 [0m2.975 ms - 26[0m
output generated
[0mGET /profile/profileid?name=Arun+Prasath+Eee [32m200 [0m2.864 ms - 26[0m
output generated
[0mPOST /details/insertdetails [32m200 [0m1.310 ms - 8[0m
[0mGET /profile/profileid?name=Arun+Prasath+Eee [32m200 [0m2.962 ms - 26[0m
output generated
[0mPOST /relationship [32m200 [0m13.777 ms - -[0m
[0mGET /eightbasics/getInfoList [32m200 [0m221.585 ms - 27536[0m
output generated
[0mGET /eightbasics/getInfoList [32m200 [0m23.093 ms - 27127[0m
output generated
[0mPOST /relationship [32m200 [0m2.500 ms - -[0m
[0mGET /eightbasics/getInfoList [32m200 [0m50.765 ms - 27127[0m
output generated
[0mPOST /relationship [32m200 [0m1.683 ms - -[0m
[0mGET /relationship [32m200 [0m2303.203 ms - 641[0m
output generated
[0mGET /eightbasics/getInfoList [32m200 [0m12.822 ms - 27322[0m
output generated
[0mPOST /relationship [32m200 [0m2.330 ms - -[0m
Server is ready to take our messages
Email successfully sent!
[0mPOST /login/getKey?email=sambatharjunan%40gmail.com [32m200 [0m379.448 ms - 133[0m
[0mPOST /login?email=sambatharjunan%40gmail.com&password=9799979908 [32m200 [0m254.798 ms - 168[0m
output generated
[0mGET /eightbasics/getInfoList [32m200 [0m38.795 ms - 27322[0m
output generated
[0mGET /goal?goaltype=1 [32m200 [0m2888.725 ms - 271[0m
output generated
62020-09-192020-09-20
[0mGET /getTimingDetails?category=6&from=2020-09-19&to=2020-09-20 [32m200 [0m98.924 ms - 434[0m
output generated
[0mGET /eightbasics/getInfoList [32m200 [0m11.542 ms - 27322[0m
output generated
[0mPOST /relationship [32m200 [0m44.805 ms - -[0m
[0mGET /relationship [32m200 [0m3702.146 ms - 443[0m
output generated
[0mGET /eightbasics/getInfoList [32m200 [0m13.210 ms - 27117[0m
output generated
[0mGET /goal?goaltype=1 [32m200 [0m101.739 ms - 271[0m
output generated
[0mGET /goal?goaltype=0 [32m200 [0m93.084 ms - 26[0m
output generated
62020-09-192020-09-20
[0mGET /getTimingDetails?category=6&from=2020-09-19&to=2020-09-20 [32m200 [0m5.446 ms - 434[0m
output generated
[0mGET /goal?goaltype=1 [32m200 [0m94.465 ms - 271[0m
output generated
{
  id: null,
  feeling: 'super excited',
  knowledge: 'do activities .dont be a guidee .be an aligner.',
  activity: '2 infio\n1. Elton bigbadket - B\n2. eee dilip - B',
  nextdayplan: 'plan confirmation . info, books ,rubica financial plan',
  goal: '39000',
  nextdream: 'KTM Bike',
  time: null
}
[0mPOST /one108 [32m200 [0m1624.781 ms - -[0m
enter
[0mGET /goal?goaltype=1 [32m200 [0m2985.064 ms - 271[0m
output generated
[0mGET /goal?goaltype=0 [32m200 [0m153.474 ms - 26[0m
output generated
[0mGET /eightbasics/getInfoList [32m200 [0m202.962 ms - 27117[0m
output generated
