db connected
Server is ready to take our messages
Email successfully sent!
[0mPOST /login/getKey?email=sambatharjunan%40gmail.com [32m200 [0m934.075 ms - 133[0m
[0mPOST /login/getKey?email=sambatharjunan%40gmail.com [32m200 [0m364.904 ms - 133[0m
[0mPOST /login?email=sambatharjunan%40gmail.com&password=9790979908 [32m200 [0m117.877 ms - 168[0m
output generated
[0mGET /eightbasics/getInfoList [32m200 [0m46.126 ms - 429[0m
output generated
[0mPUT /eightbasics?type=2&percentage=40 [32m200 [0m1181.436 ms - -[0m
[0mGET /eightbasics/getInwaitList [32m200 [0m56.403 ms - 4454[0m
output generated
600528
[0mDELETE /eightbasics/600528/delete [32m200 [0m1.716 ms - -[0m
[0mGET /allcontacts [32m200 [0m348.546 ms - 78854[0m
output generated
{
  id: null,
  idUser: '14037',
  name: 'Abishek Scl 10th',
  initial: 'A',
  phone: '944-586-1445',
  email: 'sam@gmail.com',
  info: 0,
  inwait: 1,
  plan: 0,
  closer: 0,
  rejected: 0,
  time: null,
  percentage: '40'
}
[0mPOST /eightbasics [32m200 [0m4.944 ms - -[0m
{
  id: null,
  idUser: '14037',
  name: 'Abishek Scl 10th',
  initial: 'A',
  phone: '944-586-1445',
  email: 'sam@gmail.com',
  info: 1,
  inwait: 0,
  plan: 0,
  closer: 0,
  rejected: 0,
  time: null,
  percentage: '30'
}
[0mPOST /eightbasics [32m200 [0m1.985 ms - -[0m
[0mPOST /relationship [32m200 [0m2.174 ms - -[0m
[0mGET /eightbasics/getInfoList [32m200 [0m3.678 ms - 224[0m
output generated
[0mGET /relationship [32m200 [0m412.933 ms - 26[0m
output generated
[0mGET /eightbasics/getInwaitList [32m200 [0m4.414 ms - 4454[0m
output generated
600529
[0mDELETE /eightbasics/600529/delete [32m200 [0m1.073 ms - -[0m
[0mGET /allcontacts [32m200 [0m84.258 ms - 78854[0m
output generated
{
  id: null,
  idUser: '14037',
  name: 'Abishek Scl 10th',
  initial: 'A',
  phone: '944-586-1445',
  email: 'sam@gmail.com',
  info: 1,
  inwait: 0,
  plan: 0,
  closer: 0,
  rejected: 0,
  time: null,
  percentage: '30'
}
[0mPOST /eightbasics [32m200 [0m1.738 ms - -[0m
[0mPOST /relationship [32m200 [0m1.237 ms - -[0m
[0mGET /eightbasics/getInfoList [32m200 [0m2.912 ms - 429[0m
output generated
[0mGET /relationship [32m200 [0m269.899 ms - 26[0m
output generated
[0mGET /allcontacts [32m200 [0m82.510 ms - 78764[0m
output generated
[0mPOST /login/getKey?email=sambatharjunan%40gmail.com [32m200 [0m143.375 ms - 133[0m
[0mPOST /login?email=sambatharjunan%40gmail.com&password=979097998 [32m200 [0m70.818 ms - 168[0m
output generated
[0mGET /eightbasics/getInfoList [32m200 [0m122.037 ms - 429[0m
output generated
[0mGET /allcontacts [32m200 [0m320.601 ms - 78764[0m
output generated
{
  id: null,
  idUser: '14074',
  name: '3year Dharani',
  initial: '3',
  phone: '+918220936213',
  email: 'sam@gmail.com',
  info: 1,
  inwait: 0,
  plan: 0,
  closer: 0,
  rejected: 0,
  time: null,
  percentage: '30'
}
[0mPOST /eightbasics [32m200 [0m60.766 ms - -[0m
{
  id: null,
  idUser: '14562',
  name: 'Aaneii Mam Kings Scl',
  initial: 'A',
  phone: '+919952038158',
  email: 'sam@gmail.com',
  info: 1,
  inwait: 0,
  plan: 0,
  closer: 0,
  rejected: 0,
  time: null,
  percentage: '30'
}
[0mPOST /eightbasics [32m200 [0m2.516 ms - -[0m
{
  id: null,
  idUser: '14288',
  name: 'Abi New Clg It B',
  initial: 'A',
  phone: '+918220802965',
  email: 'sam@gmail.com',
  info: 1,
  inwait: 0,
  plan: 0,
  closer: 0,
  rejected: 0,
  time: null,
  percentage: '30'
}
[0mPOST /eightbasics [32m200 [0m2.087 ms - -[0m
{
  id: null,
  idUser: '14785',
  name: 'Ajith Meshack Scl Comerce',
  initial: 'A',
  phone: '967-710-5928',
  email: 'sam@gmail.com',
  info: 1,
  inwait: 0,
  plan: 0,
  closer: 0,
  rejected: 0,
  time: null,
  percentage: '30'
}
[0mPOST /eightbasics [32m200 [0m1.587 ms - -[0m
{
  id: null,
  idUser: '13887',
  name: 'Akansha School',
  initial: 'A',
  phone: '+917358670715',
  email: 'sam@gmail.com',
  info: 1,
  inwait: 0,
  plan: 0,
  closer: 0,
  rejected: 0,
  time: null,
  percentage: '30'
}
[0mPOST /eightbasics [32m200 [0m1.551 ms - -[0m
{
  id: null,
  idUser: '14607',
  name: 'Akshya School',
  initial: 'A',
  phone: '+917871996303',
  email: 'sam@gmail.com',
  info: 1,
  inwait: 0,
  plan: 0,
  closer: 0,
  rejected: 0,
  time: null,
  percentage: '30'
}
[0mPOST /eightbasics [32m200 [0m1.569 ms - -[0m
[0mPOST /relationship [32m200 [0m1.688 ms - -[0m
[0mGET /eightbasics/getInfoList [32m200 [0m5.897 ms - 1669[0m
output generated
[0mGET /relationship [32m200 [0m338.367 ms - 26[0m
output generated
[0mPOST /relationship [32m200 [0m5.321 ms - -[0m
[0mGET /relationship [32m200 [0m1417.608 ms - 26[0m
output generated
[0mGET /eightbasics/getInfoList [32m200 [0m42.409 ms - 1459[0m
output generated
[0mPOST /relationship [32m200 [0m2.350 ms - -[0m
[0mGET /eightbasics/getInfoList [32m200 [0m3.624 ms - 1459[0m
output generated
[0mGET /relationship [32m200 [0m737.505 ms - 26[0m
output generated
[0mPOST /relationship [32m200 [0m1.717 ms - -[0m
[0mGET /relationship [32m200 [0m1317.749 ms - 26[0m
output generated
[0mGET /eightbasics/getInfoList [32m200 [0m41.595 ms - 1459[0m
output generated
[0mPOST /relationship [32m200 [0m1.390 ms - -[0m
[0mGET /relationship [32m200 [0m575.738 ms - 26[0m
output generated
[0mGET /eightbasics/getRejectedList [32m200 [0m76.498 ms - 1643[0m
output generated
[0mGET /getTrackingList [32m200 [0m322.180 ms - 6180[0m
output generated
[0mGET /calllog [32m200 [0m38.746 ms - 20614[0m
output generated
[0mGET /eightbasics/getInfoList [32m200 [0m3.136 ms - 1459[0m
output generated
