db connected
[0mPOST /login/getKey?email=sambatharjunan%40gmail.com [32m200 [0m689.001 ms - 133[0m
[0mPOST /login/getKey?email=sambatharjunan%40gmail.com [32m200 [0m1.727 ms - 133[0m
[0mPOST /login?email=sambatharjunan%40gmail.com&password=9790979908 [32m200 [0m641.561 ms - 168[0m
output generated
[0mGET /eightbasics/getInfoList [32m200 [0m470.258 ms - 4645[0m
output generated
[0mGET /eightbasics/getPlanList [32m200 [0m300.551 ms - 4645[0m
[0mGET /eightbasics/getCloserList [32m200 [0m290.599 ms - 4645[0m
output generated
output generated
[0mGET /eightbasics/getPlanList [32m200 [0m5.205 ms - 4645[0m
output generated
[0mGET /eightbasics/getPlanList [32m200 [0m5.141 ms - 4645[0m
output generated
[0mGET /eightbasics/getInwaitList [32m200 [0m32.717 ms - 1247[0m
output generated
[0mPOST /relationship [32m200 [0m261.516 ms - -[0m
[0mGET /eightbasics/getRejectedList [32m200 [0m280.590 ms - 1643[0m
output generated
[0mGET /relationship [32m200 [0m3330.550 ms - 26[0m
output generated
[0mGET /eightbasics/getInfoList [32m200 [0m62.843 ms - 4645[0m
output generated
[0mPOST /relationship [32m200 [0m1.512 ms - -[0m
[0mGET /eightbasics/getRejectedList [32m200 [0m103.533 ms - 4644[0m
output generated
[0mGET /relationship [32m200 [0m1784.610 ms - 26[0m
output generated
