ER_TRUNCATED_WRONG_VALUE_FOR_FIELD: Incorrect string value: '\xF0\x9F\x98\x8D' for column 'name' at row 1
ER_TRUNCATED_WRONG_VALUE_FOR_FIELD: Incorrect string value: '\xF0\x9F\x92\x96??...' for column 'name' at row 1
ER_TRUNCATED_WRONG_VALUE_FOR_FIELD: Incorrect string value: '\xF0\x9F\x92\x96??...' for column 'name' at row 1
ER_TRUNCATED_WRONG_VALUE_FOR_FIELD: Incorrect string value: '\xF0\x9F\x98\x8D??...' for column 'name' at row 1
ER_TRUNCATED_WRONG_VALUE_FOR_FIELD: Incorrect string value: '\xF0\x9F\x91\xAC s...' for column 'name' at row 1
ER_TRUNCATED_WRONG_VALUE_FOR_FIELD: Incorrect string value: '\xF0\x9F\x92\xAA? ...' for column 'name' at row 1
ER_TRUNCATED_WRONG_VALUE_FOR_FIELD: Incorrect string value: '\xF0\x9F\x98\x8D' for column 'name' at row 1
events.js:292
      throw er; // Unhandled 'error' event
      ^

Error: Connection lost: The server closed the connection.
    at Protocol.end (C:\Users\sam\Desktop\js\Rest_services\myapp\node_modules\mysql\lib\protocol\Protocol.js:112:13)
    at Socket.<anonymous> (C:\Users\sam\Desktop\js\Rest_services\myapp\node_modules\mysql\lib\Connection.js:94:28)
    at Socket.<anonymous> (C:\Users\sam\Desktop\js\Rest_services\myapp\node_modules\mysql\lib\Connection.js:526:10)
    at Socket.emit (events.js:327:22)
    at endReadableNT (_stream_readable.js:1220:12)
    at processTicksAndRejections (internal/process/task_queues.js:84:21)
Emitted 'error' event on Connection instance at:
    at Connection._handleProtocolError (C:\Users\sam\Desktop\js\Rest_services\myapp\node_modules\mysql\lib\Connection.js:423:8)
    at Protocol.emit (events.js:315:20)
    at Protocol._delegateError (C:\Users\sam\Desktop\js\Rest_services\myapp\node_modules\mysql\lib\protocol\Protocol.js:398:10)
    at Protocol.end (C:\Users\sam\Desktop\js\Rest_services\myapp\node_modules\mysql\lib\protocol\Protocol.js:116:8)
    at Socket.<anonymous> (C:\Users\sam\Desktop\js\Rest_services\myapp\node_modules\mysql\lib\Connection.js:94:28)
    [... lines matching original stack trace ...]
    at processTicksAndRejections (internal/process/task_queues.js:84:21) {
  fatal: true,
  code: 'PROTOCOL_CONNECTION_LOST'
}
