ER_DATA_TOO_LONG: Data too long for column 'phone' at row 1
ER_DATA_TOO_LONG: Data too long for column 'phone' at row 1
ER_DATA_TOO_LONG: Data too long for column 'phone' at row 1
ER_DATA_TOO_LONG: Data too long for column 'phone' at row 1
ER_DATA_TOO_LONG: Data too long for column 'phone' at row 1
ER_DATA_TOO_LONG: Data too long for column 'phone' at row 1
ER_DATA_TOO_LONG: Data too long for column 'phone' at row 1
ER_DATA_TOO_LONG: Data too long for column 'phone' at row 1
ER_DATA_TOO_LONG: Data too long for column 'phone' at row 1
ER_DATA_TOO_LONG: Data too long for column 'phone' at row 1
ER_DATA_TOO_LONG: Data too long for column 'phone' at row 1
ER_DATA_TOO_LONG: Data too long for column 'phone' at row 1
ER_DATA_TOO_LONG: Data too long for column 'phone' at row 1
ER_DATA_TOO_LONG: Data too long for column 'phone' at row 1
ER_DATA_TOO_LONG: Data too long for column 'phone' at row 1
ER_DATA_TOO_LONG: Data too long for column 'phone' at row 1
ER_DATA_TOO_LONG: Data too long for column 'phone' at row 1
ER_DATA_TOO_LONG: Data too long for column 'phone' at row 1
ER_TRUNCATED_WRONG_VALUE_FOR_FIELD: Incorrect string value: '\xF0\x9F\x98\x98\xF0\x9F...' for column 'name' at row 1
ER_TRUNCATED_WRONG_VALUE_FOR_FIELD: Incorrect string value: '\xF0\x9F\x98\x98\xF0\x9F...' for column 'name' at row 1
ER_DATA_TOO_LONG: Data too long for column 'phone' at row 1
ER_DATA_TOO_LONG: Data too long for column 'phone' at row 1
ER_DATA_TOO_LONG: Data too long for column 'phone' at row 1
ER_DATA_TOO_LONG: Data too long for column 'phone' at row 1
ER_DATA_TOO_LONG: Data too long for column 'phone' at row 1
ER_DATA_TOO_LONG: Data too long for column 'phone' at row 1
ER_DATA_TOO_LONG: Data too long for column 'phone' at row 1
ER_TRUNCATED_WRONG_VALUE_FOR_FIELD: Incorrect string value: '\xF0\x9F\xA4\xA3\xF0\x9F...' for column 'name' at row 1
ER_DATA_TOO_LONG: Data too long for column 'phone' at row 1
ER_DATA_TOO_LONG: Data too long for column 'phone' at row 1
ER_TRUNCATED_WRONG_VALUE_FOR_FIELD: Incorrect string value: '\xF0\x9F\x92\x96an...' for column 'name' at row 1
ER_DATA_TOO_LONG: Data too long for column 'phone' at row 1
ER_TRUNCATED_WRONG_VALUE_FOR_FIELD: Incorrect string value: '\xF0\x9F\x98\x8D' for column 'name' at row 1
ER_TRUNCATED_WRONG_VALUE_FOR_FIELD: Incorrect string value: '\xF0\x9F\x92\x96??...' for column 'name' at row 1
ER_TRUNCATED_WRONG_VALUE_FOR_FIELD: Incorrect string value: '\xF0\x9F\x92\x96??...' for column 'name' at row 1
ER_TRUNCATED_WRONG_VALUE_FOR_FIELD: Incorrect string value: '\xF0\x9F\x98\x8D??...' for column 'name' at row 1
ER_TRUNCATED_WRONG_VALUE_FOR_FIELD: Incorrect string value: '\xF0\x9F\x91\xAC s...' for column 'name' at row 1
ER_TRUNCATED_WRONG_VALUE_FOR_FIELD: Incorrect string value: '\xF0\x9F\x92\xAA? ...' for column 'name' at row 1
ER_TRUNCATED_WRONG_VALUE_FOR_FIELD: Incorrect string value: '\xF0\x9F\x98\x8D' for column 'name' at row 1
ER_TRUNCATED_WRONG_VALUE_FOR_FIELD: Incorrect string value: '\xF0\x9F\x98\x8D' for column 'name' at row 1
ER_TRUNCATED_WRONG_VALUE_FOR_FIELD: Incorrect string value: '\xF0\x9F\x92\x96??...' for column 'name' at row 1
ER_TRUNCATED_WRONG_VALUE_FOR_FIELD: Incorrect string value: '\xF0\x9F\x92\x96??...' for column 'name' at row 1
ER_TRUNCATED_WRONG_VALUE_FOR_FIELD: Incorrect string value: '\xF0\x9F\x98\x8D??...' for column 'name' at row 1
ER_TRUNCATED_WRONG_VALUE_FOR_FIELD: Incorrect string value: '\xF0\x9F\x91\xAC s...' for column 'name' at row 1
ER_TRUNCATED_WRONG_VALUE_FOR_FIELD: Incorrect string value: '\xF0\x9F\x92\xAA? ...' for column 'name' at row 1
ER_TRUNCATED_WRONG_VALUE_FOR_FIELD: Incorrect string value: '\xF0\x9F\x98\x8D' for column 'name' at row 1
ER_TRUNCATED_WRONG_VALUE_FOR_FIELD: Incorrect string value: '\xF0\x9F\x98\x8D' for column 'name' at row 1
ER_TRUNCATED_WRONG_VALUE_FOR_FIELD: Incorrect string value: '\xF0\x9F\x92\x96??...' for column 'name' at row 1
ER_TRUNCATED_WRONG_VALUE_FOR_FIELD: Incorrect string value: '\xF0\x9F\x92\x96??...' for column 'name' at row 1
ER_TRUNCATED_WRONG_VALUE_FOR_FIELD: Incorrect string value: '\xF0\x9F\x98\x8D??...' for column 'name' at row 1
ER_TRUNCATED_WRONG_VALUE_FOR_FIELD: Incorrect string value: '\xF0\x9F\x91\xAC s...' for column 'name' at row 1
ER_TRUNCATED_WRONG_VALUE_FOR_FIELD: Incorrect string value: '\xF0\x9F\x92\xAA? ...' for column 'name' at row 1
ER_TRUNCATED_WRONG_VALUE_FOR_FIELD: Incorrect string value: '\xF0\x9F\x98\x8D' for column 'name' at row 1
ER_TRUNCATED_WRONG_VALUE_FOR_FIELD: Incorrect string value: '\xF0\x9F\x98\x8D' for column 'name' at row 1
ER_TRUNCATED_WRONG_VALUE_FOR_FIELD: Incorrect string value: '\xF0\x9F\x92\x96??...' for column 'name' at row 1
ER_TRUNCATED_WRONG_VALUE_FOR_FIELD: Incorrect string value: '\xF0\x9F\x92\x96??...' for column 'name' at row 1
ER_TRUNCATED_WRONG_VALUE_FOR_FIELD: Incorrect string value: '\xF0\x9F\x98\x8D??...' for column 'name' at row 1
ER_TRUNCATED_WRONG_VALUE_FOR_FIELD: Incorrect string value: '\xF0\x9F\x91\xAC s...' for column 'name' at row 1
ER_TRUNCATED_WRONG_VALUE_FOR_FIELD: Incorrect string value: '\xF0\x9F\x92\xAA? ...' for column 'name' at row 1
ER_TRUNCATED_WRONG_VALUE_FOR_FIELD: Incorrect string value: '\xF0\x9F\x98\x8D' for column 'name' at row 1
ER_TRUNCATED_WRONG_VALUE_FOR_FIELD: Incorrect string value: '\xF0\x9F\x98\x8D' for column 'name' at row 1
ER_TRUNCATED_WRONG_VALUE_FOR_FIELD: Incorrect string value: '\xF0\x9F\x92\x96??...' for column 'name' at row 1
ER_TRUNCATED_WRONG_VALUE_FOR_FIELD: Incorrect string value: '\xF0\x9F\x92\x96??...' for column 'name' at row 1
ER_TRUNCATED_WRONG_VALUE_FOR_FIELD: Incorrect string value: '\xF0\x9F\x98\x8D??...' for column 'name' at row 1
ER_TRUNCATED_WRONG_VALUE_FOR_FIELD: Incorrect string value: '\xF0\x9F\x91\xAC s...' for column 'name' at row 1
ER_TRUNCATED_WRONG_VALUE_FOR_FIELD: Incorrect string value: '\xF0\x9F\x92\xAA? ...' for column 'name' at row 1
ER_TRUNCATED_WRONG_VALUE_FOR_FIELD: Incorrect string value: '\xF0\x9F\x98\x8D' for column 'name' at row 1
ER_TRUNCATED_WRONG_VALUE_FOR_FIELD: Incorrect string value: '\xF0\x9F\x98\x8D' for column 'name' at row 1
ER_TRUNCATED_WRONG_VALUE_FOR_FIELD: Incorrect string value: '\xF0\x9F\x92\x96??...' for column 'name' at row 1
ER_TRUNCATED_WRONG_VALUE_FOR_FIELD: Incorrect string value: '\xF0\x9F\x92\x96??...' for column 'name' at row 1
ER_TRUNCATED_WRONG_VALUE_FOR_FIELD: Incorrect string value: '\xF0\x9F\x98\x8D??...' for column 'name' at row 1
ER_TRUNCATED_WRONG_VALUE_FOR_FIELD: Incorrect string value: '\xF0\x9F\x91\xAC s...' for column 'name' at row 1
ER_TRUNCATED_WRONG_VALUE_FOR_FIELD: Incorrect string value: '\xF0\x9F\x92\xAA? ...' for column 'name' at row 1
ER_TRUNCATED_WRONG_VALUE_FOR_FIELD: Incorrect string value: '\xF0\x9F\x98\x8D' for column 'name' at row 1
ER_TRUNCATED_WRONG_VALUE_FOR_FIELD: Incorrect string value: '\xF0\x9F\x98\x8D' for column 'name' at row 1
ER_TRUNCATED_WRONG_VALUE_FOR_FIELD: Incorrect string value: '\xF0\x9F\x92\x96??...' for column 'name' at row 1
ER_TRUNCATED_WRONG_VALUE_FOR_FIELD: Incorrect string value: '\xF0\x9F\x92\x96??...' for column 'name' at row 1
ER_TRUNCATED_WRONG_VALUE_FOR_FIELD: Incorrect string value: '\xF0\x9F\x98\x8D??...' for column 'name' at row 1
ER_TRUNCATED_WRONG_VALUE_FOR_FIELD: Incorrect string value: '\xF0\x9F\x91\xAC s...' for column 'name' at row 1
ER_TRUNCATED_WRONG_VALUE_FOR_FIELD: Incorrect string value: '\xF0\x9F\x92\xAA? ...' for column 'name' at row 1
ER_TRUNCATED_WRONG_VALUE_FOR_FIELD: Incorrect string value: '\xF0\x9F\x98\x8D' for column 'name' at row 1
^C