C:\Users\samba\Desktop\crm_server\js\Rest_services\myapp\node_modules\mysql\lib\protocol\Parser.js:437
      throw err; // Rethrow non-MySQL errors
      ^

ReferenceError: req is not defined
    at Query.<anonymous> (C:\Users\samba\Desktop\crm_server\js\Rest_services\myapp\controllers\loginController.js:95:17)
    at Query.<anonymous> (C:\Users\samba\Desktop\crm_server\js\Rest_services\myapp\node_modules\mysql\lib\Connection.js:526:10)
    at Query._callback (C:\Users\samba\Desktop\crm_server\js\Rest_services\myapp\node_modules\mysql\lib\Connection.js:488:16)
    at Query.Sequence.end (C:\Users\samba\Desktop\crm_server\js\Rest_services\myapp\node_modules\mysql\lib\protocol\sequences\Sequence.js:83:24)
    at Query._handleFinalResultPacket (C:\Users\samba\Desktop\crm_server\js\Rest_services\myapp\node_modules\mysql\lib\protocol\sequences\Query.js:149:8)
    at Query.EofPacket (C:\Users\samba\Desktop\crm_server\js\Rest_services\myapp\node_modules\mysql\lib\protocol\sequences\Query.js:133:8)
    at Protocol._parsePacket (C:\Users\samba\Desktop\crm_server\js\Rest_services\myapp\node_modules\mysql\lib\protocol\Protocol.js:291:23)
    at Parser._parsePacket (C:\Users\samba\Desktop\crm_server\js\Rest_services\myapp\node_modules\mysql\lib\protocol\Parser.js:433:10)
    at Parser.write (C:\Users\samba\Desktop\crm_server\js\Rest_services\myapp\node_modules\mysql\lib\protocol\Parser.js:43:10)
    at Protocol.write (C:\Users\samba\Desktop\crm_server\js\Rest_services\myapp\node_modules\mysql\lib\protocol\Protocol.js:38:16)
    at Socket.<anonymous> (C:\Users\samba\Desktop\crm_server\js\Rest_services\myapp\node_modules\mysql\lib\Connection.js:88:28)
    at Socket.<anonymous> (C:\Users\samba\Desktop\crm_server\js\Rest_services\myapp\node_modules\mysql\lib\Connection.js:526:10)
    at Socket.emit (events.js:315:20)
    at addChunk (_stream_readable.js:309:12)
    at readableAddChunk (_stream_readable.js:284:9)
    at Socket.Readable.push (_stream_readable.js:223:10)
